[2024-08-31T00:54:04.349+0000] {local_task_job_runner.py:120} INFO - ::group::Pre task execution logs
[2024-08-31T00:54:04.397+0000] {taskinstance.py:2076} INFO - Dependencies all met for dep_context=non-requeueable deps ti=<TaskInstance: olist_dag.extract_data scheduled__2023-04-02T00:00:00+00:00 [queued]>
[2024-08-31T00:54:04.420+0000] {taskinstance.py:2076} INFO - Dependencies all met for dep_context=requeueable deps ti=<TaskInstance: olist_dag.extract_data scheduled__2023-04-02T00:00:00+00:00 [queued]>
[2024-08-31T00:54:04.422+0000] {taskinstance.py:2306} INFO - Starting attempt 2 of 2
[2024-08-31T00:54:04.457+0000] {taskinstance.py:2330} INFO - Executing <Task(PythonOperator): extract_data> on 2023-04-02 00:00:00+00:00
[2024-08-31T00:54:04.473+0000] {warnings.py:112} WARNING - /home/***/.local/lib/python3.12/site-packages/***/task/task_runner/standard_task_runner.py:62: DeprecationWarning: This process (pid=410) is multi-threaded, use of fork() may lead to deadlocks in the child.
  pid = os.fork()

[2024-08-31T00:54:04.476+0000] {standard_task_runner.py:64} INFO - Started process 452 to run task
[2024-08-31T00:54:04.476+0000] {standard_task_runner.py:90} INFO - Running: ['***', 'tasks', 'run', 'olist_dag', 'extract_data', 'scheduled__2023-04-02T00:00:00+00:00', '--job-id', '32', '--raw', '--subdir', 'DAGS_FOLDER/elt_dag.py', '--cfg-path', '/tmp/tmphik9pe57']
[2024-08-31T00:54:04.489+0000] {standard_task_runner.py:91} INFO - Job 32: Subtask extract_data
[2024-08-31T00:54:04.576+0000] {task_command.py:426} INFO - Running <TaskInstance: olist_dag.extract_data scheduled__2023-04-02T00:00:00+00:00 [running]> on host ad3e56ef573e
[2024-08-31T00:54:04.779+0000] {taskinstance.py:2648} INFO - Exporting env vars: AIRFLOW_CTX_DAG_OWNER='***' AIRFLOW_CTX_DAG_ID='olist_dag' AIRFLOW_CTX_TASK_ID='extract_data' AIRFLOW_CTX_EXECUTION_DATE='2023-04-02T00:00:00+00:00' AIRFLOW_CTX_TRY_NUMBER='2' AIRFLOW_CTX_DAG_RUN_ID='scheduled__2023-04-02T00:00:00+00:00'
[2024-08-31T00:54:04.782+0000] {taskinstance.py:430} INFO - ::endgroup::
[2024-08-31T00:54:04.786+0000] {taskinstance.py:441} INFO - ::group::Post task execution logs
[2024-08-31T00:54:04.787+0000] {taskinstance.py:2905} ERROR - Task failed with exception
Traceback (most recent call last):
  File "/home/airflow/.local/lib/python3.12/site-packages/airflow/models/taskinstance.py", line 465, in _execute_task
    result = _execute_callable(context=context, **execute_callable_kwargs)
             ^^^^^^^^^^^^^^^^^^^^^^^^^^^^^^^^^^^^^^^^^^^^^^^^^^^^^^^^^^^^^
  File "/home/airflow/.local/lib/python3.12/site-packages/airflow/models/taskinstance.py", line 432, in _execute_callable
    return execute_callable(context=context, **execute_callable_kwargs)
           ^^^^^^^^^^^^^^^^^^^^^^^^^^^^^^^^^^^^^^^^^^^^^^^^^^^^^^^^^^^^
  File "/home/airflow/.local/lib/python3.12/site-packages/airflow/models/baseoperator.py", line 401, in wrapper
    return func(self, *args, **kwargs)
           ^^^^^^^^^^^^^^^^^^^^^^^^^^^
  File "/home/airflow/.local/lib/python3.12/site-packages/airflow/operators/python.py", line 235, in execute
    return_value = self.execute_callable()
                   ^^^^^^^^^^^^^^^^^^^^^^^
  File "/home/airflow/.local/lib/python3.12/site-packages/airflow/operators/python.py", line 252, in execute_callable
    return self.python_callable(*self.op_args, **self.op_kwargs)
           ^^^^^^^^^^^^^^^^^^^^^^^^^^^^^^^^^^^^^^^^^^^^^^^^^^^^^
  File "/opt/airflow/dags/elt_dag.py", line 23, in extract_data
    from src.extract import extract
ModuleNotFoundError: No module named 'src'
[2024-08-31T00:54:04.812+0000] {taskinstance.py:1206} INFO - Marking task as FAILED. dag_id=olist_dag, task_id=extract_data, run_id=scheduled__2023-04-02T00:00:00+00:00, execution_date=20230402T000000, start_date=20240831T005404, end_date=20240831T005404
[2024-08-31T00:54:04.840+0000] {standard_task_runner.py:110} ERROR - Failed to execute job 32 for task extract_data (No module named 'src'; 452)
[2024-08-31T00:54:04.899+0000] {local_task_job_runner.py:243} INFO - Task exited with return code 1
[2024-08-31T00:54:04.946+0000] {taskinstance.py:3503} INFO - 0 downstream tasks scheduled from follow-on schedule check
[2024-08-31T00:54:04.955+0000] {local_task_job_runner.py:222} INFO - ::endgroup::
[2024-08-31T01:50:14.816+0000] {local_task_job_runner.py:120} INFO - ::group::Pre task execution logs
[2024-08-31T01:50:14.882+0000] {taskinstance.py:2076} INFO - Dependencies all met for dep_context=non-requeueable deps ti=<TaskInstance: olist_dag.extract_data scheduled__2023-04-02T00:00:00+00:00 [queued]>
[2024-08-31T01:50:14.901+0000] {taskinstance.py:2076} INFO - Dependencies all met for dep_context=requeueable deps ti=<TaskInstance: olist_dag.extract_data scheduled__2023-04-02T00:00:00+00:00 [queued]>
[2024-08-31T01:50:14.902+0000] {taskinstance.py:2306} INFO - Starting attempt 2 of 2
[2024-08-31T01:50:14.952+0000] {taskinstance.py:2330} INFO - Executing <Task(PythonOperator): extract_data> on 2023-04-02 00:00:00+00:00
[2024-08-31T01:50:14.978+0000] {warnings.py:112} WARNING - /home/***/.local/lib/python3.12/site-packages/***/task/task_runner/standard_task_runner.py:62: DeprecationWarning: This process (pid=298) is multi-threaded, use of fork() may lead to deadlocks in the child.
  pid = os.fork()

[2024-08-31T01:50:14.984+0000] {standard_task_runner.py:64} INFO - Started process 327 to run task
[2024-08-31T01:50:14.982+0000] {standard_task_runner.py:90} INFO - Running: ['***', 'tasks', 'run', 'olist_dag', 'extract_data', 'scheduled__2023-04-02T00:00:00+00:00', '--job-id', '23', '--raw', '--subdir', 'DAGS_FOLDER/elt_dag.py', '--cfg-path', '/tmp/tmpeo8zlrb5']
[2024-08-31T01:50:14.988+0000] {standard_task_runner.py:91} INFO - Job 23: Subtask extract_data
[2024-08-31T01:50:15.131+0000] {task_command.py:426} INFO - Running <TaskInstance: olist_dag.extract_data scheduled__2023-04-02T00:00:00+00:00 [running]> on host dde48ad7e5a8
[2024-08-31T01:50:15.433+0000] {taskinstance.py:2648} INFO - Exporting env vars: AIRFLOW_CTX_DAG_OWNER='***' AIRFLOW_CTX_DAG_ID='olist_dag' AIRFLOW_CTX_TASK_ID='extract_data' AIRFLOW_CTX_EXECUTION_DATE='2023-04-02T00:00:00+00:00' AIRFLOW_CTX_TRY_NUMBER='2' AIRFLOW_CTX_DAG_RUN_ID='scheduled__2023-04-02T00:00:00+00:00'
[2024-08-31T01:50:15.443+0000] {taskinstance.py:430} INFO - ::endgroup::
[2024-08-31T01:50:15.457+0000] {taskinstance.py:441} INFO - ::group::Post task execution logs
[2024-08-31T01:50:15.459+0000] {taskinstance.py:2905} ERROR - Task failed with exception
Traceback (most recent call last):
  File "/home/airflow/.local/lib/python3.12/site-packages/airflow/models/taskinstance.py", line 465, in _execute_task
    result = _execute_callable(context=context, **execute_callable_kwargs)
             ^^^^^^^^^^^^^^^^^^^^^^^^^^^^^^^^^^^^^^^^^^^^^^^^^^^^^^^^^^^^^
  File "/home/airflow/.local/lib/python3.12/site-packages/airflow/models/taskinstance.py", line 432, in _execute_callable
    return execute_callable(context=context, **execute_callable_kwargs)
           ^^^^^^^^^^^^^^^^^^^^^^^^^^^^^^^^^^^^^^^^^^^^^^^^^^^^^^^^^^^^
  File "/home/airflow/.local/lib/python3.12/site-packages/airflow/models/baseoperator.py", line 401, in wrapper
    return func(self, *args, **kwargs)
           ^^^^^^^^^^^^^^^^^^^^^^^^^^^
  File "/home/airflow/.local/lib/python3.12/site-packages/airflow/operators/python.py", line 235, in execute
    return_value = self.execute_callable()
                   ^^^^^^^^^^^^^^^^^^^^^^^
  File "/home/airflow/.local/lib/python3.12/site-packages/airflow/operators/python.py", line 252, in execute_callable
    return self.python_callable(*self.op_args, **self.op_kwargs)
           ^^^^^^^^^^^^^^^^^^^^^^^^^^^^^^^^^^^^^^^^^^^^^^^^^^^^^
  File "/opt/airflow/dags/elt_dag.py", line 23, in extract_data
    from src.extract import extract
ModuleNotFoundError: No module named 'src'
[2024-08-31T01:50:15.511+0000] {taskinstance.py:1206} INFO - Marking task as FAILED. dag_id=olist_dag, task_id=extract_data, run_id=scheduled__2023-04-02T00:00:00+00:00, execution_date=20230402T000000, start_date=20240831T015014, end_date=20240831T015015
[2024-08-31T01:50:15.560+0000] {standard_task_runner.py:110} ERROR - Failed to execute job 23 for task extract_data (No module named 'src'; 327)
[2024-08-31T01:50:15.631+0000] {local_task_job_runner.py:243} INFO - Task exited with return code 1
[2024-08-31T01:50:15.687+0000] {taskinstance.py:3503} INFO - 0 downstream tasks scheduled from follow-on schedule check
[2024-08-31T01:50:15.702+0000] {local_task_job_runner.py:222} INFO - ::endgroup::
