[2024-08-31T00:54:00.189+0000] {local_task_job_runner.py:120} INFO - ::group::Pre task execution logs
[2024-08-31T00:54:00.292+0000] {taskinstance.py:2076} INFO - Dependencies all met for dep_context=non-requeueable deps ti=<TaskInstance: olist_dag.extract_data scheduled__2023-03-21T00:00:00+00:00 [queued]>
[2024-08-31T00:54:00.316+0000] {taskinstance.py:2076} INFO - Dependencies all met for dep_context=requeueable deps ti=<TaskInstance: olist_dag.extract_data scheduled__2023-03-21T00:00:00+00:00 [queued]>
[2024-08-31T00:54:00.320+0000] {taskinstance.py:2306} INFO - Starting attempt 2 of 2
[2024-08-31T00:54:00.378+0000] {taskinstance.py:2330} INFO - Executing <Task(PythonOperator): extract_data> on 2023-03-21 00:00:00+00:00
[2024-08-31T00:54:00.395+0000] {warnings.py:112} WARNING - /home/***/.local/lib/python3.12/site-packages/***/task/task_runner/standard_task_runner.py:62: DeprecationWarning: This process (pid=407) is multi-threaded, use of fork() may lead to deadlocks in the child.
  pid = os.fork()

[2024-08-31T00:54:00.400+0000] {standard_task_runner.py:64} INFO - Started process 441 to run task
[2024-08-31T00:54:00.402+0000] {standard_task_runner.py:90} INFO - Running: ['***', 'tasks', 'run', 'olist_dag', 'extract_data', 'scheduled__2023-03-21T00:00:00+00:00', '--job-id', '24', '--raw', '--subdir', 'DAGS_FOLDER/elt_dag.py', '--cfg-path', '/tmp/tmp7q87z_a1']
[2024-08-31T00:54:00.407+0000] {standard_task_runner.py:91} INFO - Job 24: Subtask extract_data
[2024-08-31T00:54:00.553+0000] {task_command.py:426} INFO - Running <TaskInstance: olist_dag.extract_data scheduled__2023-03-21T00:00:00+00:00 [running]> on host ad3e56ef573e
[2024-08-31T00:54:00.784+0000] {taskinstance.py:2648} INFO - Exporting env vars: AIRFLOW_CTX_DAG_OWNER='***' AIRFLOW_CTX_DAG_ID='olist_dag' AIRFLOW_CTX_TASK_ID='extract_data' AIRFLOW_CTX_EXECUTION_DATE='2023-03-21T00:00:00+00:00' AIRFLOW_CTX_TRY_NUMBER='2' AIRFLOW_CTX_DAG_RUN_ID='scheduled__2023-03-21T00:00:00+00:00'
[2024-08-31T00:54:00.789+0000] {taskinstance.py:430} INFO - ::endgroup::
[2024-08-31T00:54:00.793+0000] {taskinstance.py:441} INFO - ::group::Post task execution logs
[2024-08-31T00:54:00.794+0000] {taskinstance.py:2905} ERROR - Task failed with exception
Traceback (most recent call last):
  File "/home/airflow/.local/lib/python3.12/site-packages/airflow/models/taskinstance.py", line 465, in _execute_task
    result = _execute_callable(context=context, **execute_callable_kwargs)
             ^^^^^^^^^^^^^^^^^^^^^^^^^^^^^^^^^^^^^^^^^^^^^^^^^^^^^^^^^^^^^
  File "/home/airflow/.local/lib/python3.12/site-packages/airflow/models/taskinstance.py", line 432, in _execute_callable
    return execute_callable(context=context, **execute_callable_kwargs)
           ^^^^^^^^^^^^^^^^^^^^^^^^^^^^^^^^^^^^^^^^^^^^^^^^^^^^^^^^^^^^
  File "/home/airflow/.local/lib/python3.12/site-packages/airflow/models/baseoperator.py", line 401, in wrapper
    return func(self, *args, **kwargs)
           ^^^^^^^^^^^^^^^^^^^^^^^^^^^
  File "/home/airflow/.local/lib/python3.12/site-packages/airflow/operators/python.py", line 235, in execute
    return_value = self.execute_callable()
                   ^^^^^^^^^^^^^^^^^^^^^^^
  File "/home/airflow/.local/lib/python3.12/site-packages/airflow/operators/python.py", line 252, in execute_callable
    return self.python_callable(*self.op_args, **self.op_kwargs)
           ^^^^^^^^^^^^^^^^^^^^^^^^^^^^^^^^^^^^^^^^^^^^^^^^^^^^^
  File "/opt/airflow/dags/elt_dag.py", line 23, in extract_data
    from src.extract import extract
ModuleNotFoundError: No module named 'src'
[2024-08-31T00:54:00.824+0000] {taskinstance.py:1206} INFO - Marking task as FAILED. dag_id=olist_dag, task_id=extract_data, run_id=scheduled__2023-03-21T00:00:00+00:00, execution_date=20230321T000000, start_date=20240831T005400, end_date=20240831T005400
[2024-08-31T00:54:00.857+0000] {standard_task_runner.py:110} ERROR - Failed to execute job 24 for task extract_data (No module named 'src'; 441)
[2024-08-31T00:54:00.944+0000] {local_task_job_runner.py:243} INFO - Task exited with return code 1
[2024-08-31T00:54:01.040+0000] {taskinstance.py:3503} INFO - 0 downstream tasks scheduled from follow-on schedule check
[2024-08-31T00:54:01.060+0000] {local_task_job_runner.py:222} INFO - ::endgroup::
[2024-08-31T01:50:15.300+0000] {local_task_job_runner.py:120} INFO - ::group::Pre task execution logs
[2024-08-31T01:50:15.464+0000] {taskinstance.py:2076} INFO - Dependencies all met for dep_context=non-requeueable deps ti=<TaskInstance: olist_dag.extract_data scheduled__2023-03-21T00:00:00+00:00 [queued]>
[2024-08-31T01:50:15.487+0000] {taskinstance.py:2076} INFO - Dependencies all met for dep_context=requeueable deps ti=<TaskInstance: olist_dag.extract_data scheduled__2023-03-21T00:00:00+00:00 [queued]>
[2024-08-31T01:50:15.488+0000] {taskinstance.py:2306} INFO - Starting attempt 2 of 2
[2024-08-31T01:50:15.536+0000] {taskinstance.py:2330} INFO - Executing <Task(PythonOperator): extract_data> on 2023-03-21 00:00:00+00:00
[2024-08-31T01:50:15.592+0000] {warnings.py:112} WARNING - /home/***/.local/lib/python3.12/site-packages/***/task/task_runner/standard_task_runner.py:62: DeprecationWarning: This process (pid=302) is multi-threaded, use of fork() may lead to deadlocks in the child.
  pid = os.fork()

[2024-08-31T01:50:15.598+0000] {standard_task_runner.py:64} INFO - Started process 334 to run task
[2024-08-31T01:50:15.594+0000] {standard_task_runner.py:90} INFO - Running: ['***', 'tasks', 'run', 'olist_dag', 'extract_data', 'scheduled__2023-03-21T00:00:00+00:00', '--job-id', '30', '--raw', '--subdir', 'DAGS_FOLDER/elt_dag.py', '--cfg-path', '/tmp/tmp_5k1ug8h']
[2024-08-31T01:50:15.604+0000] {standard_task_runner.py:91} INFO - Job 30: Subtask extract_data
[2024-08-31T01:50:15.721+0000] {task_command.py:426} INFO - Running <TaskInstance: olist_dag.extract_data scheduled__2023-03-21T00:00:00+00:00 [running]> on host dde48ad7e5a8
[2024-08-31T01:50:15.928+0000] {taskinstance.py:2648} INFO - Exporting env vars: AIRFLOW_CTX_DAG_OWNER='***' AIRFLOW_CTX_DAG_ID='olist_dag' AIRFLOW_CTX_TASK_ID='extract_data' AIRFLOW_CTX_EXECUTION_DATE='2023-03-21T00:00:00+00:00' AIRFLOW_CTX_TRY_NUMBER='2' AIRFLOW_CTX_DAG_RUN_ID='scheduled__2023-03-21T00:00:00+00:00'
[2024-08-31T01:50:15.936+0000] {taskinstance.py:430} INFO - ::endgroup::
[2024-08-31T01:50:15.941+0000] {taskinstance.py:441} INFO - ::group::Post task execution logs
[2024-08-31T01:50:15.942+0000] {taskinstance.py:2905} ERROR - Task failed with exception
Traceback (most recent call last):
  File "/home/airflow/.local/lib/python3.12/site-packages/airflow/models/taskinstance.py", line 465, in _execute_task
    result = _execute_callable(context=context, **execute_callable_kwargs)
             ^^^^^^^^^^^^^^^^^^^^^^^^^^^^^^^^^^^^^^^^^^^^^^^^^^^^^^^^^^^^^
  File "/home/airflow/.local/lib/python3.12/site-packages/airflow/models/taskinstance.py", line 432, in _execute_callable
    return execute_callable(context=context, **execute_callable_kwargs)
           ^^^^^^^^^^^^^^^^^^^^^^^^^^^^^^^^^^^^^^^^^^^^^^^^^^^^^^^^^^^^
  File "/home/airflow/.local/lib/python3.12/site-packages/airflow/models/baseoperator.py", line 401, in wrapper
    return func(self, *args, **kwargs)
           ^^^^^^^^^^^^^^^^^^^^^^^^^^^
  File "/home/airflow/.local/lib/python3.12/site-packages/airflow/operators/python.py", line 235, in execute
    return_value = self.execute_callable()
                   ^^^^^^^^^^^^^^^^^^^^^^^
  File "/home/airflow/.local/lib/python3.12/site-packages/airflow/operators/python.py", line 252, in execute_callable
    return self.python_callable(*self.op_args, **self.op_kwargs)
           ^^^^^^^^^^^^^^^^^^^^^^^^^^^^^^^^^^^^^^^^^^^^^^^^^^^^^
  File "/opt/airflow/dags/elt_dag.py", line 23, in extract_data
    from src.extract import extract
ModuleNotFoundError: No module named 'src'
[2024-08-31T01:50:15.963+0000] {taskinstance.py:1206} INFO - Marking task as FAILED. dag_id=olist_dag, task_id=extract_data, run_id=scheduled__2023-03-21T00:00:00+00:00, execution_date=20230321T000000, start_date=20240831T015015, end_date=20240831T015015
[2024-08-31T01:50:16.000+0000] {standard_task_runner.py:110} ERROR - Failed to execute job 30 for task extract_data (No module named 'src'; 334)
[2024-08-31T01:50:16.058+0000] {local_task_job_runner.py:243} INFO - Task exited with return code 1
[2024-08-31T01:50:16.107+0000] {taskinstance.py:3503} INFO - 0 downstream tasks scheduled from follow-on schedule check
[2024-08-31T01:50:16.113+0000] {local_task_job_runner.py:222} INFO - ::endgroup::
