[2024-08-31T00:54:05.397+0000] {local_task_job_runner.py:120} INFO - ::group::Pre task execution logs
[2024-08-31T00:54:05.440+0000] {taskinstance.py:2076} INFO - Dependencies all met for dep_context=non-requeueable deps ti=<TaskInstance: olist_dag.extract_data scheduled__2023-03-31T00:00:00+00:00 [queued]>
[2024-08-31T00:54:05.454+0000] {taskinstance.py:2076} INFO - Dependencies all met for dep_context=requeueable deps ti=<TaskInstance: olist_dag.extract_data scheduled__2023-03-31T00:00:00+00:00 [queued]>
[2024-08-31T00:54:05.456+0000] {taskinstance.py:2306} INFO - Starting attempt 2 of 2
[2024-08-31T00:54:05.483+0000] {taskinstance.py:2330} INFO - Executing <Task(PythonOperator): extract_data> on 2023-03-31 00:00:00+00:00
[2024-08-31T00:54:05.498+0000] {warnings.py:112} WARNING - /home/***/.local/lib/python3.12/site-packages/***/task/task_runner/standard_task_runner.py:62: DeprecationWarning: This process (pid=409) is multi-threaded, use of fork() may lead to deadlocks in the child.
  pid = os.fork()

[2024-08-31T00:54:05.502+0000] {standard_task_runner.py:64} INFO - Started process 453 to run task
[2024-08-31T00:54:05.501+0000] {standard_task_runner.py:90} INFO - Running: ['***', 'tasks', 'run', 'olist_dag', 'extract_data', 'scheduled__2023-03-31T00:00:00+00:00', '--job-id', '33', '--raw', '--subdir', 'DAGS_FOLDER/elt_dag.py', '--cfg-path', '/tmp/tmpmdowlgrl']
[2024-08-31T00:54:05.505+0000] {standard_task_runner.py:91} INFO - Job 33: Subtask extract_data
[2024-08-31T00:54:05.593+0000] {task_command.py:426} INFO - Running <TaskInstance: olist_dag.extract_data scheduled__2023-03-31T00:00:00+00:00 [running]> on host ad3e56ef573e
[2024-08-31T00:54:05.776+0000] {taskinstance.py:2648} INFO - Exporting env vars: AIRFLOW_CTX_DAG_OWNER='***' AIRFLOW_CTX_DAG_ID='olist_dag' AIRFLOW_CTX_TASK_ID='extract_data' AIRFLOW_CTX_EXECUTION_DATE='2023-03-31T00:00:00+00:00' AIRFLOW_CTX_TRY_NUMBER='2' AIRFLOW_CTX_DAG_RUN_ID='scheduled__2023-03-31T00:00:00+00:00'
[2024-08-31T00:54:05.780+0000] {taskinstance.py:430} INFO - ::endgroup::
[2024-08-31T00:54:05.783+0000] {taskinstance.py:441} INFO - ::group::Post task execution logs
[2024-08-31T00:54:05.784+0000] {taskinstance.py:2905} ERROR - Task failed with exception
Traceback (most recent call last):
  File "/home/airflow/.local/lib/python3.12/site-packages/airflow/models/taskinstance.py", line 465, in _execute_task
    result = _execute_callable(context=context, **execute_callable_kwargs)
             ^^^^^^^^^^^^^^^^^^^^^^^^^^^^^^^^^^^^^^^^^^^^^^^^^^^^^^^^^^^^^
  File "/home/airflow/.local/lib/python3.12/site-packages/airflow/models/taskinstance.py", line 432, in _execute_callable
    return execute_callable(context=context, **execute_callable_kwargs)
           ^^^^^^^^^^^^^^^^^^^^^^^^^^^^^^^^^^^^^^^^^^^^^^^^^^^^^^^^^^^^
  File "/home/airflow/.local/lib/python3.12/site-packages/airflow/models/baseoperator.py", line 401, in wrapper
    return func(self, *args, **kwargs)
           ^^^^^^^^^^^^^^^^^^^^^^^^^^^
  File "/home/airflow/.local/lib/python3.12/site-packages/airflow/operators/python.py", line 235, in execute
    return_value = self.execute_callable()
                   ^^^^^^^^^^^^^^^^^^^^^^^
  File "/home/airflow/.local/lib/python3.12/site-packages/airflow/operators/python.py", line 252, in execute_callable
    return self.python_callable(*self.op_args, **self.op_kwargs)
           ^^^^^^^^^^^^^^^^^^^^^^^^^^^^^^^^^^^^^^^^^^^^^^^^^^^^^
  File "/opt/airflow/dags/elt_dag.py", line 23, in extract_data
    from src.extract import extract
ModuleNotFoundError: No module named 'src'
[2024-08-31T00:54:05.809+0000] {taskinstance.py:1206} INFO - Marking task as FAILED. dag_id=olist_dag, task_id=extract_data, run_id=scheduled__2023-03-31T00:00:00+00:00, execution_date=20230331T000000, start_date=20240831T005405, end_date=20240831T005405
[2024-08-31T00:54:05.832+0000] {standard_task_runner.py:110} ERROR - Failed to execute job 33 for task extract_data (No module named 'src'; 453)
[2024-08-31T00:54:05.879+0000] {local_task_job_runner.py:243} INFO - Task exited with return code 1
[2024-08-31T00:54:05.931+0000] {taskinstance.py:3503} INFO - 0 downstream tasks scheduled from follow-on schedule check
[2024-08-31T00:54:05.939+0000] {local_task_job_runner.py:222} INFO - ::endgroup::
[2024-08-31T01:50:14.817+0000] {local_task_job_runner.py:120} INFO - ::group::Pre task execution logs
[2024-08-31T01:50:14.874+0000] {taskinstance.py:2076} INFO - Dependencies all met for dep_context=non-requeueable deps ti=<TaskInstance: olist_dag.extract_data scheduled__2023-03-31T00:00:00+00:00 [queued]>
[2024-08-31T01:50:14.891+0000] {taskinstance.py:2076} INFO - Dependencies all met for dep_context=requeueable deps ti=<TaskInstance: olist_dag.extract_data scheduled__2023-03-31T00:00:00+00:00 [queued]>
[2024-08-31T01:50:14.892+0000] {taskinstance.py:2306} INFO - Starting attempt 2 of 2
[2024-08-31T01:50:14.949+0000] {taskinstance.py:2330} INFO - Executing <Task(PythonOperator): extract_data> on 2023-03-31 00:00:00+00:00
[2024-08-31T01:50:14.973+0000] {warnings.py:112} WARNING - /home/***/.local/lib/python3.12/site-packages/***/task/task_runner/standard_task_runner.py:62: DeprecationWarning: This process (pid=297) is multi-threaded, use of fork() may lead to deadlocks in the child.
  pid = os.fork()

[2024-08-31T01:50:14.980+0000] {standard_task_runner.py:64} INFO - Started process 326 to run task
[2024-08-31T01:50:14.983+0000] {standard_task_runner.py:90} INFO - Running: ['***', 'tasks', 'run', 'olist_dag', 'extract_data', 'scheduled__2023-03-31T00:00:00+00:00', '--job-id', '22', '--raw', '--subdir', 'DAGS_FOLDER/elt_dag.py', '--cfg-path', '/tmp/tmp75nlppdd']
[2024-08-31T01:50:14.991+0000] {standard_task_runner.py:91} INFO - Job 22: Subtask extract_data
[2024-08-31T01:50:15.163+0000] {task_command.py:426} INFO - Running <TaskInstance: olist_dag.extract_data scheduled__2023-03-31T00:00:00+00:00 [running]> on host dde48ad7e5a8
[2024-08-31T01:50:15.471+0000] {taskinstance.py:2648} INFO - Exporting env vars: AIRFLOW_CTX_DAG_OWNER='***' AIRFLOW_CTX_DAG_ID='olist_dag' AIRFLOW_CTX_TASK_ID='extract_data' AIRFLOW_CTX_EXECUTION_DATE='2023-03-31T00:00:00+00:00' AIRFLOW_CTX_TRY_NUMBER='2' AIRFLOW_CTX_DAG_RUN_ID='scheduled__2023-03-31T00:00:00+00:00'
[2024-08-31T01:50:15.480+0000] {taskinstance.py:430} INFO - ::endgroup::
[2024-08-31T01:50:15.488+0000] {taskinstance.py:441} INFO - ::group::Post task execution logs
[2024-08-31T01:50:15.489+0000] {taskinstance.py:2905} ERROR - Task failed with exception
Traceback (most recent call last):
  File "/home/airflow/.local/lib/python3.12/site-packages/airflow/models/taskinstance.py", line 465, in _execute_task
    result = _execute_callable(context=context, **execute_callable_kwargs)
             ^^^^^^^^^^^^^^^^^^^^^^^^^^^^^^^^^^^^^^^^^^^^^^^^^^^^^^^^^^^^^
  File "/home/airflow/.local/lib/python3.12/site-packages/airflow/models/taskinstance.py", line 432, in _execute_callable
    return execute_callable(context=context, **execute_callable_kwargs)
           ^^^^^^^^^^^^^^^^^^^^^^^^^^^^^^^^^^^^^^^^^^^^^^^^^^^^^^^^^^^^
  File "/home/airflow/.local/lib/python3.12/site-packages/airflow/models/baseoperator.py", line 401, in wrapper
    return func(self, *args, **kwargs)
           ^^^^^^^^^^^^^^^^^^^^^^^^^^^
  File "/home/airflow/.local/lib/python3.12/site-packages/airflow/operators/python.py", line 235, in execute
    return_value = self.execute_callable()
                   ^^^^^^^^^^^^^^^^^^^^^^^
  File "/home/airflow/.local/lib/python3.12/site-packages/airflow/operators/python.py", line 252, in execute_callable
    return self.python_callable(*self.op_args, **self.op_kwargs)
           ^^^^^^^^^^^^^^^^^^^^^^^^^^^^^^^^^^^^^^^^^^^^^^^^^^^^^
  File "/opt/airflow/dags/elt_dag.py", line 23, in extract_data
    from src.extract import extract
ModuleNotFoundError: No module named 'src'
[2024-08-31T01:50:15.557+0000] {taskinstance.py:1206} INFO - Marking task as FAILED. dag_id=olist_dag, task_id=extract_data, run_id=scheduled__2023-03-31T00:00:00+00:00, execution_date=20230331T000000, start_date=20240831T015014, end_date=20240831T015015
[2024-08-31T01:50:15.612+0000] {standard_task_runner.py:110} ERROR - Failed to execute job 22 for task extract_data (No module named 'src'; 326)
[2024-08-31T01:50:15.678+0000] {local_task_job_runner.py:243} INFO - Task exited with return code 1
[2024-08-31T01:50:15.735+0000] {taskinstance.py:3503} INFO - 0 downstream tasks scheduled from follow-on schedule check
[2024-08-31T01:50:15.747+0000] {local_task_job_runner.py:222} INFO - ::endgroup::
