[2024-08-31T00:48:30.469+0000] {processor.py:161} INFO - Started process (PID=119) to work on /opt/airflow/dags/elt_dag.py
[2024-08-31T00:48:30.471+0000] {processor.py:830} INFO - Processing file /opt/airflow/dags/elt_dag.py for tasks to queue
[2024-08-31T00:48:30.481+0000] {logging_mixin.py:188} INFO - [2024-08-31T00:48:30.480+0000] {dagbag.py:545} INFO - Filling up the DagBag from /opt/airflow/dags/elt_dag.py
[2024-08-31T00:48:30.603+0000] {processor.py:840} INFO - DAG(s) 'olist_dag' retrieved from /opt/airflow/dags/elt_dag.py
[2024-08-31T00:48:31.277+0000] {logging_mixin.py:188} INFO - [2024-08-31T00:48:31.276+0000] {override.py:1858} INFO - Created Permission View: can edit on DAG:olist_dag
[2024-08-31T00:48:31.300+0000] {logging_mixin.py:188} INFO - [2024-08-31T00:48:31.300+0000] {override.py:1858} INFO - Created Permission View: can read on DAG:olist_dag
[2024-08-31T00:48:31.316+0000] {logging_mixin.py:188} INFO - [2024-08-31T00:48:31.314+0000] {override.py:1858} INFO - Created Permission View: can delete on DAG:olist_dag
[2024-08-31T00:48:31.317+0000] {logging_mixin.py:188} INFO - [2024-08-31T00:48:31.317+0000] {dag.py:3089} INFO - Sync 1 DAGs
[2024-08-31T00:48:31.346+0000] {logging_mixin.py:188} INFO - [2024-08-31T00:48:31.345+0000] {dag.py:3111} INFO - Creating ORM DAG for olist_dag
[2024-08-31T00:48:31.368+0000] {logging_mixin.py:188} INFO - [2024-08-31T00:48:31.368+0000] {dag.py:3947} INFO - Setting next_dagrun for olist_dag to 2023-03-21 00:00:00+00:00, run_after=2023-03-22 00:00:00+00:00
[2024-08-31T00:48:31.406+0000] {processor.py:183} INFO - Processing /opt/airflow/dags/elt_dag.py took 0.956 seconds
[2024-08-31T00:49:02.040+0000] {processor.py:161} INFO - Started process (PID=125) to work on /opt/airflow/dags/elt_dag.py
[2024-08-31T00:49:02.043+0000] {processor.py:830} INFO - Processing file /opt/airflow/dags/elt_dag.py for tasks to queue
[2024-08-31T00:49:02.055+0000] {logging_mixin.py:188} INFO - [2024-08-31T00:49:02.047+0000] {dagbag.py:545} INFO - Filling up the DagBag from /opt/airflow/dags/elt_dag.py
[2024-08-31T00:49:02.153+0000] {processor.py:840} INFO - DAG(s) 'olist_dag' retrieved from /opt/airflow/dags/elt_dag.py
[2024-08-31T00:49:02.252+0000] {logging_mixin.py:188} INFO - [2024-08-31T00:49:02.252+0000] {dag.py:3089} INFO - Sync 1 DAGs
[2024-08-31T00:49:02.346+0000] {processor.py:183} INFO - Processing /opt/airflow/dags/elt_dag.py took 0.319 seconds
[2024-08-31T00:49:32.647+0000] {processor.py:161} INFO - Started process (PID=132) to work on /opt/airflow/dags/elt_dag.py
[2024-08-31T00:49:32.649+0000] {processor.py:830} INFO - Processing file /opt/airflow/dags/elt_dag.py for tasks to queue
[2024-08-31T00:49:32.653+0000] {logging_mixin.py:188} INFO - [2024-08-31T00:49:32.652+0000] {dagbag.py:545} INFO - Filling up the DagBag from /opt/airflow/dags/elt_dag.py
[2024-08-31T00:49:32.700+0000] {processor.py:840} INFO - DAG(s) 'olist_dag' retrieved from /opt/airflow/dags/elt_dag.py
[2024-08-31T00:49:32.760+0000] {logging_mixin.py:188} INFO - [2024-08-31T00:49:32.759+0000] {dag.py:3089} INFO - Sync 1 DAGs
[2024-08-31T00:49:32.841+0000] {processor.py:183} INFO - Processing /opt/airflow/dags/elt_dag.py took 0.207 seconds
[2024-08-31T00:50:03.124+0000] {processor.py:161} INFO - Started process (PID=139) to work on /opt/airflow/dags/elt_dag.py
[2024-08-31T00:50:03.127+0000] {processor.py:830} INFO - Processing file /opt/airflow/dags/elt_dag.py for tasks to queue
[2024-08-31T00:50:03.131+0000] {logging_mixin.py:188} INFO - [2024-08-31T00:50:03.130+0000] {dagbag.py:545} INFO - Filling up the DagBag from /opt/airflow/dags/elt_dag.py
[2024-08-31T00:50:03.183+0000] {processor.py:840} INFO - DAG(s) 'olist_dag' retrieved from /opt/airflow/dags/elt_dag.py
[2024-08-31T00:50:03.252+0000] {logging_mixin.py:188} INFO - [2024-08-31T00:50:03.252+0000] {dag.py:3089} INFO - Sync 1 DAGs
[2024-08-31T00:50:03.342+0000] {processor.py:183} INFO - Processing /opt/airflow/dags/elt_dag.py took 0.228 seconds
[2024-08-31T00:50:33.636+0000] {processor.py:161} INFO - Started process (PID=146) to work on /opt/airflow/dags/elt_dag.py
[2024-08-31T00:50:33.638+0000] {processor.py:830} INFO - Processing file /opt/airflow/dags/elt_dag.py for tasks to queue
[2024-08-31T00:50:33.642+0000] {logging_mixin.py:188} INFO - [2024-08-31T00:50:33.641+0000] {dagbag.py:545} INFO - Filling up the DagBag from /opt/airflow/dags/elt_dag.py
[2024-08-31T00:50:33.683+0000] {processor.py:840} INFO - DAG(s) 'olist_dag' retrieved from /opt/airflow/dags/elt_dag.py
[2024-08-31T00:50:33.738+0000] {logging_mixin.py:188} INFO - [2024-08-31T00:50:33.738+0000] {dag.py:3089} INFO - Sync 1 DAGs
[2024-08-31T00:50:33.819+0000] {processor.py:183} INFO - Processing /opt/airflow/dags/elt_dag.py took 0.193 seconds
[2024-08-31T00:51:04.105+0000] {processor.py:161} INFO - Started process (PID=153) to work on /opt/airflow/dags/elt_dag.py
[2024-08-31T00:51:04.107+0000] {processor.py:830} INFO - Processing file /opt/airflow/dags/elt_dag.py for tasks to queue
[2024-08-31T00:51:04.110+0000] {logging_mixin.py:188} INFO - [2024-08-31T00:51:04.110+0000] {dagbag.py:545} INFO - Filling up the DagBag from /opt/airflow/dags/elt_dag.py
[2024-08-31T00:51:04.163+0000] {processor.py:840} INFO - DAG(s) 'olist_dag' retrieved from /opt/airflow/dags/elt_dag.py
[2024-08-31T00:51:04.219+0000] {logging_mixin.py:188} INFO - [2024-08-31T00:51:04.219+0000] {dag.py:3089} INFO - Sync 1 DAGs
[2024-08-31T00:51:04.318+0000] {processor.py:183} INFO - Processing /opt/airflow/dags/elt_dag.py took 0.224 seconds
[2024-08-31T00:51:34.606+0000] {processor.py:161} INFO - Started process (PID=160) to work on /opt/airflow/dags/elt_dag.py
[2024-08-31T00:51:34.608+0000] {processor.py:830} INFO - Processing file /opt/airflow/dags/elt_dag.py for tasks to queue
[2024-08-31T00:51:34.612+0000] {logging_mixin.py:188} INFO - [2024-08-31T00:51:34.611+0000] {dagbag.py:545} INFO - Filling up the DagBag from /opt/airflow/dags/elt_dag.py
[2024-08-31T00:51:34.662+0000] {processor.py:840} INFO - DAG(s) 'olist_dag' retrieved from /opt/airflow/dags/elt_dag.py
[2024-08-31T00:51:34.715+0000] {logging_mixin.py:188} INFO - [2024-08-31T00:51:34.715+0000] {dag.py:3089} INFO - Sync 1 DAGs
[2024-08-31T00:51:34.788+0000] {processor.py:183} INFO - Processing /opt/airflow/dags/elt_dag.py took 0.191 seconds
[2024-08-31T00:52:05.083+0000] {processor.py:161} INFO - Started process (PID=167) to work on /opt/airflow/dags/elt_dag.py
[2024-08-31T00:52:05.085+0000] {processor.py:830} INFO - Processing file /opt/airflow/dags/elt_dag.py for tasks to queue
[2024-08-31T00:52:05.089+0000] {logging_mixin.py:188} INFO - [2024-08-31T00:52:05.088+0000] {dagbag.py:545} INFO - Filling up the DagBag from /opt/airflow/dags/elt_dag.py
[2024-08-31T00:52:05.133+0000] {processor.py:840} INFO - DAG(s) 'olist_dag' retrieved from /opt/airflow/dags/elt_dag.py
[2024-08-31T00:52:05.189+0000] {logging_mixin.py:188} INFO - [2024-08-31T00:52:05.189+0000] {dag.py:3089} INFO - Sync 1 DAGs
[2024-08-31T00:52:05.264+0000] {processor.py:183} INFO - Processing /opt/airflow/dags/elt_dag.py took 0.200 seconds
[2024-08-31T00:52:35.563+0000] {processor.py:161} INFO - Started process (PID=174) to work on /opt/airflow/dags/elt_dag.py
[2024-08-31T00:52:35.565+0000] {processor.py:830} INFO - Processing file /opt/airflow/dags/elt_dag.py for tasks to queue
[2024-08-31T00:52:35.568+0000] {logging_mixin.py:188} INFO - [2024-08-31T00:52:35.568+0000] {dagbag.py:545} INFO - Filling up the DagBag from /opt/airflow/dags/elt_dag.py
[2024-08-31T00:52:35.617+0000] {processor.py:840} INFO - DAG(s) 'olist_dag' retrieved from /opt/airflow/dags/elt_dag.py
[2024-08-31T00:52:35.672+0000] {logging_mixin.py:188} INFO - [2024-08-31T00:52:35.671+0000] {dag.py:3089} INFO - Sync 1 DAGs
[2024-08-31T00:52:35.759+0000] {processor.py:183} INFO - Processing /opt/airflow/dags/elt_dag.py took 0.205 seconds
[2024-08-31T00:53:06.032+0000] {processor.py:161} INFO - Started process (PID=181) to work on /opt/airflow/dags/elt_dag.py
[2024-08-31T00:53:06.034+0000] {processor.py:830} INFO - Processing file /opt/airflow/dags/elt_dag.py for tasks to queue
[2024-08-31T00:53:06.038+0000] {logging_mixin.py:188} INFO - [2024-08-31T00:53:06.037+0000] {dagbag.py:545} INFO - Filling up the DagBag from /opt/airflow/dags/elt_dag.py
[2024-08-31T00:53:06.091+0000] {processor.py:840} INFO - DAG(s) 'olist_dag' retrieved from /opt/airflow/dags/elt_dag.py
[2024-08-31T00:53:06.149+0000] {logging_mixin.py:188} INFO - [2024-08-31T00:53:06.148+0000] {dag.py:3089} INFO - Sync 1 DAGs
[2024-08-31T00:53:06.239+0000] {processor.py:183} INFO - Processing /opt/airflow/dags/elt_dag.py took 0.218 seconds
[2024-08-31T00:53:36.595+0000] {processor.py:161} INFO - Started process (PID=188) to work on /opt/airflow/dags/elt_dag.py
[2024-08-31T00:53:36.597+0000] {processor.py:830} INFO - Processing file /opt/airflow/dags/elt_dag.py for tasks to queue
[2024-08-31T00:53:36.600+0000] {logging_mixin.py:188} INFO - [2024-08-31T00:53:36.599+0000] {dagbag.py:545} INFO - Filling up the DagBag from /opt/airflow/dags/elt_dag.py
[2024-08-31T00:53:36.650+0000] {processor.py:840} INFO - DAG(s) 'olist_dag' retrieved from /opt/airflow/dags/elt_dag.py
[2024-08-31T00:53:36.702+0000] {logging_mixin.py:188} INFO - [2024-08-31T00:53:36.701+0000] {dag.py:3089} INFO - Sync 1 DAGs
[2024-08-31T00:53:36.784+0000] {processor.py:183} INFO - Processing /opt/airflow/dags/elt_dag.py took 0.198 seconds
[2024-08-31T00:54:07.082+0000] {processor.py:161} INFO - Started process (PID=212) to work on /opt/airflow/dags/elt_dag.py
[2024-08-31T00:54:07.084+0000] {processor.py:830} INFO - Processing file /opt/airflow/dags/elt_dag.py for tasks to queue
[2024-08-31T00:54:07.088+0000] {logging_mixin.py:188} INFO - [2024-08-31T00:54:07.087+0000] {dagbag.py:545} INFO - Filling up the DagBag from /opt/airflow/dags/elt_dag.py
[2024-08-31T00:54:07.133+0000] {processor.py:840} INFO - DAG(s) 'olist_dag' retrieved from /opt/airflow/dags/elt_dag.py
[2024-08-31T00:54:07.193+0000] {logging_mixin.py:188} INFO - [2024-08-31T00:54:07.193+0000] {dag.py:3089} INFO - Sync 1 DAGs
[2024-08-31T00:54:07.247+0000] {logging_mixin.py:188} INFO - [2024-08-31T00:54:07.246+0000] {dag.py:3947} INFO - Setting next_dagrun for olist_dag to 2023-04-06 00:00:00+00:00, run_after=2023-04-07 00:00:00+00:00
[2024-08-31T00:54:07.290+0000] {processor.py:183} INFO - Processing /opt/airflow/dags/elt_dag.py took 0.218 seconds
[2024-08-31T00:54:37.608+0000] {processor.py:161} INFO - Started process (PID=219) to work on /opt/airflow/dags/elt_dag.py
[2024-08-31T00:54:37.609+0000] {processor.py:830} INFO - Processing file /opt/airflow/dags/elt_dag.py for tasks to queue
[2024-08-31T00:54:37.614+0000] {logging_mixin.py:188} INFO - [2024-08-31T00:54:37.613+0000] {dagbag.py:545} INFO - Filling up the DagBag from /opt/airflow/dags/elt_dag.py
[2024-08-31T00:54:37.660+0000] {processor.py:840} INFO - DAG(s) 'olist_dag' retrieved from /opt/airflow/dags/elt_dag.py
[2024-08-31T00:54:37.727+0000] {logging_mixin.py:188} INFO - [2024-08-31T00:54:37.726+0000] {dag.py:3089} INFO - Sync 1 DAGs
[2024-08-31T00:54:37.825+0000] {processor.py:183} INFO - Processing /opt/airflow/dags/elt_dag.py took 0.231 seconds
[2024-08-31T00:55:08.095+0000] {processor.py:161} INFO - Started process (PID=226) to work on /opt/airflow/dags/elt_dag.py
[2024-08-31T00:55:08.096+0000] {processor.py:830} INFO - Processing file /opt/airflow/dags/elt_dag.py for tasks to queue
[2024-08-31T00:55:08.099+0000] {logging_mixin.py:188} INFO - [2024-08-31T00:55:08.099+0000] {dagbag.py:545} INFO - Filling up the DagBag from /opt/airflow/dags/elt_dag.py
[2024-08-31T00:55:08.139+0000] {processor.py:840} INFO - DAG(s) 'olist_dag' retrieved from /opt/airflow/dags/elt_dag.py
[2024-08-31T00:55:08.195+0000] {logging_mixin.py:188} INFO - [2024-08-31T00:55:08.194+0000] {dag.py:3089} INFO - Sync 1 DAGs
[2024-08-31T00:55:08.279+0000] {processor.py:183} INFO - Processing /opt/airflow/dags/elt_dag.py took 0.194 seconds
[2024-08-31T00:55:38.571+0000] {processor.py:161} INFO - Started process (PID=233) to work on /opt/airflow/dags/elt_dag.py
[2024-08-31T00:55:38.573+0000] {processor.py:830} INFO - Processing file /opt/airflow/dags/elt_dag.py for tasks to queue
[2024-08-31T00:55:38.577+0000] {logging_mixin.py:188} INFO - [2024-08-31T00:55:38.576+0000] {dagbag.py:545} INFO - Filling up the DagBag from /opt/airflow/dags/elt_dag.py
[2024-08-31T00:55:38.623+0000] {processor.py:840} INFO - DAG(s) 'olist_dag' retrieved from /opt/airflow/dags/elt_dag.py
[2024-08-31T00:55:38.689+0000] {logging_mixin.py:188} INFO - [2024-08-31T00:55:38.689+0000] {dag.py:3089} INFO - Sync 1 DAGs
[2024-08-31T00:55:38.783+0000] {processor.py:183} INFO - Processing /opt/airflow/dags/elt_dag.py took 0.224 seconds
[2024-08-31T00:56:09.057+0000] {processor.py:161} INFO - Started process (PID=240) to work on /opt/airflow/dags/elt_dag.py
[2024-08-31T00:56:09.059+0000] {processor.py:830} INFO - Processing file /opt/airflow/dags/elt_dag.py for tasks to queue
[2024-08-31T00:56:09.063+0000] {logging_mixin.py:188} INFO - [2024-08-31T00:56:09.062+0000] {dagbag.py:545} INFO - Filling up the DagBag from /opt/airflow/dags/elt_dag.py
[2024-08-31T00:56:09.106+0000] {processor.py:840} INFO - DAG(s) 'olist_dag' retrieved from /opt/airflow/dags/elt_dag.py
[2024-08-31T00:56:09.159+0000] {logging_mixin.py:188} INFO - [2024-08-31T00:56:09.158+0000] {dag.py:3089} INFO - Sync 1 DAGs
[2024-08-31T00:56:09.236+0000] {processor.py:183} INFO - Processing /opt/airflow/dags/elt_dag.py took 0.188 seconds
[2024-08-31T00:56:39.308+0000] {processor.py:161} INFO - Started process (PID=247) to work on /opt/airflow/dags/elt_dag.py
[2024-08-31T00:56:39.310+0000] {processor.py:830} INFO - Processing file /opt/airflow/dags/elt_dag.py for tasks to queue
[2024-08-31T00:56:39.314+0000] {logging_mixin.py:188} INFO - [2024-08-31T00:56:39.313+0000] {dagbag.py:545} INFO - Filling up the DagBag from /opt/airflow/dags/elt_dag.py
[2024-08-31T00:56:39.378+0000] {processor.py:840} INFO - DAG(s) 'olist_dag' retrieved from /opt/airflow/dags/elt_dag.py
[2024-08-31T00:56:39.448+0000] {logging_mixin.py:188} INFO - [2024-08-31T00:56:39.447+0000] {dag.py:3089} INFO - Sync 1 DAGs
[2024-08-31T00:56:39.533+0000] {processor.py:183} INFO - Processing /opt/airflow/dags/elt_dag.py took 0.238 seconds
[2024-08-31T00:57:09.729+0000] {processor.py:161} INFO - Started process (PID=254) to work on /opt/airflow/dags/elt_dag.py
[2024-08-31T00:57:09.732+0000] {processor.py:830} INFO - Processing file /opt/airflow/dags/elt_dag.py for tasks to queue
[2024-08-31T00:57:09.735+0000] {logging_mixin.py:188} INFO - [2024-08-31T00:57:09.734+0000] {dagbag.py:545} INFO - Filling up the DagBag from /opt/airflow/dags/elt_dag.py
[2024-08-31T00:57:09.778+0000] {processor.py:840} INFO - DAG(s) 'olist_dag' retrieved from /opt/airflow/dags/elt_dag.py
[2024-08-31T00:57:09.831+0000] {logging_mixin.py:188} INFO - [2024-08-31T00:57:09.830+0000] {dag.py:3089} INFO - Sync 1 DAGs
[2024-08-31T00:57:09.903+0000] {processor.py:183} INFO - Processing /opt/airflow/dags/elt_dag.py took 0.184 seconds
[2024-08-31T00:57:40.035+0000] {processor.py:161} INFO - Started process (PID=261) to work on /opt/airflow/dags/elt_dag.py
[2024-08-31T00:57:40.037+0000] {processor.py:830} INFO - Processing file /opt/airflow/dags/elt_dag.py for tasks to queue
[2024-08-31T00:57:40.040+0000] {logging_mixin.py:188} INFO - [2024-08-31T00:57:40.040+0000] {dagbag.py:545} INFO - Filling up the DagBag from /opt/airflow/dags/elt_dag.py
[2024-08-31T00:57:40.091+0000] {processor.py:840} INFO - DAG(s) 'olist_dag' retrieved from /opt/airflow/dags/elt_dag.py
[2024-08-31T00:57:40.144+0000] {logging_mixin.py:188} INFO - [2024-08-31T00:57:40.144+0000] {dag.py:3089} INFO - Sync 1 DAGs
[2024-08-31T00:57:40.240+0000] {processor.py:183} INFO - Processing /opt/airflow/dags/elt_dag.py took 0.216 seconds
[2024-08-31T00:58:10.440+0000] {processor.py:161} INFO - Started process (PID=269) to work on /opt/airflow/dags/elt_dag.py
[2024-08-31T00:58:10.442+0000] {processor.py:830} INFO - Processing file /opt/airflow/dags/elt_dag.py for tasks to queue
[2024-08-31T00:58:10.446+0000] {logging_mixin.py:188} INFO - [2024-08-31T00:58:10.445+0000] {dagbag.py:545} INFO - Filling up the DagBag from /opt/airflow/dags/elt_dag.py
[2024-08-31T00:58:10.486+0000] {processor.py:840} INFO - DAG(s) 'olist_dag' retrieved from /opt/airflow/dags/elt_dag.py
[2024-08-31T00:58:10.538+0000] {logging_mixin.py:188} INFO - [2024-08-31T00:58:10.538+0000] {dag.py:3089} INFO - Sync 1 DAGs
[2024-08-31T00:58:10.620+0000] {processor.py:183} INFO - Processing /opt/airflow/dags/elt_dag.py took 0.193 seconds
[2024-08-31T00:58:40.824+0000] {processor.py:161} INFO - Started process (PID=276) to work on /opt/airflow/dags/elt_dag.py
[2024-08-31T00:58:40.826+0000] {processor.py:830} INFO - Processing file /opt/airflow/dags/elt_dag.py for tasks to queue
[2024-08-31T00:58:40.830+0000] {logging_mixin.py:188} INFO - [2024-08-31T00:58:40.830+0000] {dagbag.py:545} INFO - Filling up the DagBag from /opt/airflow/dags/elt_dag.py
[2024-08-31T00:58:40.880+0000] {processor.py:840} INFO - DAG(s) 'olist_dag' retrieved from /opt/airflow/dags/elt_dag.py
[2024-08-31T00:58:40.939+0000] {logging_mixin.py:188} INFO - [2024-08-31T00:58:40.939+0000] {dag.py:3089} INFO - Sync 1 DAGs
[2024-08-31T00:58:41.083+0000] {processor.py:183} INFO - Processing /opt/airflow/dags/elt_dag.py took 0.268 seconds
[2024-08-31T00:59:11.385+0000] {processor.py:161} INFO - Started process (PID=283) to work on /opt/airflow/dags/elt_dag.py
[2024-08-31T00:59:11.387+0000] {processor.py:830} INFO - Processing file /opt/airflow/dags/elt_dag.py for tasks to queue
[2024-08-31T00:59:11.391+0000] {logging_mixin.py:188} INFO - [2024-08-31T00:59:11.390+0000] {dagbag.py:545} INFO - Filling up the DagBag from /opt/airflow/dags/elt_dag.py
[2024-08-31T00:59:11.432+0000] {processor.py:840} INFO - DAG(s) 'olist_dag' retrieved from /opt/airflow/dags/elt_dag.py
[2024-08-31T00:59:11.485+0000] {logging_mixin.py:188} INFO - [2024-08-31T00:59:11.485+0000] {dag.py:3089} INFO - Sync 1 DAGs
[2024-08-31T00:59:11.563+0000] {processor.py:183} INFO - Processing /opt/airflow/dags/elt_dag.py took 0.192 seconds
[2024-08-31T00:59:41.646+0000] {processor.py:161} INFO - Started process (PID=316) to work on /opt/airflow/dags/elt_dag.py
[2024-08-31T00:59:41.648+0000] {processor.py:830} INFO - Processing file /opt/airflow/dags/elt_dag.py for tasks to queue
[2024-08-31T00:59:41.652+0000] {logging_mixin.py:188} INFO - [2024-08-31T00:59:41.651+0000] {dagbag.py:545} INFO - Filling up the DagBag from /opt/airflow/dags/elt_dag.py
[2024-08-31T00:59:41.703+0000] {processor.py:840} INFO - DAG(s) 'olist_dag' retrieved from /opt/airflow/dags/elt_dag.py
[2024-08-31T00:59:41.768+0000] {logging_mixin.py:188} INFO - [2024-08-31T00:59:41.768+0000] {dag.py:3089} INFO - Sync 1 DAGs
[2024-08-31T00:59:41.812+0000] {logging_mixin.py:188} INFO - [2024-08-31T00:59:41.811+0000] {dag.py:3947} INFO - Setting next_dagrun for olist_dag to 2023-05-01 00:00:00+00:00, run_after=2023-05-02 00:00:00+00:00
[2024-08-31T00:59:41.854+0000] {processor.py:183} INFO - Processing /opt/airflow/dags/elt_dag.py took 0.220 seconds
[2024-08-31T01:00:12.081+0000] {processor.py:161} INFO - Started process (PID=323) to work on /opt/airflow/dags/elt_dag.py
[2024-08-31T01:00:12.083+0000] {processor.py:830} INFO - Processing file /opt/airflow/dags/elt_dag.py for tasks to queue
[2024-08-31T01:00:12.088+0000] {logging_mixin.py:188} INFO - [2024-08-31T01:00:12.087+0000] {dagbag.py:545} INFO - Filling up the DagBag from /opt/airflow/dags/elt_dag.py
[2024-08-31T01:00:12.134+0000] {processor.py:840} INFO - DAG(s) 'olist_dag' retrieved from /opt/airflow/dags/elt_dag.py
[2024-08-31T01:00:12.192+0000] {logging_mixin.py:188} INFO - [2024-08-31T01:00:12.191+0000] {dag.py:3089} INFO - Sync 1 DAGs
[2024-08-31T01:00:12.267+0000] {processor.py:183} INFO - Processing /opt/airflow/dags/elt_dag.py took 0.198 seconds
[2024-08-31T01:00:42.375+0000] {processor.py:161} INFO - Started process (PID=330) to work on /opt/airflow/dags/elt_dag.py
[2024-08-31T01:00:42.376+0000] {processor.py:830} INFO - Processing file /opt/airflow/dags/elt_dag.py for tasks to queue
[2024-08-31T01:00:42.380+0000] {logging_mixin.py:188} INFO - [2024-08-31T01:00:42.379+0000] {dagbag.py:545} INFO - Filling up the DagBag from /opt/airflow/dags/elt_dag.py
[2024-08-31T01:00:42.430+0000] {processor.py:840} INFO - DAG(s) 'olist_dag' retrieved from /opt/airflow/dags/elt_dag.py
[2024-08-31T01:00:42.483+0000] {logging_mixin.py:188} INFO - [2024-08-31T01:00:42.483+0000] {dag.py:3089} INFO - Sync 1 DAGs
[2024-08-31T01:00:42.566+0000] {processor.py:183} INFO - Processing /opt/airflow/dags/elt_dag.py took 0.200 seconds
[2024-08-31T01:01:12.808+0000] {processor.py:161} INFO - Started process (PID=337) to work on /opt/airflow/dags/elt_dag.py
[2024-08-31T01:01:12.809+0000] {processor.py:830} INFO - Processing file /opt/airflow/dags/elt_dag.py for tasks to queue
[2024-08-31T01:01:12.813+0000] {logging_mixin.py:188} INFO - [2024-08-31T01:01:12.812+0000] {dagbag.py:545} INFO - Filling up the DagBag from /opt/airflow/dags/elt_dag.py
[2024-08-31T01:01:12.865+0000] {processor.py:840} INFO - DAG(s) 'olist_dag' retrieved from /opt/airflow/dags/elt_dag.py
[2024-08-31T01:01:12.925+0000] {logging_mixin.py:188} INFO - [2024-08-31T01:01:12.924+0000] {dag.py:3089} INFO - Sync 1 DAGs
[2024-08-31T01:01:13.013+0000] {processor.py:183} INFO - Processing /opt/airflow/dags/elt_dag.py took 0.217 seconds
[2024-08-31T01:01:43.113+0000] {processor.py:161} INFO - Started process (PID=344) to work on /opt/airflow/dags/elt_dag.py
[2024-08-31T01:01:43.114+0000] {processor.py:830} INFO - Processing file /opt/airflow/dags/elt_dag.py for tasks to queue
[2024-08-31T01:01:43.117+0000] {logging_mixin.py:188} INFO - [2024-08-31T01:01:43.117+0000] {dagbag.py:545} INFO - Filling up the DagBag from /opt/airflow/dags/elt_dag.py
[2024-08-31T01:01:43.155+0000] {processor.py:840} INFO - DAG(s) 'olist_dag' retrieved from /opt/airflow/dags/elt_dag.py
[2024-08-31T01:01:43.208+0000] {logging_mixin.py:188} INFO - [2024-08-31T01:01:43.207+0000] {dag.py:3089} INFO - Sync 1 DAGs
[2024-08-31T01:01:43.283+0000] {processor.py:183} INFO - Processing /opt/airflow/dags/elt_dag.py took 0.179 seconds
[2024-08-31T01:02:13.560+0000] {processor.py:161} INFO - Started process (PID=351) to work on /opt/airflow/dags/elt_dag.py
[2024-08-31T01:02:13.561+0000] {processor.py:830} INFO - Processing file /opt/airflow/dags/elt_dag.py for tasks to queue
[2024-08-31T01:02:13.565+0000] {logging_mixin.py:188} INFO - [2024-08-31T01:02:13.565+0000] {dagbag.py:545} INFO - Filling up the DagBag from /opt/airflow/dags/elt_dag.py
[2024-08-31T01:02:13.614+0000] {processor.py:840} INFO - DAG(s) 'olist_dag' retrieved from /opt/airflow/dags/elt_dag.py
[2024-08-31T01:02:13.671+0000] {logging_mixin.py:188} INFO - [2024-08-31T01:02:13.670+0000] {dag.py:3089} INFO - Sync 1 DAGs
[2024-08-31T01:02:13.751+0000] {processor.py:183} INFO - Processing /opt/airflow/dags/elt_dag.py took 0.201 seconds
[2024-08-31T01:02:43.859+0000] {processor.py:161} INFO - Started process (PID=358) to work on /opt/airflow/dags/elt_dag.py
[2024-08-31T01:02:43.862+0000] {processor.py:830} INFO - Processing file /opt/airflow/dags/elt_dag.py for tasks to queue
[2024-08-31T01:02:43.869+0000] {logging_mixin.py:188} INFO - [2024-08-31T01:02:43.868+0000] {dagbag.py:545} INFO - Filling up the DagBag from /opt/airflow/dags/elt_dag.py
[2024-08-31T01:02:43.920+0000] {processor.py:840} INFO - DAG(s) 'olist_dag' retrieved from /opt/airflow/dags/elt_dag.py
[2024-08-31T01:02:43.975+0000] {logging_mixin.py:188} INFO - [2024-08-31T01:02:43.975+0000] {dag.py:3089} INFO - Sync 1 DAGs
[2024-08-31T01:02:44.053+0000] {processor.py:183} INFO - Processing /opt/airflow/dags/elt_dag.py took 0.207 seconds
[2024-08-31T01:03:14.270+0000] {processor.py:161} INFO - Started process (PID=365) to work on /opt/airflow/dags/elt_dag.py
[2024-08-31T01:03:14.273+0000] {processor.py:830} INFO - Processing file /opt/airflow/dags/elt_dag.py for tasks to queue
[2024-08-31T01:03:14.276+0000] {logging_mixin.py:188} INFO - [2024-08-31T01:03:14.276+0000] {dagbag.py:545} INFO - Filling up the DagBag from /opt/airflow/dags/elt_dag.py
[2024-08-31T01:03:14.316+0000] {processor.py:840} INFO - DAG(s) 'olist_dag' retrieved from /opt/airflow/dags/elt_dag.py
[2024-08-31T01:03:14.381+0000] {logging_mixin.py:188} INFO - [2024-08-31T01:03:14.381+0000] {dag.py:3089} INFO - Sync 1 DAGs
[2024-08-31T01:03:14.452+0000] {processor.py:183} INFO - Processing /opt/airflow/dags/elt_dag.py took 0.194 seconds
[2024-08-31T01:03:44.620+0000] {processor.py:161} INFO - Started process (PID=372) to work on /opt/airflow/dags/elt_dag.py
[2024-08-31T01:03:44.622+0000] {processor.py:830} INFO - Processing file /opt/airflow/dags/elt_dag.py for tasks to queue
[2024-08-31T01:03:44.625+0000] {logging_mixin.py:188} INFO - [2024-08-31T01:03:44.625+0000] {dagbag.py:545} INFO - Filling up the DagBag from /opt/airflow/dags/elt_dag.py
[2024-08-31T01:03:44.672+0000] {processor.py:840} INFO - DAG(s) 'olist_dag' retrieved from /opt/airflow/dags/elt_dag.py
[2024-08-31T01:03:44.724+0000] {logging_mixin.py:188} INFO - [2024-08-31T01:03:44.724+0000] {dag.py:3089} INFO - Sync 1 DAGs
[2024-08-31T01:03:44.800+0000] {processor.py:183} INFO - Processing /opt/airflow/dags/elt_dag.py took 0.189 seconds
[2024-08-31T01:04:14.981+0000] {processor.py:161} INFO - Started process (PID=379) to work on /opt/airflow/dags/elt_dag.py
[2024-08-31T01:04:14.983+0000] {processor.py:830} INFO - Processing file /opt/airflow/dags/elt_dag.py for tasks to queue
[2024-08-31T01:04:14.987+0000] {logging_mixin.py:188} INFO - [2024-08-31T01:04:14.986+0000] {dagbag.py:545} INFO - Filling up the DagBag from /opt/airflow/dags/elt_dag.py
[2024-08-31T01:04:15.042+0000] {processor.py:840} INFO - DAG(s) 'olist_dag' retrieved from /opt/airflow/dags/elt_dag.py
[2024-08-31T01:04:15.095+0000] {logging_mixin.py:188} INFO - [2024-08-31T01:04:15.095+0000] {dag.py:3089} INFO - Sync 1 DAGs
[2024-08-31T01:04:15.181+0000] {processor.py:183} INFO - Processing /opt/airflow/dags/elt_dag.py took 0.211 seconds
[2024-08-31T01:04:45.330+0000] {processor.py:161} INFO - Started process (PID=395) to work on /opt/airflow/dags/elt_dag.py
[2024-08-31T01:04:45.333+0000] {processor.py:830} INFO - Processing file /opt/airflow/dags/elt_dag.py for tasks to queue
[2024-08-31T01:04:45.337+0000] {logging_mixin.py:188} INFO - [2024-08-31T01:04:45.336+0000] {dagbag.py:545} INFO - Filling up the DagBag from /opt/airflow/dags/elt_dag.py
[2024-08-31T01:04:45.394+0000] {processor.py:840} INFO - DAG(s) 'olist_dag' retrieved from /opt/airflow/dags/elt_dag.py
[2024-08-31T01:04:45.467+0000] {logging_mixin.py:188} INFO - [2024-08-31T01:04:45.467+0000] {dag.py:3089} INFO - Sync 1 DAGs
[2024-08-31T01:04:45.566+0000] {processor.py:183} INFO - Processing /opt/airflow/dags/elt_dag.py took 0.250 seconds
[2024-08-31T01:05:15.761+0000] {processor.py:161} INFO - Started process (PID=414) to work on /opt/airflow/dags/elt_dag.py
[2024-08-31T01:05:15.762+0000] {processor.py:830} INFO - Processing file /opt/airflow/dags/elt_dag.py for tasks to queue
[2024-08-31T01:05:15.767+0000] {logging_mixin.py:188} INFO - [2024-08-31T01:05:15.767+0000] {dagbag.py:545} INFO - Filling up the DagBag from /opt/airflow/dags/elt_dag.py
[2024-08-31T01:05:15.820+0000] {processor.py:840} INFO - DAG(s) 'olist_dag' retrieved from /opt/airflow/dags/elt_dag.py
[2024-08-31T01:05:15.877+0000] {logging_mixin.py:188} INFO - [2024-08-31T01:05:15.877+0000] {dag.py:3089} INFO - Sync 1 DAGs
[2024-08-31T01:05:15.962+0000] {processor.py:183} INFO - Processing /opt/airflow/dags/elt_dag.py took 0.212 seconds
[2024-08-31T01:05:46.130+0000] {processor.py:161} INFO - Started process (PID=421) to work on /opt/airflow/dags/elt_dag.py
[2024-08-31T01:05:46.132+0000] {processor.py:830} INFO - Processing file /opt/airflow/dags/elt_dag.py for tasks to queue
[2024-08-31T01:05:46.136+0000] {logging_mixin.py:188} INFO - [2024-08-31T01:05:46.135+0000] {dagbag.py:545} INFO - Filling up the DagBag from /opt/airflow/dags/elt_dag.py
[2024-08-31T01:05:46.181+0000] {processor.py:840} INFO - DAG(s) 'olist_dag' retrieved from /opt/airflow/dags/elt_dag.py
[2024-08-31T01:05:46.231+0000] {logging_mixin.py:188} INFO - [2024-08-31T01:05:46.231+0000] {dag.py:3089} INFO - Sync 1 DAGs
[2024-08-31T01:05:46.309+0000] {processor.py:183} INFO - Processing /opt/airflow/dags/elt_dag.py took 0.188 seconds
[2024-08-31T01:06:16.467+0000] {processor.py:161} INFO - Started process (PID=428) to work on /opt/airflow/dags/elt_dag.py
[2024-08-31T01:06:16.469+0000] {processor.py:830} INFO - Processing file /opt/airflow/dags/elt_dag.py for tasks to queue
[2024-08-31T01:06:16.473+0000] {logging_mixin.py:188} INFO - [2024-08-31T01:06:16.472+0000] {dagbag.py:545} INFO - Filling up the DagBag from /opt/airflow/dags/elt_dag.py
[2024-08-31T01:06:16.522+0000] {processor.py:840} INFO - DAG(s) 'olist_dag' retrieved from /opt/airflow/dags/elt_dag.py
[2024-08-31T01:06:16.573+0000] {logging_mixin.py:188} INFO - [2024-08-31T01:06:16.573+0000] {dag.py:3089} INFO - Sync 1 DAGs
[2024-08-31T01:06:16.648+0000] {processor.py:183} INFO - Processing /opt/airflow/dags/elt_dag.py took 0.190 seconds
[2024-08-31T01:06:46.817+0000] {processor.py:161} INFO - Started process (PID=435) to work on /opt/airflow/dags/elt_dag.py
[2024-08-31T01:06:46.819+0000] {processor.py:830} INFO - Processing file /opt/airflow/dags/elt_dag.py for tasks to queue
[2024-08-31T01:06:46.823+0000] {logging_mixin.py:188} INFO - [2024-08-31T01:06:46.822+0000] {dagbag.py:545} INFO - Filling up the DagBag from /opt/airflow/dags/elt_dag.py
[2024-08-31T01:06:46.868+0000] {processor.py:840} INFO - DAG(s) 'olist_dag' retrieved from /opt/airflow/dags/elt_dag.py
[2024-08-31T01:06:46.925+0000] {logging_mixin.py:188} INFO - [2024-08-31T01:06:46.925+0000] {dag.py:3089} INFO - Sync 1 DAGs
[2024-08-31T01:06:47.011+0000] {processor.py:183} INFO - Processing /opt/airflow/dags/elt_dag.py took 0.205 seconds
[2024-08-31T01:07:17.140+0000] {processor.py:161} INFO - Started process (PID=442) to work on /opt/airflow/dags/elt_dag.py
[2024-08-31T01:07:17.141+0000] {processor.py:830} INFO - Processing file /opt/airflow/dags/elt_dag.py for tasks to queue
[2024-08-31T01:07:17.145+0000] {logging_mixin.py:188} INFO - [2024-08-31T01:07:17.144+0000] {dagbag.py:545} INFO - Filling up the DagBag from /opt/airflow/dags/elt_dag.py
[2024-08-31T01:07:17.186+0000] {processor.py:840} INFO - DAG(s) 'olist_dag' retrieved from /opt/airflow/dags/elt_dag.py
[2024-08-31T01:07:17.255+0000] {logging_mixin.py:188} INFO - [2024-08-31T01:07:17.254+0000] {dag.py:3089} INFO - Sync 1 DAGs
[2024-08-31T01:07:17.335+0000] {processor.py:183} INFO - Processing /opt/airflow/dags/elt_dag.py took 0.205 seconds
[2024-08-31T01:07:47.520+0000] {processor.py:161} INFO - Started process (PID=449) to work on /opt/airflow/dags/elt_dag.py
[2024-08-31T01:07:47.522+0000] {processor.py:830} INFO - Processing file /opt/airflow/dags/elt_dag.py for tasks to queue
[2024-08-31T01:07:47.526+0000] {logging_mixin.py:188} INFO - [2024-08-31T01:07:47.525+0000] {dagbag.py:545} INFO - Filling up the DagBag from /opt/airflow/dags/elt_dag.py
[2024-08-31T01:07:47.576+0000] {processor.py:840} INFO - DAG(s) 'olist_dag' retrieved from /opt/airflow/dags/elt_dag.py
[2024-08-31T01:07:47.631+0000] {logging_mixin.py:188} INFO - [2024-08-31T01:07:47.630+0000] {dag.py:3089} INFO - Sync 1 DAGs
[2024-08-31T01:07:47.773+0000] {processor.py:183} INFO - Processing /opt/airflow/dags/elt_dag.py took 0.263 seconds
[2024-08-31T01:08:17.860+0000] {processor.py:161} INFO - Started process (PID=456) to work on /opt/airflow/dags/elt_dag.py
[2024-08-31T01:08:17.862+0000] {processor.py:830} INFO - Processing file /opt/airflow/dags/elt_dag.py for tasks to queue
[2024-08-31T01:08:17.866+0000] {logging_mixin.py:188} INFO - [2024-08-31T01:08:17.865+0000] {dagbag.py:545} INFO - Filling up the DagBag from /opt/airflow/dags/elt_dag.py
[2024-08-31T01:08:17.915+0000] {processor.py:840} INFO - DAG(s) 'olist_dag' retrieved from /opt/airflow/dags/elt_dag.py
[2024-08-31T01:08:18.004+0000] {logging_mixin.py:188} INFO - [2024-08-31T01:08:18.003+0000] {dag.py:3089} INFO - Sync 1 DAGs
[2024-08-31T01:08:18.119+0000] {processor.py:183} INFO - Processing /opt/airflow/dags/elt_dag.py took 0.269 seconds
[2024-08-31T01:08:48.355+0000] {processor.py:161} INFO - Started process (PID=463) to work on /opt/airflow/dags/elt_dag.py
[2024-08-31T01:08:48.357+0000] {processor.py:830} INFO - Processing file /opt/airflow/dags/elt_dag.py for tasks to queue
[2024-08-31T01:08:48.361+0000] {logging_mixin.py:188} INFO - [2024-08-31T01:08:48.360+0000] {dagbag.py:545} INFO - Filling up the DagBag from /opt/airflow/dags/elt_dag.py
[2024-08-31T01:08:48.411+0000] {processor.py:840} INFO - DAG(s) 'olist_dag' retrieved from /opt/airflow/dags/elt_dag.py
[2024-08-31T01:08:48.468+0000] {logging_mixin.py:188} INFO - [2024-08-31T01:08:48.468+0000] {dag.py:3089} INFO - Sync 1 DAGs
[2024-08-31T01:08:48.558+0000] {processor.py:183} INFO - Processing /opt/airflow/dags/elt_dag.py took 0.214 seconds
[2024-08-31T01:09:18.634+0000] {processor.py:161} INFO - Started process (PID=470) to work on /opt/airflow/dags/elt_dag.py
[2024-08-31T01:09:18.635+0000] {processor.py:830} INFO - Processing file /opt/airflow/dags/elt_dag.py for tasks to queue
[2024-08-31T01:09:18.639+0000] {logging_mixin.py:188} INFO - [2024-08-31T01:09:18.638+0000] {dagbag.py:545} INFO - Filling up the DagBag from /opt/airflow/dags/elt_dag.py
[2024-08-31T01:09:18.688+0000] {processor.py:840} INFO - DAG(s) 'olist_dag' retrieved from /opt/airflow/dags/elt_dag.py
[2024-08-31T01:09:18.746+0000] {logging_mixin.py:188} INFO - [2024-08-31T01:09:18.746+0000] {dag.py:3089} INFO - Sync 1 DAGs
[2024-08-31T01:09:18.825+0000] {processor.py:183} INFO - Processing /opt/airflow/dags/elt_dag.py took 0.200 seconds
[2024-08-31T01:09:49.090+0000] {processor.py:161} INFO - Started process (PID=477) to work on /opt/airflow/dags/elt_dag.py
[2024-08-31T01:09:49.095+0000] {processor.py:830} INFO - Processing file /opt/airflow/dags/elt_dag.py for tasks to queue
[2024-08-31T01:09:49.101+0000] {logging_mixin.py:188} INFO - [2024-08-31T01:09:49.100+0000] {dagbag.py:545} INFO - Filling up the DagBag from /opt/airflow/dags/elt_dag.py
[2024-08-31T01:09:49.163+0000] {processor.py:840} INFO - DAG(s) 'olist_dag' retrieved from /opt/airflow/dags/elt_dag.py
[2024-08-31T01:09:49.228+0000] {logging_mixin.py:188} INFO - [2024-08-31T01:09:49.227+0000] {dag.py:3089} INFO - Sync 1 DAGs
[2024-08-31T01:09:49.312+0000] {processor.py:183} INFO - Processing /opt/airflow/dags/elt_dag.py took 0.235 seconds
[2024-08-31T01:10:19.637+0000] {processor.py:161} INFO - Started process (PID=503) to work on /opt/airflow/dags/elt_dag.py
[2024-08-31T01:10:19.640+0000] {processor.py:830} INFO - Processing file /opt/airflow/dags/elt_dag.py for tasks to queue
[2024-08-31T01:10:19.651+0000] {logging_mixin.py:188} INFO - [2024-08-31T01:10:19.650+0000] {dagbag.py:545} INFO - Filling up the DagBag from /opt/airflow/dags/elt_dag.py
[2024-08-31T01:10:19.711+0000] {processor.py:840} INFO - DAG(s) 'olist_dag' retrieved from /opt/airflow/dags/elt_dag.py
[2024-08-31T01:10:19.782+0000] {logging_mixin.py:188} INFO - [2024-08-31T01:10:19.782+0000] {dag.py:3089} INFO - Sync 1 DAGs
[2024-08-31T01:10:19.851+0000] {logging_mixin.py:188} INFO - [2024-08-31T01:10:19.851+0000] {dag.py:3947} INFO - Setting next_dagrun for olist_dag to 2023-06-05 00:00:00+00:00, run_after=2023-06-06 00:00:00+00:00
[2024-08-31T01:10:19.927+0000] {processor.py:183} INFO - Processing /opt/airflow/dags/elt_dag.py took 0.305 seconds
[2024-08-31T01:10:50.249+0000] {processor.py:161} INFO - Started process (PID=515) to work on /opt/airflow/dags/elt_dag.py
[2024-08-31T01:10:50.252+0000] {processor.py:830} INFO - Processing file /opt/airflow/dags/elt_dag.py for tasks to queue
[2024-08-31T01:10:50.256+0000] {logging_mixin.py:188} INFO - [2024-08-31T01:10:50.255+0000] {dagbag.py:545} INFO - Filling up the DagBag from /opt/airflow/dags/elt_dag.py
[2024-08-31T01:10:50.308+0000] {processor.py:840} INFO - DAG(s) 'olist_dag' retrieved from /opt/airflow/dags/elt_dag.py
[2024-08-31T01:10:50.391+0000] {logging_mixin.py:188} INFO - [2024-08-31T01:10:50.390+0000] {dag.py:3089} INFO - Sync 1 DAGs
[2024-08-31T01:10:50.485+0000] {processor.py:183} INFO - Processing /opt/airflow/dags/elt_dag.py took 0.249 seconds
[2024-08-31T01:11:20.863+0000] {processor.py:161} INFO - Started process (PID=522) to work on /opt/airflow/dags/elt_dag.py
[2024-08-31T01:11:20.865+0000] {processor.py:830} INFO - Processing file /opt/airflow/dags/elt_dag.py for tasks to queue
[2024-08-31T01:11:20.869+0000] {logging_mixin.py:188} INFO - [2024-08-31T01:11:20.868+0000] {dagbag.py:545} INFO - Filling up the DagBag from /opt/airflow/dags/elt_dag.py
[2024-08-31T01:11:20.914+0000] {processor.py:840} INFO - DAG(s) 'olist_dag' retrieved from /opt/airflow/dags/elt_dag.py
[2024-08-31T01:11:20.990+0000] {logging_mixin.py:188} INFO - [2024-08-31T01:11:20.990+0000] {dag.py:3089} INFO - Sync 1 DAGs
[2024-08-31T01:11:21.081+0000] {processor.py:183} INFO - Processing /opt/airflow/dags/elt_dag.py took 0.231 seconds
[2024-08-31T01:11:51.193+0000] {processor.py:161} INFO - Started process (PID=529) to work on /opt/airflow/dags/elt_dag.py
[2024-08-31T01:11:51.195+0000] {processor.py:830} INFO - Processing file /opt/airflow/dags/elt_dag.py for tasks to queue
[2024-08-31T01:11:51.199+0000] {logging_mixin.py:188} INFO - [2024-08-31T01:11:51.198+0000] {dagbag.py:545} INFO - Filling up the DagBag from /opt/airflow/dags/elt_dag.py
[2024-08-31T01:11:51.248+0000] {processor.py:840} INFO - DAG(s) 'olist_dag' retrieved from /opt/airflow/dags/elt_dag.py
[2024-08-31T01:11:51.309+0000] {logging_mixin.py:188} INFO - [2024-08-31T01:11:51.309+0000] {dag.py:3089} INFO - Sync 1 DAGs
[2024-08-31T01:11:51.423+0000] {processor.py:183} INFO - Processing /opt/airflow/dags/elt_dag.py took 0.240 seconds
[2024-08-31T01:12:21.720+0000] {processor.py:161} INFO - Started process (PID=536) to work on /opt/airflow/dags/elt_dag.py
[2024-08-31T01:12:21.722+0000] {processor.py:830} INFO - Processing file /opt/airflow/dags/elt_dag.py for tasks to queue
[2024-08-31T01:12:21.726+0000] {logging_mixin.py:188} INFO - [2024-08-31T01:12:21.725+0000] {dagbag.py:545} INFO - Filling up the DagBag from /opt/airflow/dags/elt_dag.py
[2024-08-31T01:12:21.774+0000] {processor.py:840} INFO - DAG(s) 'olist_dag' retrieved from /opt/airflow/dags/elt_dag.py
[2024-08-31T01:12:21.827+0000] {logging_mixin.py:188} INFO - [2024-08-31T01:12:21.827+0000] {dag.py:3089} INFO - Sync 1 DAGs
[2024-08-31T01:12:21.913+0000] {processor.py:183} INFO - Processing /opt/airflow/dags/elt_dag.py took 0.205 seconds
[2024-08-31T01:12:51.989+0000] {processor.py:161} INFO - Started process (PID=543) to work on /opt/airflow/dags/elt_dag.py
[2024-08-31T01:12:51.991+0000] {processor.py:830} INFO - Processing file /opt/airflow/dags/elt_dag.py for tasks to queue
[2024-08-31T01:12:51.994+0000] {logging_mixin.py:188} INFO - [2024-08-31T01:12:51.994+0000] {dagbag.py:545} INFO - Filling up the DagBag from /opt/airflow/dags/elt_dag.py
[2024-08-31T01:12:52.042+0000] {processor.py:840} INFO - DAG(s) 'olist_dag' retrieved from /opt/airflow/dags/elt_dag.py
[2024-08-31T01:12:52.100+0000] {logging_mixin.py:188} INFO - [2024-08-31T01:12:52.100+0000] {dag.py:3089} INFO - Sync 1 DAGs
[2024-08-31T01:12:52.204+0000] {processor.py:183} INFO - Processing /opt/airflow/dags/elt_dag.py took 0.224 seconds
[2024-08-31T01:13:22.424+0000] {processor.py:161} INFO - Started process (PID=550) to work on /opt/airflow/dags/elt_dag.py
[2024-08-31T01:13:22.426+0000] {processor.py:830} INFO - Processing file /opt/airflow/dags/elt_dag.py for tasks to queue
[2024-08-31T01:13:22.430+0000] {logging_mixin.py:188} INFO - [2024-08-31T01:13:22.429+0000] {dagbag.py:545} INFO - Filling up the DagBag from /opt/airflow/dags/elt_dag.py
[2024-08-31T01:13:22.480+0000] {processor.py:840} INFO - DAG(s) 'olist_dag' retrieved from /opt/airflow/dags/elt_dag.py
[2024-08-31T01:13:22.543+0000] {logging_mixin.py:188} INFO - [2024-08-31T01:13:22.543+0000] {dag.py:3089} INFO - Sync 1 DAGs
[2024-08-31T01:13:22.643+0000] {processor.py:183} INFO - Processing /opt/airflow/dags/elt_dag.py took 0.231 seconds
[2024-08-31T01:13:52.927+0000] {processor.py:161} INFO - Started process (PID=557) to work on /opt/airflow/dags/elt_dag.py
[2024-08-31T01:13:52.929+0000] {processor.py:830} INFO - Processing file /opt/airflow/dags/elt_dag.py for tasks to queue
[2024-08-31T01:13:52.933+0000] {logging_mixin.py:188} INFO - [2024-08-31T01:13:52.932+0000] {dagbag.py:545} INFO - Filling up the DagBag from /opt/airflow/dags/elt_dag.py
[2024-08-31T01:13:52.983+0000] {processor.py:840} INFO - DAG(s) 'olist_dag' retrieved from /opt/airflow/dags/elt_dag.py
[2024-08-31T01:13:53.042+0000] {logging_mixin.py:188} INFO - [2024-08-31T01:13:53.041+0000] {dag.py:3089} INFO - Sync 1 DAGs
[2024-08-31T01:13:53.127+0000] {processor.py:183} INFO - Processing /opt/airflow/dags/elt_dag.py took 0.212 seconds
[2024-08-31T01:14:23.392+0000] {processor.py:161} INFO - Started process (PID=564) to work on /opt/airflow/dags/elt_dag.py
[2024-08-31T01:14:23.394+0000] {processor.py:830} INFO - Processing file /opt/airflow/dags/elt_dag.py for tasks to queue
[2024-08-31T01:14:23.398+0000] {logging_mixin.py:188} INFO - [2024-08-31T01:14:23.397+0000] {dagbag.py:545} INFO - Filling up the DagBag from /opt/airflow/dags/elt_dag.py
[2024-08-31T01:14:23.446+0000] {processor.py:840} INFO - DAG(s) 'olist_dag' retrieved from /opt/airflow/dags/elt_dag.py
[2024-08-31T01:14:23.510+0000] {logging_mixin.py:188} INFO - [2024-08-31T01:14:23.509+0000] {dag.py:3089} INFO - Sync 1 DAGs
[2024-08-31T01:14:23.585+0000] {processor.py:183} INFO - Processing /opt/airflow/dags/elt_dag.py took 0.202 seconds
[2024-08-31T01:14:53.930+0000] {processor.py:161} INFO - Started process (PID=571) to work on /opt/airflow/dags/elt_dag.py
[2024-08-31T01:14:53.932+0000] {processor.py:830} INFO - Processing file /opt/airflow/dags/elt_dag.py for tasks to queue
[2024-08-31T01:14:53.938+0000] {logging_mixin.py:188} INFO - [2024-08-31T01:14:53.937+0000] {dagbag.py:545} INFO - Filling up the DagBag from /opt/airflow/dags/elt_dag.py
[2024-08-31T01:14:53.993+0000] {processor.py:840} INFO - DAG(s) 'olist_dag' retrieved from /opt/airflow/dags/elt_dag.py
[2024-08-31T01:14:54.061+0000] {logging_mixin.py:188} INFO - [2024-08-31T01:14:54.061+0000] {dag.py:3089} INFO - Sync 1 DAGs
[2024-08-31T01:14:54.141+0000] {processor.py:183} INFO - Processing /opt/airflow/dags/elt_dag.py took 0.222 seconds
[2024-08-31T01:15:24.289+0000] {processor.py:161} INFO - Started process (PID=590) to work on /opt/airflow/dags/elt_dag.py
[2024-08-31T01:15:24.293+0000] {processor.py:830} INFO - Processing file /opt/airflow/dags/elt_dag.py for tasks to queue
[2024-08-31T01:15:24.304+0000] {logging_mixin.py:188} INFO - [2024-08-31T01:15:24.302+0000] {dagbag.py:545} INFO - Filling up the DagBag from /opt/airflow/dags/elt_dag.py
[2024-08-31T01:15:24.472+0000] {processor.py:840} INFO - DAG(s) 'olist_dag' retrieved from /opt/airflow/dags/elt_dag.py
[2024-08-31T01:15:24.623+0000] {logging_mixin.py:188} INFO - [2024-08-31T01:15:24.623+0000] {dag.py:3089} INFO - Sync 1 DAGs
[2024-08-31T01:15:24.834+0000] {processor.py:183} INFO - Processing /opt/airflow/dags/elt_dag.py took 0.567 seconds
[2024-08-31T01:15:55.199+0000] {processor.py:161} INFO - Started process (PID=609) to work on /opt/airflow/dags/elt_dag.py
[2024-08-31T01:15:55.200+0000] {processor.py:830} INFO - Processing file /opt/airflow/dags/elt_dag.py for tasks to queue
[2024-08-31T01:15:55.204+0000] {logging_mixin.py:188} INFO - [2024-08-31T01:15:55.203+0000] {dagbag.py:545} INFO - Filling up the DagBag from /opt/airflow/dags/elt_dag.py
[2024-08-31T01:15:55.263+0000] {processor.py:840} INFO - DAG(s) 'olist_dag' retrieved from /opt/airflow/dags/elt_dag.py
[2024-08-31T01:15:55.324+0000] {logging_mixin.py:188} INFO - [2024-08-31T01:15:55.323+0000] {dag.py:3089} INFO - Sync 1 DAGs
[2024-08-31T01:15:55.414+0000] {processor.py:183} INFO - Processing /opt/airflow/dags/elt_dag.py took 0.226 seconds
[2024-08-31T01:16:25.743+0000] {processor.py:161} INFO - Started process (PID=616) to work on /opt/airflow/dags/elt_dag.py
[2024-08-31T01:16:25.744+0000] {processor.py:830} INFO - Processing file /opt/airflow/dags/elt_dag.py for tasks to queue
[2024-08-31T01:16:25.749+0000] {logging_mixin.py:188} INFO - [2024-08-31T01:16:25.748+0000] {dagbag.py:545} INFO - Filling up the DagBag from /opt/airflow/dags/elt_dag.py
[2024-08-31T01:16:25.791+0000] {processor.py:840} INFO - DAG(s) 'olist_dag' retrieved from /opt/airflow/dags/elt_dag.py
[2024-08-31T01:16:25.847+0000] {logging_mixin.py:188} INFO - [2024-08-31T01:16:25.846+0000] {dag.py:3089} INFO - Sync 1 DAGs
[2024-08-31T01:16:25.934+0000] {processor.py:183} INFO - Processing /opt/airflow/dags/elt_dag.py took 0.202 seconds
[2024-08-31T01:16:56.228+0000] {processor.py:161} INFO - Started process (PID=623) to work on /opt/airflow/dags/elt_dag.py
[2024-08-31T01:16:56.230+0000] {processor.py:830} INFO - Processing file /opt/airflow/dags/elt_dag.py for tasks to queue
[2024-08-31T01:16:56.233+0000] {logging_mixin.py:188} INFO - [2024-08-31T01:16:56.233+0000] {dagbag.py:545} INFO - Filling up the DagBag from /opt/airflow/dags/elt_dag.py
[2024-08-31T01:16:56.285+0000] {processor.py:840} INFO - DAG(s) 'olist_dag' retrieved from /opt/airflow/dags/elt_dag.py
[2024-08-31T01:16:56.355+0000] {logging_mixin.py:188} INFO - [2024-08-31T01:16:56.355+0000] {dag.py:3089} INFO - Sync 1 DAGs
[2024-08-31T01:16:56.441+0000] {processor.py:183} INFO - Processing /opt/airflow/dags/elt_dag.py took 0.223 seconds
[2024-08-31T01:17:26.730+0000] {processor.py:161} INFO - Started process (PID=630) to work on /opt/airflow/dags/elt_dag.py
[2024-08-31T01:17:26.731+0000] {processor.py:830} INFO - Processing file /opt/airflow/dags/elt_dag.py for tasks to queue
[2024-08-31T01:17:26.735+0000] {logging_mixin.py:188} INFO - [2024-08-31T01:17:26.734+0000] {dagbag.py:545} INFO - Filling up the DagBag from /opt/airflow/dags/elt_dag.py
[2024-08-31T01:17:26.775+0000] {processor.py:840} INFO - DAG(s) 'olist_dag' retrieved from /opt/airflow/dags/elt_dag.py
[2024-08-31T01:17:26.831+0000] {logging_mixin.py:188} INFO - [2024-08-31T01:17:26.830+0000] {dag.py:3089} INFO - Sync 1 DAGs
[2024-08-31T01:17:26.915+0000] {processor.py:183} INFO - Processing /opt/airflow/dags/elt_dag.py took 0.196 seconds
[2024-08-31T01:17:57.004+0000] {processor.py:161} INFO - Started process (PID=637) to work on /opt/airflow/dags/elt_dag.py
[2024-08-31T01:17:57.006+0000] {processor.py:830} INFO - Processing file /opt/airflow/dags/elt_dag.py for tasks to queue
[2024-08-31T01:17:57.010+0000] {logging_mixin.py:188} INFO - [2024-08-31T01:17:57.009+0000] {dagbag.py:545} INFO - Filling up the DagBag from /opt/airflow/dags/elt_dag.py
[2024-08-31T01:17:57.060+0000] {processor.py:840} INFO - DAG(s) 'olist_dag' retrieved from /opt/airflow/dags/elt_dag.py
[2024-08-31T01:17:57.122+0000] {logging_mixin.py:188} INFO - [2024-08-31T01:17:57.122+0000] {dag.py:3089} INFO - Sync 1 DAGs
[2024-08-31T01:17:57.209+0000] {processor.py:183} INFO - Processing /opt/airflow/dags/elt_dag.py took 0.221 seconds
[2024-08-31T01:18:27.480+0000] {processor.py:161} INFO - Started process (PID=644) to work on /opt/airflow/dags/elt_dag.py
[2024-08-31T01:18:27.485+0000] {processor.py:830} INFO - Processing file /opt/airflow/dags/elt_dag.py for tasks to queue
[2024-08-31T01:18:27.494+0000] {logging_mixin.py:188} INFO - [2024-08-31T01:18:27.492+0000] {dagbag.py:545} INFO - Filling up the DagBag from /opt/airflow/dags/elt_dag.py
[2024-08-31T01:18:27.567+0000] {processor.py:840} INFO - DAG(s) 'olist_dag' retrieved from /opt/airflow/dags/elt_dag.py
[2024-08-31T01:18:27.678+0000] {logging_mixin.py:188} INFO - [2024-08-31T01:18:27.677+0000] {dag.py:3089} INFO - Sync 1 DAGs
[2024-08-31T01:18:27.771+0000] {processor.py:183} INFO - Processing /opt/airflow/dags/elt_dag.py took 0.319 seconds
[2024-08-31T01:18:58.132+0000] {processor.py:161} INFO - Started process (PID=651) to work on /opt/airflow/dags/elt_dag.py
[2024-08-31T01:18:58.135+0000] {processor.py:830} INFO - Processing file /opt/airflow/dags/elt_dag.py for tasks to queue
[2024-08-31T01:18:58.139+0000] {logging_mixin.py:188} INFO - [2024-08-31T01:18:58.138+0000] {dagbag.py:545} INFO - Filling up the DagBag from /opt/airflow/dags/elt_dag.py
[2024-08-31T01:18:58.206+0000] {processor.py:840} INFO - DAG(s) 'olist_dag' retrieved from /opt/airflow/dags/elt_dag.py
[2024-08-31T01:18:58.300+0000] {logging_mixin.py:188} INFO - [2024-08-31T01:18:58.300+0000] {dag.py:3089} INFO - Sync 1 DAGs
[2024-08-31T01:18:58.584+0000] {processor.py:183} INFO - Processing /opt/airflow/dags/elt_dag.py took 0.465 seconds
[2024-08-31T01:19:28.900+0000] {processor.py:161} INFO - Started process (PID=658) to work on /opt/airflow/dags/elt_dag.py
[2024-08-31T01:19:28.902+0000] {processor.py:830} INFO - Processing file /opt/airflow/dags/elt_dag.py for tasks to queue
[2024-08-31T01:19:28.907+0000] {logging_mixin.py:188} INFO - [2024-08-31T01:19:28.906+0000] {dagbag.py:545} INFO - Filling up the DagBag from /opt/airflow/dags/elt_dag.py
[2024-08-31T01:19:28.973+0000] {processor.py:840} INFO - DAG(s) 'olist_dag' retrieved from /opt/airflow/dags/elt_dag.py
[2024-08-31T01:19:29.050+0000] {logging_mixin.py:188} INFO - [2024-08-31T01:19:29.050+0000] {dag.py:3089} INFO - Sync 1 DAGs
[2024-08-31T01:19:29.172+0000] {processor.py:183} INFO - Processing /opt/airflow/dags/elt_dag.py took 0.285 seconds
[2024-08-31T01:19:59.551+0000] {processor.py:161} INFO - Started process (PID=665) to work on /opt/airflow/dags/elt_dag.py
[2024-08-31T01:19:59.565+0000] {processor.py:830} INFO - Processing file /opt/airflow/dags/elt_dag.py for tasks to queue
[2024-08-31T01:19:59.582+0000] {logging_mixin.py:188} INFO - [2024-08-31T01:19:59.580+0000] {dagbag.py:545} INFO - Filling up the DagBag from /opt/airflow/dags/elt_dag.py
[2024-08-31T01:19:59.832+0000] {processor.py:840} INFO - DAG(s) 'olist_dag' retrieved from /opt/airflow/dags/elt_dag.py
[2024-08-31T01:20:00.100+0000] {logging_mixin.py:188} INFO - [2024-08-31T01:20:00.100+0000] {dag.py:3089} INFO - Sync 1 DAGs
[2024-08-31T01:20:00.345+0000] {processor.py:183} INFO - Processing /opt/airflow/dags/elt_dag.py took 0.819 seconds
[2024-08-31T01:20:30.493+0000] {processor.py:161} INFO - Started process (PID=672) to work on /opt/airflow/dags/elt_dag.py
[2024-08-31T01:20:30.497+0000] {processor.py:830} INFO - Processing file /opt/airflow/dags/elt_dag.py for tasks to queue
[2024-08-31T01:20:30.502+0000] {logging_mixin.py:188} INFO - [2024-08-31T01:20:30.501+0000] {dagbag.py:545} INFO - Filling up the DagBag from /opt/airflow/dags/elt_dag.py
[2024-08-31T01:20:30.614+0000] {processor.py:840} INFO - DAG(s) 'olist_dag' retrieved from /opt/airflow/dags/elt_dag.py
[2024-08-31T01:20:30.698+0000] {logging_mixin.py:188} INFO - [2024-08-31T01:20:30.698+0000] {dag.py:3089} INFO - Sync 1 DAGs
[2024-08-31T01:20:30.906+0000] {processor.py:183} INFO - Processing /opt/airflow/dags/elt_dag.py took 0.427 seconds
[2024-08-31T01:21:01.024+0000] {processor.py:161} INFO - Started process (PID=702) to work on /opt/airflow/dags/elt_dag.py
[2024-08-31T01:21:01.028+0000] {processor.py:830} INFO - Processing file /opt/airflow/dags/elt_dag.py for tasks to queue
[2024-08-31T01:21:01.033+0000] {logging_mixin.py:188} INFO - [2024-08-31T01:21:01.032+0000] {dagbag.py:545} INFO - Filling up the DagBag from /opt/airflow/dags/elt_dag.py
[2024-08-31T01:21:01.094+0000] {processor.py:840} INFO - DAG(s) 'olist_dag' retrieved from /opt/airflow/dags/elt_dag.py
[2024-08-31T01:21:01.172+0000] {logging_mixin.py:188} INFO - [2024-08-31T01:21:01.171+0000] {dag.py:3089} INFO - Sync 1 DAGs
[2024-08-31T01:21:01.270+0000] {logging_mixin.py:188} INFO - [2024-08-31T01:21:01.268+0000] {dag.py:3947} INFO - Setting next_dagrun for olist_dag to 2023-06-25 00:00:00+00:00, run_after=2023-06-26 00:00:00+00:00
[2024-08-31T01:21:01.336+0000] {processor.py:183} INFO - Processing /opt/airflow/dags/elt_dag.py took 0.327 seconds
[2024-08-31T01:21:31.487+0000] {processor.py:161} INFO - Started process (PID=709) to work on /opt/airflow/dags/elt_dag.py
[2024-08-31T01:21:31.489+0000] {processor.py:830} INFO - Processing file /opt/airflow/dags/elt_dag.py for tasks to queue
[2024-08-31T01:21:31.493+0000] {logging_mixin.py:188} INFO - [2024-08-31T01:21:31.492+0000] {dagbag.py:545} INFO - Filling up the DagBag from /opt/airflow/dags/elt_dag.py
[2024-08-31T01:21:31.539+0000] {processor.py:840} INFO - DAG(s) 'olist_dag' retrieved from /opt/airflow/dags/elt_dag.py
[2024-08-31T01:21:31.595+0000] {logging_mixin.py:188} INFO - [2024-08-31T01:21:31.594+0000] {dag.py:3089} INFO - Sync 1 DAGs
[2024-08-31T01:21:31.691+0000] {processor.py:183} INFO - Processing /opt/airflow/dags/elt_dag.py took 0.217 seconds
[2024-08-31T01:22:01.980+0000] {processor.py:161} INFO - Started process (PID=716) to work on /opt/airflow/dags/elt_dag.py
[2024-08-31T01:22:01.982+0000] {processor.py:830} INFO - Processing file /opt/airflow/dags/elt_dag.py for tasks to queue
[2024-08-31T01:22:01.994+0000] {logging_mixin.py:188} INFO - [2024-08-31T01:22:01.993+0000] {dagbag.py:545} INFO - Filling up the DagBag from /opt/airflow/dags/elt_dag.py
[2024-08-31T01:22:02.096+0000] {processor.py:840} INFO - DAG(s) 'olist_dag' retrieved from /opt/airflow/dags/elt_dag.py
[2024-08-31T01:22:02.175+0000] {logging_mixin.py:188} INFO - [2024-08-31T01:22:02.174+0000] {dag.py:3089} INFO - Sync 1 DAGs
[2024-08-31T01:22:02.297+0000] {processor.py:183} INFO - Processing /opt/airflow/dags/elt_dag.py took 0.336 seconds
[2024-08-31T01:22:32.602+0000] {processor.py:161} INFO - Started process (PID=723) to work on /opt/airflow/dags/elt_dag.py
[2024-08-31T01:22:32.604+0000] {processor.py:830} INFO - Processing file /opt/airflow/dags/elt_dag.py for tasks to queue
[2024-08-31T01:22:32.609+0000] {logging_mixin.py:188} INFO - [2024-08-31T01:22:32.607+0000] {dagbag.py:545} INFO - Filling up the DagBag from /opt/airflow/dags/elt_dag.py
[2024-08-31T01:22:32.713+0000] {processor.py:840} INFO - DAG(s) 'olist_dag' retrieved from /opt/airflow/dags/elt_dag.py
[2024-08-31T01:22:32.817+0000] {logging_mixin.py:188} INFO - [2024-08-31T01:22:32.817+0000] {dag.py:3089} INFO - Sync 1 DAGs
[2024-08-31T01:22:32.985+0000] {processor.py:183} INFO - Processing /opt/airflow/dags/elt_dag.py took 0.395 seconds
[2024-08-31T01:23:03.293+0000] {processor.py:161} INFO - Started process (PID=731) to work on /opt/airflow/dags/elt_dag.py
[2024-08-31T01:23:03.295+0000] {processor.py:830} INFO - Processing file /opt/airflow/dags/elt_dag.py for tasks to queue
[2024-08-31T01:23:03.310+0000] {logging_mixin.py:188} INFO - [2024-08-31T01:23:03.309+0000] {dagbag.py:545} INFO - Filling up the DagBag from /opt/airflow/dags/elt_dag.py
[2024-08-31T01:23:03.407+0000] {processor.py:840} INFO - DAG(s) 'olist_dag' retrieved from /opt/airflow/dags/elt_dag.py
[2024-08-31T01:23:03.493+0000] {logging_mixin.py:188} INFO - [2024-08-31T01:23:03.493+0000] {dag.py:3089} INFO - Sync 1 DAGs
[2024-08-31T01:23:03.646+0000] {processor.py:183} INFO - Processing /opt/airflow/dags/elt_dag.py took 0.368 seconds
[2024-08-31T01:23:34.100+0000] {processor.py:161} INFO - Started process (PID=738) to work on /opt/airflow/dags/elt_dag.py
[2024-08-31T01:23:34.113+0000] {processor.py:830} INFO - Processing file /opt/airflow/dags/elt_dag.py for tasks to queue
[2024-08-31T01:23:34.134+0000] {logging_mixin.py:188} INFO - [2024-08-31T01:23:34.129+0000] {dagbag.py:545} INFO - Filling up the DagBag from /opt/airflow/dags/elt_dag.py
[2024-08-31T01:23:34.207+0000] {processor.py:840} INFO - DAG(s) 'olist_dag' retrieved from /opt/airflow/dags/elt_dag.py
[2024-08-31T01:23:34.289+0000] {logging_mixin.py:188} INFO - [2024-08-31T01:23:34.289+0000] {dag.py:3089} INFO - Sync 1 DAGs
[2024-08-31T01:23:34.425+0000] {processor.py:183} INFO - Processing /opt/airflow/dags/elt_dag.py took 0.356 seconds
[2024-08-31T01:24:04.756+0000] {processor.py:161} INFO - Started process (PID=745) to work on /opt/airflow/dags/elt_dag.py
[2024-08-31T01:24:04.759+0000] {processor.py:830} INFO - Processing file /opt/airflow/dags/elt_dag.py for tasks to queue
[2024-08-31T01:24:04.763+0000] {logging_mixin.py:188} INFO - [2024-08-31T01:24:04.762+0000] {dagbag.py:545} INFO - Filling up the DagBag from /opt/airflow/dags/elt_dag.py
[2024-08-31T01:24:04.814+0000] {processor.py:840} INFO - DAG(s) 'olist_dag' retrieved from /opt/airflow/dags/elt_dag.py
[2024-08-31T01:24:04.889+0000] {logging_mixin.py:188} INFO - [2024-08-31T01:24:04.888+0000] {dag.py:3089} INFO - Sync 1 DAGs
[2024-08-31T01:24:04.983+0000] {processor.py:183} INFO - Processing /opt/airflow/dags/elt_dag.py took 0.238 seconds
[2024-08-31T01:24:38.901+0000] {processor.py:161} INFO - Started process (PID=752) to work on /opt/airflow/dags/elt_dag.py
[2024-08-31T01:24:39.100+0000] {processor.py:830} INFO - Processing file /opt/airflow/dags/elt_dag.py for tasks to queue
[2024-08-31T01:24:39.105+0000] {logging_mixin.py:188} INFO - [2024-08-31T01:24:39.104+0000] {dagbag.py:545} INFO - Filling up the DagBag from /opt/airflow/dags/elt_dag.py
[2024-08-31T01:24:39.965+0000] {processor.py:840} INFO - DAG(s) 'olist_dag' retrieved from /opt/airflow/dags/elt_dag.py
[2024-08-31T01:24:42.960+0000] {logging_mixin.py:188} INFO - [2024-08-31T01:24:42.959+0000] {dag.py:3089} INFO - Sync 1 DAGs
[2024-08-31T01:24:44.611+0000] {processor.py:183} INFO - Processing /opt/airflow/dags/elt_dag.py took 5.720 seconds
[2024-08-31T01:25:15.083+0000] {processor.py:161} INFO - Started process (PID=759) to work on /opt/airflow/dags/elt_dag.py
[2024-08-31T01:25:15.094+0000] {processor.py:830} INFO - Processing file /opt/airflow/dags/elt_dag.py for tasks to queue
[2024-08-31T01:25:15.103+0000] {logging_mixin.py:188} INFO - [2024-08-31T01:25:15.101+0000] {dagbag.py:545} INFO - Filling up the DagBag from /opt/airflow/dags/elt_dag.py
[2024-08-31T01:25:15.281+0000] {processor.py:840} INFO - DAG(s) 'olist_dag' retrieved from /opt/airflow/dags/elt_dag.py
[2024-08-31T01:25:15.608+0000] {logging_mixin.py:188} INFO - [2024-08-31T01:25:15.607+0000] {dag.py:3089} INFO - Sync 1 DAGs
[2024-08-31T01:25:15.949+0000] {processor.py:183} INFO - Processing /opt/airflow/dags/elt_dag.py took 0.942 seconds
[2024-08-31T01:25:46.246+0000] {processor.py:161} INFO - Started process (PID=767) to work on /opt/airflow/dags/elt_dag.py
[2024-08-31T01:25:46.249+0000] {processor.py:830} INFO - Processing file /opt/airflow/dags/elt_dag.py for tasks to queue
[2024-08-31T01:25:46.253+0000] {logging_mixin.py:188} INFO - [2024-08-31T01:25:46.252+0000] {dagbag.py:545} INFO - Filling up the DagBag from /opt/airflow/dags/elt_dag.py
[2024-08-31T01:25:46.309+0000] {processor.py:840} INFO - DAG(s) 'olist_dag' retrieved from /opt/airflow/dags/elt_dag.py
[2024-08-31T01:25:46.384+0000] {logging_mixin.py:188} INFO - [2024-08-31T01:25:46.384+0000] {dag.py:3089} INFO - Sync 1 DAGs
[2024-08-31T01:25:46.478+0000] {processor.py:183} INFO - Processing /opt/airflow/dags/elt_dag.py took 0.243 seconds
[2024-08-31T01:26:16.901+0000] {processor.py:161} INFO - Started process (PID=791) to work on /opt/airflow/dags/elt_dag.py
[2024-08-31T01:26:16.911+0000] {processor.py:830} INFO - Processing file /opt/airflow/dags/elt_dag.py for tasks to queue
[2024-08-31T01:26:16.932+0000] {logging_mixin.py:188} INFO - [2024-08-31T01:26:16.929+0000] {dagbag.py:545} INFO - Filling up the DagBag from /opt/airflow/dags/elt_dag.py
[2024-08-31T01:26:17.065+0000] {processor.py:840} INFO - DAG(s) 'olist_dag' retrieved from /opt/airflow/dags/elt_dag.py
[2024-08-31T01:26:17.261+0000] {logging_mixin.py:188} INFO - [2024-08-31T01:26:17.261+0000] {dag.py:3089} INFO - Sync 1 DAGs
[2024-08-31T01:26:17.494+0000] {processor.py:183} INFO - Processing /opt/airflow/dags/elt_dag.py took 0.660 seconds
[2024-08-31T01:26:47.966+0000] {processor.py:161} INFO - Started process (PID=798) to work on /opt/airflow/dags/elt_dag.py
[2024-08-31T01:26:47.968+0000] {processor.py:830} INFO - Processing file /opt/airflow/dags/elt_dag.py for tasks to queue
[2024-08-31T01:26:47.972+0000] {logging_mixin.py:188} INFO - [2024-08-31T01:26:47.972+0000] {dagbag.py:545} INFO - Filling up the DagBag from /opt/airflow/dags/elt_dag.py
[2024-08-31T01:26:48.024+0000] {processor.py:840} INFO - DAG(s) 'olist_dag' retrieved from /opt/airflow/dags/elt_dag.py
[2024-08-31T01:26:48.090+0000] {logging_mixin.py:188} INFO - [2024-08-31T01:26:48.089+0000] {dag.py:3089} INFO - Sync 1 DAGs
[2024-08-31T01:26:48.188+0000] {processor.py:183} INFO - Processing /opt/airflow/dags/elt_dag.py took 0.233 seconds
[2024-08-31T01:27:18.308+0000] {processor.py:161} INFO - Started process (PID=805) to work on /opt/airflow/dags/elt_dag.py
[2024-08-31T01:27:18.311+0000] {processor.py:830} INFO - Processing file /opt/airflow/dags/elt_dag.py for tasks to queue
[2024-08-31T01:27:18.318+0000] {logging_mixin.py:188} INFO - [2024-08-31T01:27:18.317+0000] {dagbag.py:545} INFO - Filling up the DagBag from /opt/airflow/dags/elt_dag.py
[2024-08-31T01:27:18.389+0000] {processor.py:840} INFO - DAG(s) 'olist_dag' retrieved from /opt/airflow/dags/elt_dag.py
[2024-08-31T01:27:18.476+0000] {logging_mixin.py:188} INFO - [2024-08-31T01:27:18.475+0000] {dag.py:3089} INFO - Sync 1 DAGs
[2024-08-31T01:27:18.589+0000] {processor.py:183} INFO - Processing /opt/airflow/dags/elt_dag.py took 0.298 seconds
[2024-08-31T01:27:48.817+0000] {processor.py:161} INFO - Started process (PID=812) to work on /opt/airflow/dags/elt_dag.py
[2024-08-31T01:27:48.820+0000] {processor.py:830} INFO - Processing file /opt/airflow/dags/elt_dag.py for tasks to queue
[2024-08-31T01:27:48.825+0000] {logging_mixin.py:188} INFO - [2024-08-31T01:27:48.824+0000] {dagbag.py:545} INFO - Filling up the DagBag from /opt/airflow/dags/elt_dag.py
[2024-08-31T01:27:48.880+0000] {processor.py:840} INFO - DAG(s) 'olist_dag' retrieved from /opt/airflow/dags/elt_dag.py
[2024-08-31T01:27:48.935+0000] {logging_mixin.py:188} INFO - [2024-08-31T01:27:48.935+0000] {dag.py:3089} INFO - Sync 1 DAGs
[2024-08-31T01:27:49.015+0000] {processor.py:183} INFO - Processing /opt/airflow/dags/elt_dag.py took 0.209 seconds
[2024-08-31T01:28:19.131+0000] {processor.py:161} INFO - Started process (PID=819) to work on /opt/airflow/dags/elt_dag.py
[2024-08-31T01:28:19.133+0000] {processor.py:830} INFO - Processing file /opt/airflow/dags/elt_dag.py for tasks to queue
[2024-08-31T01:28:19.136+0000] {logging_mixin.py:188} INFO - [2024-08-31T01:28:19.135+0000] {dagbag.py:545} INFO - Filling up the DagBag from /opt/airflow/dags/elt_dag.py
[2024-08-31T01:28:19.185+0000] {processor.py:840} INFO - DAG(s) 'olist_dag' retrieved from /opt/airflow/dags/elt_dag.py
[2024-08-31T01:28:19.247+0000] {logging_mixin.py:188} INFO - [2024-08-31T01:28:19.246+0000] {dag.py:3089} INFO - Sync 1 DAGs
[2024-08-31T01:28:19.338+0000] {processor.py:183} INFO - Processing /opt/airflow/dags/elt_dag.py took 0.217 seconds
[2024-08-31T01:28:49.668+0000] {processor.py:161} INFO - Started process (PID=827) to work on /opt/airflow/dags/elt_dag.py
[2024-08-31T01:28:49.670+0000] {processor.py:830} INFO - Processing file /opt/airflow/dags/elt_dag.py for tasks to queue
[2024-08-31T01:28:49.675+0000] {logging_mixin.py:188} INFO - [2024-08-31T01:28:49.674+0000] {dagbag.py:545} INFO - Filling up the DagBag from /opt/airflow/dags/elt_dag.py
[2024-08-31T01:28:49.725+0000] {processor.py:840} INFO - DAG(s) 'olist_dag' retrieved from /opt/airflow/dags/elt_dag.py
[2024-08-31T01:28:49.883+0000] {logging_mixin.py:188} INFO - [2024-08-31T01:28:49.882+0000] {dag.py:3089} INFO - Sync 1 DAGs
[2024-08-31T01:28:49.961+0000] {processor.py:183} INFO - Processing /opt/airflow/dags/elt_dag.py took 0.308 seconds
[2024-08-31T01:29:20.253+0000] {processor.py:161} INFO - Started process (PID=834) to work on /opt/airflow/dags/elt_dag.py
[2024-08-31T01:29:20.255+0000] {processor.py:830} INFO - Processing file /opt/airflow/dags/elt_dag.py for tasks to queue
[2024-08-31T01:29:20.259+0000] {logging_mixin.py:188} INFO - [2024-08-31T01:29:20.258+0000] {dagbag.py:545} INFO - Filling up the DagBag from /opt/airflow/dags/elt_dag.py
[2024-08-31T01:29:20.316+0000] {processor.py:840} INFO - DAG(s) 'olist_dag' retrieved from /opt/airflow/dags/elt_dag.py
[2024-08-31T01:29:20.377+0000] {logging_mixin.py:188} INFO - [2024-08-31T01:29:20.377+0000] {dag.py:3089} INFO - Sync 1 DAGs
[2024-08-31T01:29:20.464+0000] {processor.py:183} INFO - Processing /opt/airflow/dags/elt_dag.py took 0.221 seconds
[2024-08-31T01:29:50.840+0000] {processor.py:161} INFO - Started process (PID=842) to work on /opt/airflow/dags/elt_dag.py
[2024-08-31T01:29:50.844+0000] {processor.py:830} INFO - Processing file /opt/airflow/dags/elt_dag.py for tasks to queue
[2024-08-31T01:29:50.851+0000] {logging_mixin.py:188} INFO - [2024-08-31T01:29:50.850+0000] {dagbag.py:545} INFO - Filling up the DagBag from /opt/airflow/dags/elt_dag.py
[2024-08-31T01:29:50.926+0000] {processor.py:840} INFO - DAG(s) 'olist_dag' retrieved from /opt/airflow/dags/elt_dag.py
[2024-08-31T01:29:51.020+0000] {logging_mixin.py:188} INFO - [2024-08-31T01:29:51.020+0000] {dag.py:3089} INFO - Sync 1 DAGs
[2024-08-31T01:29:51.141+0000] {processor.py:183} INFO - Processing /opt/airflow/dags/elt_dag.py took 0.318 seconds
[2024-08-31T01:30:21.430+0000] {processor.py:161} INFO - Started process (PID=849) to work on /opt/airflow/dags/elt_dag.py
[2024-08-31T01:30:21.432+0000] {processor.py:830} INFO - Processing file /opt/airflow/dags/elt_dag.py for tasks to queue
[2024-08-31T01:30:21.436+0000] {logging_mixin.py:188} INFO - [2024-08-31T01:30:21.435+0000] {dagbag.py:545} INFO - Filling up the DagBag from /opt/airflow/dags/elt_dag.py
[2024-08-31T01:30:21.520+0000] {processor.py:840} INFO - DAG(s) 'olist_dag' retrieved from /opt/airflow/dags/elt_dag.py
[2024-08-31T01:30:21.575+0000] {logging_mixin.py:188} INFO - [2024-08-31T01:30:21.574+0000] {dag.py:3089} INFO - Sync 1 DAGs
[2024-08-31T01:30:21.656+0000] {processor.py:183} INFO - Processing /opt/airflow/dags/elt_dag.py took 0.236 seconds
[2024-08-31T01:30:51.945+0000] {processor.py:161} INFO - Started process (PID=856) to work on /opt/airflow/dags/elt_dag.py
[2024-08-31T01:30:51.947+0000] {processor.py:830} INFO - Processing file /opt/airflow/dags/elt_dag.py for tasks to queue
[2024-08-31T01:30:51.956+0000] {logging_mixin.py:188} INFO - [2024-08-31T01:30:51.955+0000] {dagbag.py:545} INFO - Filling up the DagBag from /opt/airflow/dags/elt_dag.py
[2024-08-31T01:30:52.011+0000] {processor.py:840} INFO - DAG(s) 'olist_dag' retrieved from /opt/airflow/dags/elt_dag.py
[2024-08-31T01:30:52.087+0000] {logging_mixin.py:188} INFO - [2024-08-31T01:30:52.087+0000] {dag.py:3089} INFO - Sync 1 DAGs
[2024-08-31T01:30:52.191+0000] {processor.py:183} INFO - Processing /opt/airflow/dags/elt_dag.py took 0.257 seconds
[2024-08-31T01:44:43.853+0000] {processor.py:161} INFO - Started process (PID=107) to work on /opt/airflow/dags/elt_dag.py
[2024-08-31T01:44:43.854+0000] {processor.py:830} INFO - Processing file /opt/airflow/dags/elt_dag.py for tasks to queue
[2024-08-31T01:44:43.858+0000] {logging_mixin.py:188} INFO - [2024-08-31T01:44:43.857+0000] {dagbag.py:545} INFO - Filling up the DagBag from /opt/airflow/dags/elt_dag.py
[2024-08-31T01:44:43.910+0000] {processor.py:840} INFO - DAG(s) 'olist_dag' retrieved from /opt/airflow/dags/elt_dag.py
[2024-08-31T01:44:44.174+0000] {logging_mixin.py:188} INFO - [2024-08-31T01:44:44.173+0000] {override.py:1858} INFO - Created Permission View: can read on DAG:olist_dag
[2024-08-31T01:44:44.182+0000] {logging_mixin.py:188} INFO - [2024-08-31T01:44:44.182+0000] {override.py:1858} INFO - Created Permission View: can edit on DAG:olist_dag
[2024-08-31T01:44:44.188+0000] {logging_mixin.py:188} INFO - [2024-08-31T01:44:44.187+0000] {override.py:1858} INFO - Created Permission View: can delete on DAG:olist_dag
[2024-08-31T01:44:44.188+0000] {logging_mixin.py:188} INFO - [2024-08-31T01:44:44.188+0000] {dag.py:3089} INFO - Sync 1 DAGs
[2024-08-31T01:44:44.198+0000] {logging_mixin.py:188} INFO - [2024-08-31T01:44:44.198+0000] {dag.py:3111} INFO - Creating ORM DAG for olist_dag
[2024-08-31T01:44:44.208+0000] {logging_mixin.py:188} INFO - [2024-08-31T01:44:44.207+0000] {dag.py:3947} INFO - Setting next_dagrun for olist_dag to 2023-03-21 00:00:00+00:00, run_after=2023-03-22 00:00:00+00:00
[2024-08-31T01:44:44.224+0000] {processor.py:183} INFO - Processing /opt/airflow/dags/elt_dag.py took 0.378 seconds
[2024-08-31T01:45:14.925+0000] {processor.py:161} INFO - Started process (PID=115) to work on /opt/airflow/dags/elt_dag.py
[2024-08-31T01:45:14.928+0000] {processor.py:830} INFO - Processing file /opt/airflow/dags/elt_dag.py for tasks to queue
[2024-08-31T01:45:14.949+0000] {logging_mixin.py:188} INFO - [2024-08-31T01:45:14.944+0000] {dagbag.py:545} INFO - Filling up the DagBag from /opt/airflow/dags/elt_dag.py
[2024-08-31T01:45:15.061+0000] {processor.py:840} INFO - DAG(s) 'olist_dag' retrieved from /opt/airflow/dags/elt_dag.py
[2024-08-31T01:45:15.165+0000] {logging_mixin.py:188} INFO - [2024-08-31T01:45:15.164+0000] {dag.py:3089} INFO - Sync 1 DAGs
[2024-08-31T01:45:15.250+0000] {processor.py:183} INFO - Processing /opt/airflow/dags/elt_dag.py took 0.359 seconds
[2024-08-31T01:45:45.416+0000] {processor.py:161} INFO - Started process (PID=122) to work on /opt/airflow/dags/elt_dag.py
[2024-08-31T01:45:45.417+0000] {processor.py:830} INFO - Processing file /opt/airflow/dags/elt_dag.py for tasks to queue
[2024-08-31T01:45:45.419+0000] {logging_mixin.py:188} INFO - [2024-08-31T01:45:45.419+0000] {dagbag.py:545} INFO - Filling up the DagBag from /opt/airflow/dags/elt_dag.py
[2024-08-31T01:45:45.441+0000] {processor.py:840} INFO - DAG(s) 'olist_dag' retrieved from /opt/airflow/dags/elt_dag.py
[2024-08-31T01:45:45.473+0000] {logging_mixin.py:188} INFO - [2024-08-31T01:45:45.473+0000] {dag.py:3089} INFO - Sync 1 DAGs
[2024-08-31T01:45:45.518+0000] {processor.py:183} INFO - Processing /opt/airflow/dags/elt_dag.py took 0.107 seconds
[2024-08-31T01:46:45.923+0000] {processor.py:161} INFO - Started process (PID=101) to work on /opt/airflow/dags/elt_dag.py
[2024-08-31T01:46:45.924+0000] {processor.py:830} INFO - Processing file /opt/airflow/dags/elt_dag.py for tasks to queue
[2024-08-31T01:46:45.926+0000] {logging_mixin.py:188} INFO - [2024-08-31T01:46:45.926+0000] {dagbag.py:545} INFO - Filling up the DagBag from /opt/airflow/dags/elt_dag.py
[2024-08-31T01:46:45.955+0000] {processor.py:840} INFO - DAG(s) 'olist_dag' retrieved from /opt/airflow/dags/elt_dag.py
[2024-08-31T01:46:46.119+0000] {logging_mixin.py:188} INFO - [2024-08-31T01:46:46.119+0000] {dag.py:3089} INFO - Sync 1 DAGs
[2024-08-31T01:46:46.168+0000] {processor.py:183} INFO - Processing /opt/airflow/dags/elt_dag.py took 0.252 seconds
[2024-08-31T01:47:16.311+0000] {processor.py:161} INFO - Started process (PID=108) to work on /opt/airflow/dags/elt_dag.py
[2024-08-31T01:47:16.312+0000] {processor.py:830} INFO - Processing file /opt/airflow/dags/elt_dag.py for tasks to queue
[2024-08-31T01:47:16.314+0000] {logging_mixin.py:188} INFO - [2024-08-31T01:47:16.314+0000] {dagbag.py:545} INFO - Filling up the DagBag from /opt/airflow/dags/elt_dag.py
[2024-08-31T01:47:16.337+0000] {processor.py:840} INFO - DAG(s) 'olist_dag' retrieved from /opt/airflow/dags/elt_dag.py
[2024-08-31T01:47:16.364+0000] {logging_mixin.py:188} INFO - [2024-08-31T01:47:16.364+0000] {dag.py:3089} INFO - Sync 1 DAGs
[2024-08-31T01:47:16.397+0000] {processor.py:183} INFO - Processing /opt/airflow/dags/elt_dag.py took 0.092 seconds
[2024-08-31T01:47:46.445+0000] {processor.py:161} INFO - Started process (PID=115) to work on /opt/airflow/dags/elt_dag.py
[2024-08-31T01:47:46.446+0000] {processor.py:830} INFO - Processing file /opt/airflow/dags/elt_dag.py for tasks to queue
[2024-08-31T01:47:46.448+0000] {logging_mixin.py:188} INFO - [2024-08-31T01:47:46.447+0000] {dagbag.py:545} INFO - Filling up the DagBag from /opt/airflow/dags/elt_dag.py
[2024-08-31T01:47:46.464+0000] {processor.py:840} INFO - DAG(s) 'olist_dag' retrieved from /opt/airflow/dags/elt_dag.py
[2024-08-31T01:47:46.488+0000] {logging_mixin.py:188} INFO - [2024-08-31T01:47:46.487+0000] {dag.py:3089} INFO - Sync 1 DAGs
[2024-08-31T01:47:46.521+0000] {processor.py:183} INFO - Processing /opt/airflow/dags/elt_dag.py took 0.080 seconds
[2024-08-31T01:48:16.672+0000] {processor.py:161} INFO - Started process (PID=122) to work on /opt/airflow/dags/elt_dag.py
[2024-08-31T01:48:16.674+0000] {processor.py:830} INFO - Processing file /opt/airflow/dags/elt_dag.py for tasks to queue
[2024-08-31T01:48:16.676+0000] {logging_mixin.py:188} INFO - [2024-08-31T01:48:16.676+0000] {dagbag.py:545} INFO - Filling up the DagBag from /opt/airflow/dags/elt_dag.py
[2024-08-31T01:48:16.695+0000] {processor.py:840} INFO - DAG(s) 'olist_dag' retrieved from /opt/airflow/dags/elt_dag.py
[2024-08-31T01:48:16.721+0000] {logging_mixin.py:188} INFO - [2024-08-31T01:48:16.720+0000] {dag.py:3089} INFO - Sync 1 DAGs
[2024-08-31T01:48:16.754+0000] {processor.py:183} INFO - Processing /opt/airflow/dags/elt_dag.py took 0.087 seconds
[2024-08-31T01:48:46.817+0000] {processor.py:161} INFO - Started process (PID=129) to work on /opt/airflow/dags/elt_dag.py
[2024-08-31T01:48:46.818+0000] {processor.py:830} INFO - Processing file /opt/airflow/dags/elt_dag.py for tasks to queue
[2024-08-31T01:48:46.819+0000] {logging_mixin.py:188} INFO - [2024-08-31T01:48:46.819+0000] {dagbag.py:545} INFO - Filling up the DagBag from /opt/airflow/dags/elt_dag.py
[2024-08-31T01:48:46.835+0000] {processor.py:840} INFO - DAG(s) 'olist_dag' retrieved from /opt/airflow/dags/elt_dag.py
[2024-08-31T01:48:46.858+0000] {logging_mixin.py:188} INFO - [2024-08-31T01:48:46.858+0000] {dag.py:3089} INFO - Sync 1 DAGs
[2024-08-31T01:48:46.890+0000] {processor.py:183} INFO - Processing /opt/airflow/dags/elt_dag.py took 0.078 seconds
[2024-08-31T01:49:17.027+0000] {processor.py:161} INFO - Started process (PID=136) to work on /opt/airflow/dags/elt_dag.py
[2024-08-31T01:49:17.027+0000] {processor.py:830} INFO - Processing file /opt/airflow/dags/elt_dag.py for tasks to queue
[2024-08-31T01:49:17.029+0000] {logging_mixin.py:188} INFO - [2024-08-31T01:49:17.029+0000] {dagbag.py:545} INFO - Filling up the DagBag from /opt/airflow/dags/elt_dag.py
[2024-08-31T01:49:17.045+0000] {processor.py:840} INFO - DAG(s) 'olist_dag' retrieved from /opt/airflow/dags/elt_dag.py
[2024-08-31T01:49:17.070+0000] {logging_mixin.py:188} INFO - [2024-08-31T01:49:17.069+0000] {dag.py:3089} INFO - Sync 1 DAGs
[2024-08-31T01:49:17.100+0000] {processor.py:183} INFO - Processing /opt/airflow/dags/elt_dag.py took 0.078 seconds
[2024-08-31T01:49:47.186+0000] {processor.py:161} INFO - Started process (PID=143) to work on /opt/airflow/dags/elt_dag.py
[2024-08-31T01:49:47.186+0000] {processor.py:830} INFO - Processing file /opt/airflow/dags/elt_dag.py for tasks to queue
[2024-08-31T01:49:47.188+0000] {logging_mixin.py:188} INFO - [2024-08-31T01:49:47.188+0000] {dagbag.py:545} INFO - Filling up the DagBag from /opt/airflow/dags/elt_dag.py
[2024-08-31T01:49:47.208+0000] {processor.py:840} INFO - DAG(s) 'olist_dag' retrieved from /opt/airflow/dags/elt_dag.py
[2024-08-31T01:49:47.236+0000] {logging_mixin.py:188} INFO - [2024-08-31T01:49:47.236+0000] {dag.py:3089} INFO - Sync 1 DAGs
[2024-08-31T01:49:47.268+0000] {processor.py:183} INFO - Processing /opt/airflow/dags/elt_dag.py took 0.087 seconds
[2024-08-31T01:50:17.415+0000] {processor.py:161} INFO - Started process (PID=170) to work on /opt/airflow/dags/elt_dag.py
[2024-08-31T01:50:17.416+0000] {processor.py:830} INFO - Processing file /opt/airflow/dags/elt_dag.py for tasks to queue
[2024-08-31T01:50:17.418+0000] {logging_mixin.py:188} INFO - [2024-08-31T01:50:17.418+0000] {dagbag.py:545} INFO - Filling up the DagBag from /opt/airflow/dags/elt_dag.py
[2024-08-31T01:50:17.437+0000] {processor.py:840} INFO - DAG(s) 'olist_dag' retrieved from /opt/airflow/dags/elt_dag.py
[2024-08-31T01:50:17.465+0000] {logging_mixin.py:188} INFO - [2024-08-31T01:50:17.465+0000] {dag.py:3089} INFO - Sync 1 DAGs
[2024-08-31T01:50:17.500+0000] {processor.py:183} INFO - Processing /opt/airflow/dags/elt_dag.py took 0.089 seconds
[2024-08-31T01:50:47.583+0000] {processor.py:161} INFO - Started process (PID=177) to work on /opt/airflow/dags/elt_dag.py
[2024-08-31T01:50:47.584+0000] {processor.py:830} INFO - Processing file /opt/airflow/dags/elt_dag.py for tasks to queue
[2024-08-31T01:50:47.585+0000] {logging_mixin.py:188} INFO - [2024-08-31T01:50:47.585+0000] {dagbag.py:545} INFO - Filling up the DagBag from /opt/airflow/dags/elt_dag.py
[2024-08-31T01:50:47.604+0000] {processor.py:840} INFO - DAG(s) 'olist_dag' retrieved from /opt/airflow/dags/elt_dag.py
[2024-08-31T01:50:47.633+0000] {logging_mixin.py:188} INFO - [2024-08-31T01:50:47.633+0000] {dag.py:3089} INFO - Sync 1 DAGs
[2024-08-31T01:50:47.669+0000] {processor.py:183} INFO - Processing /opt/airflow/dags/elt_dag.py took 0.090 seconds
[2024-08-31T01:51:17.779+0000] {processor.py:161} INFO - Started process (PID=184) to work on /opt/airflow/dags/elt_dag.py
[2024-08-31T01:51:17.779+0000] {processor.py:830} INFO - Processing file /opt/airflow/dags/elt_dag.py for tasks to queue
[2024-08-31T01:51:17.781+0000] {logging_mixin.py:188} INFO - [2024-08-31T01:51:17.781+0000] {dagbag.py:545} INFO - Filling up the DagBag from /opt/airflow/dags/elt_dag.py
[2024-08-31T01:51:17.799+0000] {processor.py:840} INFO - DAG(s) 'olist_dag' retrieved from /opt/airflow/dags/elt_dag.py
[2024-08-31T01:51:17.824+0000] {logging_mixin.py:188} INFO - [2024-08-31T01:51:17.824+0000] {dag.py:3089} INFO - Sync 1 DAGs
[2024-08-31T01:51:17.860+0000] {processor.py:183} INFO - Processing /opt/airflow/dags/elt_dag.py took 0.086 seconds
[2024-08-31T01:51:47.975+0000] {processor.py:161} INFO - Started process (PID=191) to work on /opt/airflow/dags/elt_dag.py
[2024-08-31T01:51:47.976+0000] {processor.py:830} INFO - Processing file /opt/airflow/dags/elt_dag.py for tasks to queue
[2024-08-31T01:51:47.977+0000] {logging_mixin.py:188} INFO - [2024-08-31T01:51:47.977+0000] {dagbag.py:545} INFO - Filling up the DagBag from /opt/airflow/dags/elt_dag.py
[2024-08-31T01:51:47.994+0000] {processor.py:840} INFO - DAG(s) 'olist_dag' retrieved from /opt/airflow/dags/elt_dag.py
[2024-08-31T01:51:48.021+0000] {logging_mixin.py:188} INFO - [2024-08-31T01:51:48.021+0000] {dag.py:3089} INFO - Sync 1 DAGs
[2024-08-31T01:51:48.064+0000] {processor.py:183} INFO - Processing /opt/airflow/dags/elt_dag.py took 0.093 seconds
[2024-08-31T01:52:18.131+0000] {processor.py:161} INFO - Started process (PID=198) to work on /opt/airflow/dags/elt_dag.py
[2024-08-31T01:52:18.132+0000] {processor.py:830} INFO - Processing file /opt/airflow/dags/elt_dag.py for tasks to queue
[2024-08-31T01:52:18.134+0000] {logging_mixin.py:188} INFO - [2024-08-31T01:52:18.133+0000] {dagbag.py:545} INFO - Filling up the DagBag from /opt/airflow/dags/elt_dag.py
[2024-08-31T01:52:18.153+0000] {processor.py:840} INFO - DAG(s) 'olist_dag' retrieved from /opt/airflow/dags/elt_dag.py
[2024-08-31T01:52:18.181+0000] {logging_mixin.py:188} INFO - [2024-08-31T01:52:18.181+0000] {dag.py:3089} INFO - Sync 1 DAGs
[2024-08-31T01:52:18.220+0000] {processor.py:183} INFO - Processing /opt/airflow/dags/elt_dag.py took 0.093 seconds
[2024-08-31T01:52:48.338+0000] {processor.py:161} INFO - Started process (PID=205) to work on /opt/airflow/dags/elt_dag.py
[2024-08-31T01:52:48.339+0000] {processor.py:830} INFO - Processing file /opt/airflow/dags/elt_dag.py for tasks to queue
[2024-08-31T01:52:48.341+0000] {logging_mixin.py:188} INFO - [2024-08-31T01:52:48.340+0000] {dagbag.py:545} INFO - Filling up the DagBag from /opt/airflow/dags/elt_dag.py
[2024-08-31T01:52:48.361+0000] {processor.py:840} INFO - DAG(s) 'olist_dag' retrieved from /opt/airflow/dags/elt_dag.py
[2024-08-31T01:52:48.389+0000] {logging_mixin.py:188} INFO - [2024-08-31T01:52:48.388+0000] {dag.py:3089} INFO - Sync 1 DAGs
[2024-08-31T01:52:48.424+0000] {processor.py:183} INFO - Processing /opt/airflow/dags/elt_dag.py took 0.092 seconds
[2024-08-31T01:53:18.491+0000] {processor.py:161} INFO - Started process (PID=212) to work on /opt/airflow/dags/elt_dag.py
[2024-08-31T01:53:18.492+0000] {processor.py:830} INFO - Processing file /opt/airflow/dags/elt_dag.py for tasks to queue
[2024-08-31T01:53:18.494+0000] {logging_mixin.py:188} INFO - [2024-08-31T01:53:18.493+0000] {dagbag.py:545} INFO - Filling up the DagBag from /opt/airflow/dags/elt_dag.py
[2024-08-31T01:53:18.513+0000] {processor.py:840} INFO - DAG(s) 'olist_dag' retrieved from /opt/airflow/dags/elt_dag.py
[2024-08-31T01:53:18.538+0000] {logging_mixin.py:188} INFO - [2024-08-31T01:53:18.538+0000] {dag.py:3089} INFO - Sync 1 DAGs
[2024-08-31T01:53:18.573+0000] {processor.py:183} INFO - Processing /opt/airflow/dags/elt_dag.py took 0.087 seconds
[2024-08-31T01:53:48.702+0000] {processor.py:161} INFO - Started process (PID=219) to work on /opt/airflow/dags/elt_dag.py
[2024-08-31T01:53:48.703+0000] {processor.py:830} INFO - Processing file /opt/airflow/dags/elt_dag.py for tasks to queue
[2024-08-31T01:53:48.704+0000] {logging_mixin.py:188} INFO - [2024-08-31T01:53:48.704+0000] {dagbag.py:545} INFO - Filling up the DagBag from /opt/airflow/dags/elt_dag.py
[2024-08-31T01:53:48.722+0000] {processor.py:840} INFO - DAG(s) 'olist_dag' retrieved from /opt/airflow/dags/elt_dag.py
[2024-08-31T01:53:48.748+0000] {logging_mixin.py:188} INFO - [2024-08-31T01:53:48.747+0000] {dag.py:3089} INFO - Sync 1 DAGs
[2024-08-31T01:53:48.783+0000] {processor.py:183} INFO - Processing /opt/airflow/dags/elt_dag.py took 0.086 seconds
[2024-08-31T01:54:18.851+0000] {processor.py:161} INFO - Started process (PID=226) to work on /opt/airflow/dags/elt_dag.py
[2024-08-31T01:54:18.852+0000] {processor.py:830} INFO - Processing file /opt/airflow/dags/elt_dag.py for tasks to queue
[2024-08-31T01:54:18.854+0000] {logging_mixin.py:188} INFO - [2024-08-31T01:54:18.854+0000] {dagbag.py:545} INFO - Filling up the DagBag from /opt/airflow/dags/elt_dag.py
[2024-08-31T01:54:18.873+0000] {processor.py:840} INFO - DAG(s) 'olist_dag' retrieved from /opt/airflow/dags/elt_dag.py
[2024-08-31T01:54:18.902+0000] {logging_mixin.py:188} INFO - [2024-08-31T01:54:18.902+0000] {dag.py:3089} INFO - Sync 1 DAGs
[2024-08-31T01:54:18.942+0000] {processor.py:183} INFO - Processing /opt/airflow/dags/elt_dag.py took 0.096 seconds
[2024-08-31T01:54:49.173+0000] {processor.py:161} INFO - Started process (PID=233) to work on /opt/airflow/dags/elt_dag.py
[2024-08-31T01:54:49.175+0000] {processor.py:830} INFO - Processing file /opt/airflow/dags/elt_dag.py for tasks to queue
[2024-08-31T01:54:49.179+0000] {logging_mixin.py:188} INFO - [2024-08-31T01:54:49.178+0000] {dagbag.py:545} INFO - Filling up the DagBag from /opt/airflow/dags/elt_dag.py
[2024-08-31T01:54:49.244+0000] {processor.py:840} INFO - DAG(s) 'olist_dag' retrieved from /opt/airflow/dags/elt_dag.py
[2024-08-31T01:54:49.317+0000] {logging_mixin.py:188} INFO - [2024-08-31T01:54:49.316+0000] {dag.py:3089} INFO - Sync 1 DAGs
[2024-08-31T01:54:50.023+0000] {processor.py:183} INFO - Processing /opt/airflow/dags/elt_dag.py took 0.861 seconds
[2024-08-31T01:55:20.349+0000] {processor.py:161} INFO - Started process (PID=240) to work on /opt/airflow/dags/elt_dag.py
[2024-08-31T01:55:20.352+0000] {processor.py:830} INFO - Processing file /opt/airflow/dags/elt_dag.py for tasks to queue
[2024-08-31T01:55:20.356+0000] {logging_mixin.py:188} INFO - [2024-08-31T01:55:20.355+0000] {dagbag.py:545} INFO - Filling up the DagBag from /opt/airflow/dags/elt_dag.py
[2024-08-31T01:55:20.410+0000] {processor.py:840} INFO - DAG(s) 'olist_dag' retrieved from /opt/airflow/dags/elt_dag.py
[2024-08-31T01:55:20.477+0000] {logging_mixin.py:188} INFO - [2024-08-31T01:55:20.476+0000] {dag.py:3089} INFO - Sync 1 DAGs
[2024-08-31T01:55:20.873+0000] {processor.py:183} INFO - Processing /opt/airflow/dags/elt_dag.py took 0.534 seconds
[2024-08-31T01:55:51.259+0000] {processor.py:161} INFO - Started process (PID=281) to work on /opt/airflow/dags/elt_dag.py
[2024-08-31T01:55:51.263+0000] {processor.py:830} INFO - Processing file /opt/airflow/dags/elt_dag.py for tasks to queue
[2024-08-31T01:55:51.268+0000] {logging_mixin.py:188} INFO - [2024-08-31T01:55:51.267+0000] {dagbag.py:545} INFO - Filling up the DagBag from /opt/airflow/dags/elt_dag.py
[2024-08-31T01:55:51.347+0000] {processor.py:840} INFO - DAG(s) 'olist_dag' retrieved from /opt/airflow/dags/elt_dag.py
[2024-08-31T01:55:51.446+0000] {logging_mixin.py:188} INFO - [2024-08-31T01:55:51.446+0000] {dag.py:3089} INFO - Sync 1 DAGs
[2024-08-31T01:55:51.532+0000] {logging_mixin.py:188} INFO - [2024-08-31T01:55:51.531+0000] {dag.py:3947} INFO - Setting next_dagrun for olist_dag to 2023-04-28 00:00:00+00:00, run_after=2023-04-29 00:00:00+00:00
[2024-08-31T01:55:51.593+0000] {processor.py:183} INFO - Processing /opt/airflow/dags/elt_dag.py took 0.358 seconds
[2024-08-31T01:56:21.910+0000] {processor.py:161} INFO - Started process (PID=288) to work on /opt/airflow/dags/elt_dag.py
[2024-08-31T01:56:21.912+0000] {processor.py:830} INFO - Processing file /opt/airflow/dags/elt_dag.py for tasks to queue
[2024-08-31T01:56:21.917+0000] {logging_mixin.py:188} INFO - [2024-08-31T01:56:21.916+0000] {dagbag.py:545} INFO - Filling up the DagBag from /opt/airflow/dags/elt_dag.py
[2024-08-31T01:56:21.979+0000] {processor.py:840} INFO - DAG(s) 'olist_dag' retrieved from /opt/airflow/dags/elt_dag.py
[2024-08-31T01:56:22.048+0000] {logging_mixin.py:188} INFO - [2024-08-31T01:56:22.047+0000] {dag.py:3089} INFO - Sync 1 DAGs
[2024-08-31T01:56:22.137+0000] {processor.py:183} INFO - Processing /opt/airflow/dags/elt_dag.py took 0.239 seconds
