[2024-08-31T00:54:29.674+0000] {local_task_job_runner.py:120} INFO - ::group::Pre task execution logs
[2024-08-31T00:54:29.725+0000] {taskinstance.py:2076} INFO - Dependencies all met for dep_context=non-requeueable deps ti=<TaskInstance: olist_dag.extract_data scheduled__2023-04-18T00:00:00+00:00 [queued]>
[2024-08-31T00:54:29.745+0000] {taskinstance.py:2076} INFO - Dependencies all met for dep_context=requeueable deps ti=<TaskInstance: olist_dag.extract_data scheduled__2023-04-18T00:00:00+00:00 [queued]>
[2024-08-31T00:54:29.746+0000] {taskinstance.py:2306} INFO - Starting attempt 1 of 2
[2024-08-31T00:54:29.775+0000] {taskinstance.py:2330} INFO - Executing <Task(PythonOperator): extract_data> on 2023-04-18 00:00:00+00:00
[2024-08-31T00:54:29.789+0000] {warnings.py:112} WARNING - /home/***/.local/lib/python3.12/site-packages/***/task/task_runner/standard_task_runner.py:62: DeprecationWarning: This process (pid=500) is multi-threaded, use of fork() may lead to deadlocks in the child.
  pid = os.fork()

[2024-08-31T00:54:29.792+0000] {standard_task_runner.py:64} INFO - Started process 520 to run task
[2024-08-31T00:54:29.792+0000] {standard_task_runner.py:90} INFO - Running: ['***', 'tasks', 'run', 'olist_dag', 'extract_data', 'scheduled__2023-04-18T00:00:00+00:00', '--job-id', '47', '--raw', '--subdir', 'DAGS_FOLDER/elt_dag.py', '--cfg-path', '/tmp/tmp8t78c7j4']
[2024-08-31T00:54:29.797+0000] {standard_task_runner.py:91} INFO - Job 47: Subtask extract_data
[2024-08-31T00:54:29.890+0000] {task_command.py:426} INFO - Running <TaskInstance: olist_dag.extract_data scheduled__2023-04-18T00:00:00+00:00 [running]> on host ad3e56ef573e
[2024-08-31T00:54:30.074+0000] {taskinstance.py:2648} INFO - Exporting env vars: AIRFLOW_CTX_DAG_OWNER='***' AIRFLOW_CTX_DAG_ID='olist_dag' AIRFLOW_CTX_TASK_ID='extract_data' AIRFLOW_CTX_EXECUTION_DATE='2023-04-18T00:00:00+00:00' AIRFLOW_CTX_TRY_NUMBER='1' AIRFLOW_CTX_DAG_RUN_ID='scheduled__2023-04-18T00:00:00+00:00'
[2024-08-31T00:54:30.077+0000] {taskinstance.py:430} INFO - ::endgroup::
[2024-08-31T00:54:30.081+0000] {taskinstance.py:441} INFO - ::group::Post task execution logs
[2024-08-31T00:54:30.082+0000] {taskinstance.py:2905} ERROR - Task failed with exception
Traceback (most recent call last):
  File "/home/airflow/.local/lib/python3.12/site-packages/airflow/models/taskinstance.py", line 465, in _execute_task
    result = _execute_callable(context=context, **execute_callable_kwargs)
             ^^^^^^^^^^^^^^^^^^^^^^^^^^^^^^^^^^^^^^^^^^^^^^^^^^^^^^^^^^^^^
  File "/home/airflow/.local/lib/python3.12/site-packages/airflow/models/taskinstance.py", line 432, in _execute_callable
    return execute_callable(context=context, **execute_callable_kwargs)
           ^^^^^^^^^^^^^^^^^^^^^^^^^^^^^^^^^^^^^^^^^^^^^^^^^^^^^^^^^^^^
  File "/home/airflow/.local/lib/python3.12/site-packages/airflow/models/baseoperator.py", line 401, in wrapper
    return func(self, *args, **kwargs)
           ^^^^^^^^^^^^^^^^^^^^^^^^^^^
  File "/home/airflow/.local/lib/python3.12/site-packages/airflow/operators/python.py", line 235, in execute
    return_value = self.execute_callable()
                   ^^^^^^^^^^^^^^^^^^^^^^^
  File "/home/airflow/.local/lib/python3.12/site-packages/airflow/operators/python.py", line 252, in execute_callable
    return self.python_callable(*self.op_args, **self.op_kwargs)
           ^^^^^^^^^^^^^^^^^^^^^^^^^^^^^^^^^^^^^^^^^^^^^^^^^^^^^
  File "/opt/airflow/dags/elt_dag.py", line 23, in extract_data
    from src.extract import extract
ModuleNotFoundError: No module named 'src'
[2024-08-31T00:54:30.106+0000] {taskinstance.py:1206} INFO - Marking task as UP_FOR_RETRY. dag_id=olist_dag, task_id=extract_data, run_id=scheduled__2023-04-18T00:00:00+00:00, execution_date=20230418T000000, start_date=20240831T005429, end_date=20240831T005430
[2024-08-31T00:54:30.134+0000] {standard_task_runner.py:110} ERROR - Failed to execute job 47 for task extract_data (No module named 'src'; 520)
[2024-08-31T00:54:30.169+0000] {local_task_job_runner.py:243} INFO - Task exited with return code 1
[2024-08-31T00:54:30.220+0000] {taskinstance.py:3503} INFO - 0 downstream tasks scheduled from follow-on schedule check
[2024-08-31T00:54:30.224+0000] {local_task_job_runner.py:222} INFO - ::endgroup::
[2024-08-31T01:50:37.023+0000] {local_task_job_runner.py:120} INFO - ::group::Pre task execution logs
[2024-08-31T01:50:37.049+0000] {taskinstance.py:2076} INFO - Dependencies all met for dep_context=non-requeueable deps ti=<TaskInstance: olist_dag.extract_data scheduled__2023-04-18T00:00:00+00:00 [queued]>
[2024-08-31T01:50:37.062+0000] {taskinstance.py:2076} INFO - Dependencies all met for dep_context=requeueable deps ti=<TaskInstance: olist_dag.extract_data scheduled__2023-04-18T00:00:00+00:00 [queued]>
[2024-08-31T01:50:37.063+0000] {taskinstance.py:2306} INFO - Starting attempt 1 of 2
[2024-08-31T01:50:37.077+0000] {taskinstance.py:2330} INFO - Executing <Task(PythonOperator): extract_data> on 2023-04-18 00:00:00+00:00
[2024-08-31T01:50:37.087+0000] {warnings.py:112} WARNING - /home/***/.local/lib/python3.12/site-packages/***/task/task_runner/standard_task_runner.py:62: DeprecationWarning: This process (pid=367) is multi-threaded, use of fork() may lead to deadlocks in the child.
  pid = os.fork()

[2024-08-31T01:50:37.089+0000] {standard_task_runner.py:64} INFO - Started process 385 to run task
[2024-08-31T01:50:37.089+0000] {standard_task_runner.py:90} INFO - Running: ['***', 'tasks', 'run', 'olist_dag', 'extract_data', 'scheduled__2023-04-18T00:00:00+00:00', '--job-id', '49', '--raw', '--subdir', 'DAGS_FOLDER/elt_dag.py', '--cfg-path', '/tmp/tmppxmjftus']
[2024-08-31T01:50:37.092+0000] {standard_task_runner.py:91} INFO - Job 49: Subtask extract_data
[2024-08-31T01:50:37.140+0000] {task_command.py:426} INFO - Running <TaskInstance: olist_dag.extract_data scheduled__2023-04-18T00:00:00+00:00 [running]> on host dde48ad7e5a8
[2024-08-31T01:50:37.242+0000] {taskinstance.py:2648} INFO - Exporting env vars: AIRFLOW_CTX_DAG_OWNER='***' AIRFLOW_CTX_DAG_ID='olist_dag' AIRFLOW_CTX_TASK_ID='extract_data' AIRFLOW_CTX_EXECUTION_DATE='2023-04-18T00:00:00+00:00' AIRFLOW_CTX_TRY_NUMBER='1' AIRFLOW_CTX_DAG_RUN_ID='scheduled__2023-04-18T00:00:00+00:00'
[2024-08-31T01:50:37.244+0000] {taskinstance.py:430} INFO - ::endgroup::
[2024-08-31T01:50:37.246+0000] {taskinstance.py:441} INFO - ::group::Post task execution logs
[2024-08-31T01:50:37.247+0000] {taskinstance.py:2905} ERROR - Task failed with exception
Traceback (most recent call last):
  File "/home/airflow/.local/lib/python3.12/site-packages/airflow/models/taskinstance.py", line 465, in _execute_task
    result = _execute_callable(context=context, **execute_callable_kwargs)
             ^^^^^^^^^^^^^^^^^^^^^^^^^^^^^^^^^^^^^^^^^^^^^^^^^^^^^^^^^^^^^
  File "/home/airflow/.local/lib/python3.12/site-packages/airflow/models/taskinstance.py", line 432, in _execute_callable
    return execute_callable(context=context, **execute_callable_kwargs)
           ^^^^^^^^^^^^^^^^^^^^^^^^^^^^^^^^^^^^^^^^^^^^^^^^^^^^^^^^^^^^
  File "/home/airflow/.local/lib/python3.12/site-packages/airflow/models/baseoperator.py", line 401, in wrapper
    return func(self, *args, **kwargs)
           ^^^^^^^^^^^^^^^^^^^^^^^^^^^
  File "/home/airflow/.local/lib/python3.12/site-packages/airflow/operators/python.py", line 235, in execute
    return_value = self.execute_callable()
                   ^^^^^^^^^^^^^^^^^^^^^^^
  File "/home/airflow/.local/lib/python3.12/site-packages/airflow/operators/python.py", line 252, in execute_callable
    return self.python_callable(*self.op_args, **self.op_kwargs)
           ^^^^^^^^^^^^^^^^^^^^^^^^^^^^^^^^^^^^^^^^^^^^^^^^^^^^^
  File "/opt/airflow/dags/elt_dag.py", line 23, in extract_data
    from src.extract import extract
ModuleNotFoundError: No module named 'src'
[2024-08-31T01:50:37.259+0000] {taskinstance.py:1206} INFO - Marking task as UP_FOR_RETRY. dag_id=olist_dag, task_id=extract_data, run_id=scheduled__2023-04-18T00:00:00+00:00, execution_date=20230418T000000, start_date=20240831T015037, end_date=20240831T015037
[2024-08-31T01:50:37.275+0000] {standard_task_runner.py:110} ERROR - Failed to execute job 49 for task extract_data (No module named 'src'; 385)
[2024-08-31T01:50:37.304+0000] {local_task_job_runner.py:243} INFO - Task exited with return code 1
[2024-08-31T01:50:37.339+0000] {taskinstance.py:3503} INFO - 0 downstream tasks scheduled from follow-on schedule check
[2024-08-31T01:50:37.342+0000] {local_task_job_runner.py:222} INFO - ::endgroup::
