[2024-08-31T01:21:07.168+0000] {local_task_job_runner.py:120} INFO - ::group::Pre task execution logs
[2024-08-31T01:21:07.250+0000] {taskinstance.py:2076} INFO - Dependencies all met for dep_context=non-requeueable deps ti=<TaskInstance: olist_dag.extract_data scheduled__2023-06-27T00:00:00+00:00 [queued]>
[2024-08-31T01:21:07.273+0000] {taskinstance.py:2076} INFO - Dependencies all met for dep_context=requeueable deps ti=<TaskInstance: olist_dag.extract_data scheduled__2023-06-27T00:00:00+00:00 [queued]>
[2024-08-31T01:21:07.276+0000] {taskinstance.py:2306} INFO - Starting attempt 1 of 2
[2024-08-31T01:21:07.509+0000] {taskinstance.py:2330} INFO - Executing <Task(PythonOperator): extract_data> on 2023-06-27 00:00:00+00:00
[2024-08-31T01:21:07.530+0000] {warnings.py:112} WARNING - /home/***/.local/lib/python3.12/site-packages/***/task/task_runner/standard_task_runner.py:62: DeprecationWarning: This process (pid=1904) is multi-threaded, use of fork() may lead to deadlocks in the child.
  pid = os.fork()

[2024-08-31T01:21:07.540+0000] {standard_task_runner.py:64} INFO - Started process 1922 to run task
[2024-08-31T01:21:07.545+0000] {standard_task_runner.py:90} INFO - Running: ['***', 'tasks', 'run', 'olist_dag', 'extract_data', 'scheduled__2023-06-27T00:00:00+00:00', '--job-id', '197', '--raw', '--subdir', 'DAGS_FOLDER/elt_dag.py', '--cfg-path', '/tmp/tmpa0d92_4q']
[2024-08-31T01:21:07.555+0000] {standard_task_runner.py:91} INFO - Job 197: Subtask extract_data
[2024-08-31T01:21:07.753+0000] {task_command.py:426} INFO - Running <TaskInstance: olist_dag.extract_data scheduled__2023-06-27T00:00:00+00:00 [running]> on host ad3e56ef573e
[2024-08-31T01:21:08.136+0000] {taskinstance.py:2648} INFO - Exporting env vars: AIRFLOW_CTX_DAG_OWNER='***' AIRFLOW_CTX_DAG_ID='olist_dag' AIRFLOW_CTX_TASK_ID='extract_data' AIRFLOW_CTX_EXECUTION_DATE='2023-06-27T00:00:00+00:00' AIRFLOW_CTX_TRY_NUMBER='1' AIRFLOW_CTX_DAG_RUN_ID='scheduled__2023-06-27T00:00:00+00:00'
[2024-08-31T01:21:08.144+0000] {taskinstance.py:430} INFO - ::endgroup::
[2024-08-31T01:21:08.156+0000] {taskinstance.py:441} INFO - ::group::Post task execution logs
[2024-08-31T01:21:08.158+0000] {taskinstance.py:2905} ERROR - Task failed with exception
Traceback (most recent call last):
  File "/home/airflow/.local/lib/python3.12/site-packages/airflow/models/taskinstance.py", line 465, in _execute_task
    result = _execute_callable(context=context, **execute_callable_kwargs)
             ^^^^^^^^^^^^^^^^^^^^^^^^^^^^^^^^^^^^^^^^^^^^^^^^^^^^^^^^^^^^^
  File "/home/airflow/.local/lib/python3.12/site-packages/airflow/models/taskinstance.py", line 432, in _execute_callable
    return execute_callable(context=context, **execute_callable_kwargs)
           ^^^^^^^^^^^^^^^^^^^^^^^^^^^^^^^^^^^^^^^^^^^^^^^^^^^^^^^^^^^^
  File "/home/airflow/.local/lib/python3.12/site-packages/airflow/models/baseoperator.py", line 401, in wrapper
    return func(self, *args, **kwargs)
           ^^^^^^^^^^^^^^^^^^^^^^^^^^^
  File "/home/airflow/.local/lib/python3.12/site-packages/airflow/operators/python.py", line 235, in execute
    return_value = self.execute_callable()
                   ^^^^^^^^^^^^^^^^^^^^^^^
  File "/home/airflow/.local/lib/python3.12/site-packages/airflow/operators/python.py", line 252, in execute_callable
    return self.python_callable(*self.op_args, **self.op_kwargs)
           ^^^^^^^^^^^^^^^^^^^^^^^^^^^^^^^^^^^^^^^^^^^^^^^^^^^^^
  File "/opt/airflow/dags/elt_dag.py", line 23, in extract_data
    from src.extract import extract
ModuleNotFoundError: No module named 'src'
[2024-08-31T01:21:08.199+0000] {taskinstance.py:1206} INFO - Marking task as UP_FOR_RETRY. dag_id=olist_dag, task_id=extract_data, run_id=scheduled__2023-06-27T00:00:00+00:00, execution_date=20230627T000000, start_date=20240831T012107, end_date=20240831T012108
[2024-08-31T01:21:08.249+0000] {standard_task_runner.py:110} ERROR - Failed to execute job 197 for task extract_data (No module named 'src'; 1922)
[2024-08-31T01:21:08.332+0000] {local_task_job_runner.py:243} INFO - Task exited with return code 1
[2024-08-31T01:21:08.371+0000] {local_task_job_runner.py:222} INFO - ::endgroup::
