[2024-08-31T00:48:30.224+0000] {manager.py:470} INFO - Processing files using up to 2 processes at a time 
[2024-08-31T00:48:30.227+0000] {manager.py:471} INFO - Process each file at most once every 30 seconds
[2024-08-31T00:48:30.229+0000] {manager.py:472} INFO - Checking for new files in /opt/airflow/dags every 300 seconds
[2024-08-31T00:48:30.230+0000] {manager.py:737} INFO - Searching for files in /opt/airflow/dags
[2024-08-31T00:48:30.325+0000] {manager.py:740} INFO - There are 1 files in /opt/airflow/dags
[2024-08-31T00:48:30.562+0000] {manager.py:878} INFO - 
================================================================================
DAG File Processing Stats

File Path                       PID  Runtime      # DAGs    # Errors  Last Runtime    Last Run
----------------------------  -----  ---------  --------  ----------  --------------  ----------
/opt/airflow/dags/elt_dag.py    119  0.14s             0           0
================================================================================
[2024-08-31T00:49:00.979+0000] {manager.py:878} INFO - 
================================================================================
DAG File Processing Stats

File Path                     PID    Runtime      # DAGs    # Errors  Last Runtime    Last Run
----------------------------  -----  ---------  --------  ----------  --------------  -------------------
/opt/airflow/dags/elt_dag.py                           1           0  1.01s           2024-08-31T00:48:31
================================================================================
[2024-08-31T00:49:31.232+0000] {manager.py:878} INFO - 
================================================================================
DAG File Processing Stats

File Path                     PID    Runtime      # DAGs    # Errors  Last Runtime    Last Run
----------------------------  -----  ---------  --------  ----------  --------------  -------------------
/opt/airflow/dags/elt_dag.py                           1           0  0.37s           2024-08-31T00:49:02
================================================================================
[2024-08-31T00:50:01.819+0000] {manager.py:878} INFO - 
================================================================================
DAG File Processing Stats

File Path                     PID    Runtime      # DAGs    # Errors  Last Runtime    Last Run
----------------------------  -----  ---------  --------  ----------  --------------  -------------------
/opt/airflow/dags/elt_dag.py                           1           0  0.25s           2024-08-31T00:49:32
================================================================================
[2024-08-31T00:50:32.305+0000] {manager.py:878} INFO - 
================================================================================
DAG File Processing Stats

File Path                     PID    Runtime      # DAGs    # Errors  Last Runtime    Last Run
----------------------------  -----  ---------  --------  ----------  --------------  -------------------
/opt/airflow/dags/elt_dag.py                           1           0  0.28s           2024-08-31T00:50:03
================================================================================
[2024-08-31T00:51:02.811+0000] {manager.py:878} INFO - 
================================================================================
DAG File Processing Stats

File Path                     PID    Runtime      # DAGs    # Errors  Last Runtime    Last Run
----------------------------  -----  ---------  --------  ----------  --------------  -------------------
/opt/airflow/dags/elt_dag.py                           1           0  0.24s           2024-08-31T00:50:33
================================================================================
[2024-08-31T00:51:33.285+0000] {manager.py:878} INFO - 
================================================================================
DAG File Processing Stats

File Path                     PID    Runtime      # DAGs    # Errors  Last Runtime    Last Run
----------------------------  -----  ---------  --------  ----------  --------------  -------------------
/opt/airflow/dags/elt_dag.py                           1           0  0.28s           2024-08-31T00:51:04
================================================================================
[2024-08-31T00:52:03.779+0000] {manager.py:878} INFO - 
================================================================================
DAG File Processing Stats

File Path                     PID    Runtime      # DAGs    # Errors  Last Runtime    Last Run
----------------------------  -----  ---------  --------  ----------  --------------  -------------------
/opt/airflow/dags/elt_dag.py                           1           0  0.24s           2024-08-31T00:51:34
================================================================================
[2024-08-31T00:52:34.262+0000] {manager.py:878} INFO - 
================================================================================
DAG File Processing Stats

File Path                     PID    Runtime      # DAGs    # Errors  Last Runtime    Last Run
----------------------------  -----  ---------  --------  ----------  --------------  -------------------
/opt/airflow/dags/elt_dag.py                           1           0  0.25s           2024-08-31T00:52:05
================================================================================
[2024-08-31T00:53:04.745+0000] {manager.py:878} INFO - 
================================================================================
DAG File Processing Stats

File Path                     PID    Runtime      # DAGs    # Errors  Last Runtime    Last Run
----------------------------  -----  ---------  --------  ----------  --------------  -------------------
/opt/airflow/dags/elt_dag.py                           1           0  0.25s           2024-08-31T00:52:35
================================================================================
[2024-08-31T00:53:30.426+0000] {manager.py:737} INFO - Searching for files in /opt/airflow/dags
[2024-08-31T00:53:30.470+0000] {manager.py:740} INFO - There are 1 files in /opt/airflow/dags
[2024-08-31T00:53:35.226+0000] {manager.py:878} INFO - 
================================================================================
DAG File Processing Stats

File Path                     PID    Runtime      # DAGs    # Errors  Last Runtime    Last Run
----------------------------  -----  ---------  --------  ----------  --------------  -------------------
/opt/airflow/dags/elt_dag.py                           1           0  0.26s           2024-08-31T00:53:06
================================================================================
[2024-08-31T00:54:05.777+0000] {manager.py:878} INFO - 
================================================================================
DAG File Processing Stats

File Path                     PID    Runtime      # DAGs    # Errors  Last Runtime    Last Run
----------------------------  -----  ---------  --------  ----------  --------------  -------------------
/opt/airflow/dags/elt_dag.py                           1           0  0.24s           2024-08-31T00:53:36
================================================================================
[2024-08-31T00:54:36.272+0000] {manager.py:878} INFO - 
================================================================================
DAG File Processing Stats

File Path                     PID    Runtime      # DAGs    # Errors  Last Runtime    Last Run
----------------------------  -----  ---------  --------  ----------  --------------  -------------------
/opt/airflow/dags/elt_dag.py                           1           0  0.27s           2024-08-31T00:54:07
================================================================================
[2024-08-31T00:55:06.776+0000] {manager.py:878} INFO - 
================================================================================
DAG File Processing Stats

File Path                     PID    Runtime      # DAGs    # Errors  Last Runtime    Last Run
----------------------------  -----  ---------  --------  ----------  --------------  -------------------
/opt/airflow/dags/elt_dag.py                           1           0  0.28s           2024-08-31T00:54:37
================================================================================
[2024-08-31T00:55:37.278+0000] {manager.py:878} INFO - 
================================================================================
DAG File Processing Stats

File Path                     PID    Runtime      # DAGs    # Errors  Last Runtime    Last Run
----------------------------  -----  ---------  --------  ----------  --------------  -------------------
/opt/airflow/dags/elt_dag.py                           1           0  0.23s           2024-08-31T00:55:08
================================================================================
[2024-08-31T00:56:07.740+0000] {manager.py:878} INFO - 
================================================================================
DAG File Processing Stats

File Path                     PID    Runtime      # DAGs    # Errors  Last Runtime    Last Run
----------------------------  -----  ---------  --------  ----------  --------------  -------------------
/opt/airflow/dags/elt_dag.py                           1           0  0.27s           2024-08-31T00:55:38
================================================================================
[2024-08-31T00:56:38.242+0000] {manager.py:878} INFO - 
================================================================================
DAG File Processing Stats

File Path                     PID    Runtime      # DAGs    # Errors  Last Runtime    Last Run
----------------------------  -----  ---------  --------  ----------  --------------  -------------------
/opt/airflow/dags/elt_dag.py                           1           0  0.23s           2024-08-31T00:56:09
================================================================================
[2024-08-31T00:57:08.676+0000] {manager.py:878} INFO - 
================================================================================
DAG File Processing Stats

File Path                     PID    Runtime      # DAGs    # Errors  Last Runtime    Last Run
----------------------------  -----  ---------  --------  ----------  --------------  -------------------
/opt/airflow/dags/elt_dag.py                           1           0  0.28s           2024-08-31T00:56:39
================================================================================
[2024-08-31T00:57:38.970+0000] {manager.py:878} INFO - 
================================================================================
DAG File Processing Stats

File Path                     PID    Runtime      # DAGs    # Errors  Last Runtime    Last Run
----------------------------  -----  ---------  --------  ----------  --------------  -------------------
/opt/airflow/dags/elt_dag.py                           1           0  0.22s           2024-08-31T00:57:09
================================================================================
[2024-08-31T00:58:09.359+0000] {manager.py:878} INFO - 
================================================================================
DAG File Processing Stats

File Path                     PID    Runtime      # DAGs    # Errors  Last Runtime    Last Run
----------------------------  -----  ---------  --------  ----------  --------------  -------------------
/opt/airflow/dags/elt_dag.py                           1           0  0.26s           2024-08-31T00:57:40
================================================================================
[2024-08-31T00:58:30.609+0000] {manager.py:737} INFO - Searching for files in /opt/airflow/dags
[2024-08-31T00:58:30.659+0000] {manager.py:740} INFO - There are 1 files in /opt/airflow/dags
[2024-08-31T00:58:39.755+0000] {manager.py:878} INFO - 
================================================================================
DAG File Processing Stats

File Path                     PID    Runtime      # DAGs    # Errors  Last Runtime    Last Run
----------------------------  -----  ---------  --------  ----------  --------------  -------------------
/opt/airflow/dags/elt_dag.py                           1           0  0.25s           2024-08-31T00:58:10
================================================================================
[2024-08-31T00:59:10.055+0000] {manager.py:878} INFO - 
================================================================================
DAG File Processing Stats

File Path                     PID    Runtime      # DAGs    # Errors  Last Runtime    Last Run
----------------------------  -----  ---------  --------  ----------  --------------  -------------------
/opt/airflow/dags/elt_dag.py                           1           0  0.32s           2024-08-31T00:58:41
================================================================================
[2024-08-31T00:59:40.582+0000] {manager.py:878} INFO - 
================================================================================
DAG File Processing Stats

File Path                     PID    Runtime      # DAGs    # Errors  Last Runtime    Last Run
----------------------------  -----  ---------  --------  ----------  --------------  -------------------
/opt/airflow/dags/elt_dag.py                           1           0  0.24s           2024-08-31T00:59:11
================================================================================
[2024-08-31T01:00:11.016+0000] {manager.py:878} INFO - 
================================================================================
DAG File Processing Stats

File Path                     PID    Runtime      # DAGs    # Errors  Last Runtime    Last Run
----------------------------  -----  ---------  --------  ----------  --------------  -------------------
/opt/airflow/dags/elt_dag.py                           1           0  0.27s           2024-08-31T00:59:41
================================================================================
[2024-08-31T01:00:41.314+0000] {manager.py:878} INFO - 
================================================================================
DAG File Processing Stats

File Path                     PID    Runtime      # DAGs    # Errors  Last Runtime    Last Run
----------------------------  -----  ---------  --------  ----------  --------------  -------------------
/opt/airflow/dags/elt_dag.py                           1           0  0.24s           2024-08-31T01:00:12
================================================================================
[2024-08-31T01:01:11.741+0000] {manager.py:878} INFO - 
================================================================================
DAG File Processing Stats

File Path                     PID    Runtime      # DAGs    # Errors  Last Runtime    Last Run
----------------------------  -----  ---------  --------  ----------  --------------  -------------------
/opt/airflow/dags/elt_dag.py                           1           0  0.25s           2024-08-31T01:00:42
================================================================================
[2024-08-31T01:01:42.024+0000] {manager.py:878} INFO - 
================================================================================
DAG File Processing Stats

File Path                     PID    Runtime      # DAGs    # Errors  Last Runtime    Last Run
----------------------------  -----  ---------  --------  ----------  --------------  -------------------
/opt/airflow/dags/elt_dag.py                           1           0  0.27s           2024-08-31T01:01:13
================================================================================
[2024-08-31T01:02:12.490+0000] {manager.py:878} INFO - 
================================================================================
DAG File Processing Stats

File Path                     PID    Runtime      # DAGs    # Errors  Last Runtime    Last Run
----------------------------  -----  ---------  --------  ----------  --------------  -------------------
/opt/airflow/dags/elt_dag.py                           1           0  0.22s           2024-08-31T01:01:43
================================================================================
[2024-08-31T01:02:42.788+0000] {manager.py:878} INFO - 
================================================================================
DAG File Processing Stats

File Path                     PID    Runtime      # DAGs    # Errors  Last Runtime    Last Run
----------------------------  -----  ---------  --------  ----------  --------------  -------------------
/opt/airflow/dags/elt_dag.py                           1           0  0.25s           2024-08-31T01:02:13
================================================================================
[2024-08-31T01:03:13.212+0000] {manager.py:878} INFO - 
================================================================================
DAG File Processing Stats

File Path                     PID    Runtime      # DAGs    # Errors  Last Runtime    Last Run
----------------------------  -----  ---------  --------  ----------  --------------  -------------------
/opt/airflow/dags/elt_dag.py                           1           0  0.26s           2024-08-31T01:02:44
================================================================================
[2024-08-31T01:03:31.394+0000] {manager.py:737} INFO - Searching for files in /opt/airflow/dags
[2024-08-31T01:03:31.441+0000] {manager.py:740} INFO - There are 1 files in /opt/airflow/dags
[2024-08-31T01:03:43.560+0000] {manager.py:878} INFO - 
================================================================================
DAG File Processing Stats

File Path                     PID    Runtime      # DAGs    # Errors  Last Runtime    Last Run
----------------------------  -----  ---------  --------  ----------  --------------  -------------------
/opt/airflow/dags/elt_dag.py                           1           0  0.24s           2024-08-31T01:03:14
================================================================================
[2024-08-31T01:04:13.911+0000] {manager.py:878} INFO - 
================================================================================
DAG File Processing Stats

File Path                     PID    Runtime      # DAGs    # Errors  Last Runtime    Last Run
----------------------------  -----  ---------  --------  ----------  --------------  -------------------
/opt/airflow/dags/elt_dag.py                           1           0  0.23s           2024-08-31T01:03:44
================================================================================
[2024-08-31T01:04:44.266+0000] {manager.py:878} INFO - 
================================================================================
DAG File Processing Stats

File Path                     PID    Runtime      # DAGs    # Errors  Last Runtime    Last Run
----------------------------  -----  ---------  --------  ----------  --------------  -------------------
/opt/airflow/dags/elt_dag.py                           1           0  0.26s           2024-08-31T01:04:15
================================================================================
[2024-08-31T01:05:14.698+0000] {manager.py:878} INFO - 
================================================================================
DAG File Processing Stats

File Path                     PID    Runtime      # DAGs    # Errors  Last Runtime    Last Run
----------------------------  -----  ---------  --------  ----------  --------------  -------------------
/opt/airflow/dags/elt_dag.py                           1           0  0.29s           2024-08-31T01:04:45
================================================================================
[2024-08-31T01:05:45.067+0000] {manager.py:878} INFO - 
================================================================================
DAG File Processing Stats

File Path                     PID    Runtime      # DAGs    # Errors  Last Runtime    Last Run
----------------------------  -----  ---------  --------  ----------  --------------  -------------------
/opt/airflow/dags/elt_dag.py                           1           0  0.26s           2024-08-31T01:05:15
================================================================================
[2024-08-31T01:06:15.399+0000] {manager.py:878} INFO - 
================================================================================
DAG File Processing Stats

File Path                     PID    Runtime      # DAGs    # Errors  Last Runtime    Last Run
----------------------------  -----  ---------  --------  ----------  --------------  -------------------
/opt/airflow/dags/elt_dag.py                           1           0  0.23s           2024-08-31T01:05:46
================================================================================
[2024-08-31T01:06:45.754+0000] {manager.py:878} INFO - 
================================================================================
DAG File Processing Stats

File Path                     PID    Runtime      # DAGs    # Errors  Last Runtime    Last Run
----------------------------  -----  ---------  --------  ----------  --------------  -------------------
/opt/airflow/dags/elt_dag.py                           1           0  0.24s           2024-08-31T01:06:16
================================================================================
[2024-08-31T01:07:16.081+0000] {manager.py:878} INFO - 
================================================================================
DAG File Processing Stats

File Path                     PID    Runtime      # DAGs    # Errors  Last Runtime    Last Run
----------------------------  -----  ---------  --------  ----------  --------------  -------------------
/opt/airflow/dags/elt_dag.py                           1           0  0.25s           2024-08-31T01:06:47
================================================================================
[2024-08-31T01:07:46.460+0000] {manager.py:878} INFO - 
================================================================================
DAG File Processing Stats

File Path                     PID    Runtime      # DAGs    # Errors  Last Runtime    Last Run
----------------------------  -----  ---------  --------  ----------  --------------  -------------------
/opt/airflow/dags/elt_dag.py                           1           0  0.25s           2024-08-31T01:07:17
================================================================================
[2024-08-31T01:08:16.791+0000] {manager.py:878} INFO - 
================================================================================
DAG File Processing Stats

File Path                     PID    Runtime      # DAGs    # Errors  Last Runtime    Last Run
----------------------------  -----  ---------  --------  ----------  --------------  -------------------
/opt/airflow/dags/elt_dag.py                           1           0  0.30s           2024-08-31T01:07:47
================================================================================
[2024-08-31T01:08:32.095+0000] {manager.py:737} INFO - Searching for files in /opt/airflow/dags
[2024-08-31T01:08:32.151+0000] {manager.py:740} INFO - There are 1 files in /opt/airflow/dags
[2024-08-31T01:08:47.289+0000] {manager.py:878} INFO - 
================================================================================
DAG File Processing Stats

File Path                     PID    Runtime      # DAGs    # Errors  Last Runtime    Last Run
----------------------------  -----  ---------  --------  ----------  --------------  -------------------
/opt/airflow/dags/elt_dag.py                           1           0  0.33s           2024-08-31T01:08:18
================================================================================
[2024-08-31T01:09:17.575+0000] {manager.py:878} INFO - 
================================================================================
DAG File Processing Stats

File Path                     PID    Runtime      # DAGs    # Errors  Last Runtime    Last Run
----------------------------  -----  ---------  --------  ----------  --------------  -------------------
/opt/airflow/dags/elt_dag.py                           1           0  0.26s           2024-08-31T01:08:48
================================================================================
[2024-08-31T01:09:48.013+0000] {manager.py:878} INFO - 
================================================================================
DAG File Processing Stats

File Path                     PID    Runtime      # DAGs    # Errors  Last Runtime    Last Run
----------------------------  -----  ---------  --------  ----------  --------------  -------------------
/opt/airflow/dags/elt_dag.py                           1           0  0.24s           2024-08-31T01:09:18
================================================================================
[2024-08-31T01:10:18.281+0000] {manager.py:878} INFO - 
================================================================================
DAG File Processing Stats

File Path                     PID    Runtime      # DAGs    # Errors  Last Runtime    Last Run
----------------------------  -----  ---------  --------  ----------  --------------  -------------------
/opt/airflow/dags/elt_dag.py                           1           0  0.30s           2024-08-31T01:09:49
================================================================================
[2024-08-31T01:10:48.839+0000] {manager.py:878} INFO - 
================================================================================
DAG File Processing Stats

File Path                     PID    Runtime      # DAGs    # Errors  Last Runtime    Last Run
----------------------------  -----  ---------  --------  ----------  --------------  -------------------
/opt/airflow/dags/elt_dag.py                           1           0  0.38s           2024-08-31T01:10:19
================================================================================
[2024-08-31T01:11:19.447+0000] {manager.py:878} INFO - 
================================================================================
DAG File Processing Stats

File Path                     PID    Runtime      # DAGs    # Errors  Last Runtime    Last Run
----------------------------  -----  ---------  --------  ----------  --------------  -------------------
/opt/airflow/dags/elt_dag.py                           1           0  0.30s           2024-08-31T01:10:50
================================================================================
[2024-08-31T01:11:50.127+0000] {manager.py:878} INFO - 
================================================================================
DAG File Processing Stats

File Path                     PID    Runtime      # DAGs    # Errors  Last Runtime    Last Run
----------------------------  -----  ---------  --------  ----------  --------------  -------------------
/opt/airflow/dags/elt_dag.py                           1           0  0.28s           2024-08-31T01:11:21
================================================================================
[2024-08-31T01:12:20.657+0000] {manager.py:878} INFO - 
================================================================================
DAG File Processing Stats

File Path                     PID    Runtime      # DAGs    # Errors  Last Runtime    Last Run
----------------------------  -----  ---------  --------  ----------  --------------  -------------------
/opt/airflow/dags/elt_dag.py                           1           0  0.30s           2024-08-31T01:11:51
================================================================================
[2024-08-31T01:12:50.925+0000] {manager.py:878} INFO - 
================================================================================
DAG File Processing Stats

File Path                     PID    Runtime      # DAGs    # Errors  Last Runtime    Last Run
----------------------------  -----  ---------  --------  ----------  --------------  -------------------
/opt/airflow/dags/elt_dag.py                           1           0  0.25s           2024-08-31T01:12:21
================================================================================
[2024-08-31T01:13:21.360+0000] {manager.py:878} INFO - 
================================================================================
DAG File Processing Stats

File Path                     PID    Runtime      # DAGs    # Errors  Last Runtime    Last Run
----------------------------  -----  ---------  --------  ----------  --------------  -------------------
/opt/airflow/dags/elt_dag.py                           1           0  0.27s           2024-08-31T01:12:52
================================================================================
[2024-08-31T01:13:32.548+0000] {manager.py:737} INFO - Searching for files in /opt/airflow/dags
[2024-08-31T01:13:32.596+0000] {manager.py:740} INFO - There are 1 files in /opt/airflow/dags
[2024-08-31T01:13:51.782+0000] {manager.py:878} INFO - 
================================================================================
DAG File Processing Stats

File Path                     PID    Runtime      # DAGs    # Errors  Last Runtime    Last Run
----------------------------  -----  ---------  --------  ----------  --------------  -------------------
/opt/airflow/dags/elt_dag.py                           1           0  0.28s           2024-08-31T01:13:22
================================================================================
[2024-08-31T01:14:22.114+0000] {manager.py:878} INFO - 
================================================================================
DAG File Processing Stats

File Path                     PID    Runtime      # DAGs    # Errors  Last Runtime    Last Run
----------------------------  -----  ---------  --------  ----------  --------------  -------------------
/opt/airflow/dags/elt_dag.py                           1           0  0.26s           2024-08-31T01:13:53
================================================================================
[2024-08-31T01:14:52.582+0000] {manager.py:878} INFO - 
================================================================================
DAG File Processing Stats

File Path                     PID    Runtime      # DAGs    # Errors  Last Runtime    Last Run
----------------------------  -----  ---------  --------  ----------  --------------  -------------------
/opt/airflow/dags/elt_dag.py                           1           0  0.24s           2024-08-31T01:14:23
================================================================================
[2024-08-31T01:15:23.169+0000] {manager.py:878} INFO - 
================================================================================
DAG File Processing Stats

File Path                     PID    Runtime      # DAGs    # Errors  Last Runtime    Last Run
----------------------------  -----  ---------  --------  ----------  --------------  -------------------
/opt/airflow/dags/elt_dag.py                           1           0  0.28s           2024-08-31T01:14:54
================================================================================
[2024-08-31T01:15:53.602+0000] {manager.py:878} INFO - 
================================================================================
DAG File Processing Stats

File Path                     PID    Runtime      # DAGs    # Errors  Last Runtime    Last Run
----------------------------  -----  ---------  --------  ----------  --------------  -------------------
/opt/airflow/dags/elt_dag.py                           1           0  0.66s           2024-08-31T01:15:24
================================================================================
[2024-08-31T01:16:23.669+0000] {manager.py:878} INFO - 
================================================================================
DAG File Processing Stats

File Path                     PID    Runtime      # DAGs    # Errors  Last Runtime    Last Run
----------------------------  -----  ---------  --------  ----------  --------------  -------------------
/opt/airflow/dags/elt_dag.py                           1           0  0.28s           2024-08-31T01:15:55
================================================================================
[2024-08-31T01:16:53.925+0000] {manager.py:878} INFO - 
================================================================================
DAG File Processing Stats

File Path                     PID    Runtime      # DAGs    # Errors  Last Runtime    Last Run
----------------------------  -----  ---------  --------  ----------  --------------  -------------------
/opt/airflow/dags/elt_dag.py                           1           0  0.25s           2024-08-31T01:16:25
================================================================================
[2024-08-31T01:17:24.434+0000] {manager.py:878} INFO - 
================================================================================
DAG File Processing Stats

File Path                     PID    Runtime      # DAGs    # Errors  Last Runtime    Last Run
----------------------------  -----  ---------  --------  ----------  --------------  -------------------
/opt/airflow/dags/elt_dag.py                           1           0  0.27s           2024-08-31T01:16:56
================================================================================
[2024-08-31T01:17:54.932+0000] {manager.py:878} INFO - 
================================================================================
DAG File Processing Stats

File Path                     PID    Runtime      # DAGs    # Errors  Last Runtime    Last Run
----------------------------  -----  ---------  --------  ----------  --------------  -------------------
/opt/airflow/dags/elt_dag.py                           1           0  0.24s           2024-08-31T01:17:26
================================================================================
[2024-08-31T01:18:25.373+0000] {manager.py:878} INFO - 
================================================================================
DAG File Processing Stats

File Path                     PID    Runtime      # DAGs    # Errors  Last Runtime    Last Run
----------------------------  -----  ---------  --------  ----------  --------------  -------------------
/opt/airflow/dags/elt_dag.py                           1           0  0.27s           2024-08-31T01:17:57
================================================================================
[2024-08-31T01:18:32.829+0000] {manager.py:737} INFO - Searching for files in /opt/airflow/dags
[2024-08-31T01:18:32.869+0000] {manager.py:740} INFO - There are 1 files in /opt/airflow/dags
[2024-08-31T01:18:55.703+0000] {manager.py:878} INFO - 
================================================================================
DAG File Processing Stats

File Path                     PID    Runtime      # DAGs    # Errors  Last Runtime    Last Run
----------------------------  -----  ---------  --------  ----------  --------------  -------------------
/opt/airflow/dags/elt_dag.py                           1           0  0.39s           2024-08-31T01:18:27
================================================================================
[2024-08-31T01:19:25.805+0000] {manager.py:878} INFO - 
================================================================================
DAG File Processing Stats

File Path                     PID    Runtime      # DAGs    # Errors  Last Runtime    Last Run
----------------------------  -----  ---------  --------  ----------  --------------  -------------------
/opt/airflow/dags/elt_dag.py                           1           0  0.52s           2024-08-31T01:18:58
================================================================================
[2024-08-31T01:19:56.101+0000] {manager.py:878} INFO - 
================================================================================
DAG File Processing Stats

File Path                     PID    Runtime      # DAGs    # Errors  Last Runtime    Last Run
----------------------------  -----  ---------  --------  ----------  --------------  -------------------
/opt/airflow/dags/elt_dag.py                           1           0  0.35s           2024-08-31T01:19:29
================================================================================
[2024-08-31T01:20:26.388+0000] {manager.py:878} INFO - 
================================================================================
DAG File Processing Stats

File Path                     PID    Runtime      # DAGs    # Errors  Last Runtime    Last Run
----------------------------  -----  ---------  --------  ----------  --------------  -------------------
/opt/airflow/dags/elt_dag.py                           1           0  0.89s           2024-08-31T01:20:00
================================================================================
[2024-08-31T01:20:56.894+0000] {manager.py:878} INFO - 
================================================================================
DAG File Processing Stats

File Path                     PID    Runtime      # DAGs    # Errors  Last Runtime    Last Run
----------------------------  -----  ---------  --------  ----------  --------------  -------------------
/opt/airflow/dags/elt_dag.py                           1           0  0.48s           2024-08-31T01:20:30
================================================================================
[2024-08-31T01:21:27.402+0000] {manager.py:878} INFO - 
================================================================================
DAG File Processing Stats

File Path                     PID    Runtime      # DAGs    # Errors  Last Runtime    Last Run
----------------------------  -----  ---------  --------  ----------  --------------  -------------------
/opt/airflow/dags/elt_dag.py                           1           0  0.38s           2024-08-31T01:21:01
================================================================================
[2024-08-31T01:21:57.837+0000] {manager.py:878} INFO - 
================================================================================
DAG File Processing Stats

File Path                     PID    Runtime      # DAGs    # Errors  Last Runtime    Last Run
----------------------------  -----  ---------  --------  ----------  --------------  -------------------
/opt/airflow/dags/elt_dag.py                           1           0  0.26s           2024-08-31T01:21:31
================================================================================
[2024-08-31T01:22:28.146+0000] {manager.py:878} INFO - 
================================================================================
DAG File Processing Stats

File Path                     PID    Runtime      # DAGs    # Errors  Last Runtime    Last Run
----------------------------  -----  ---------  --------  ----------  --------------  -------------------
/opt/airflow/dags/elt_dag.py                           1           0  0.42s           2024-08-31T01:22:02
================================================================================
[2024-08-31T01:22:58.200+0000] {manager.py:878} INFO - 
================================================================================
DAG File Processing Stats

File Path                     PID    Runtime      # DAGs    # Errors  Last Runtime    Last Run
----------------------------  -----  ---------  --------  ----------  --------------  -------------------
/opt/airflow/dags/elt_dag.py                           1           0  0.46s           2024-08-31T01:22:33
================================================================================
[2024-08-31T01:23:28.432+0000] {manager.py:878} INFO - 
================================================================================
DAG File Processing Stats

File Path                     PID    Runtime      # DAGs    # Errors  Last Runtime    Last Run
----------------------------  -----  ---------  --------  ----------  --------------  -------------------
/opt/airflow/dags/elt_dag.py                           1           0  0.42s           2024-08-31T01:23:03
================================================================================
[2024-08-31T01:23:32.868+0000] {manager.py:737} INFO - Searching for files in /opt/airflow/dags
[2024-08-31T01:23:32.925+0000] {manager.py:740} INFO - There are 1 files in /opt/airflow/dags
[2024-08-31T01:23:58.652+0000] {manager.py:878} INFO - 
================================================================================
DAG File Processing Stats

File Path                     PID    Runtime      # DAGs    # Errors  Last Runtime    Last Run
----------------------------  -----  ---------  --------  ----------  --------------  -------------------
/opt/airflow/dags/elt_dag.py                           1           0  0.47s           2024-08-31T01:23:34
================================================================================
[2024-08-31T01:24:28.909+0000] {manager.py:878} INFO - 
================================================================================
DAG File Processing Stats

File Path                     PID    Runtime      # DAGs    # Errors  Last Runtime    Last Run
----------------------------  -----  ---------  --------  ----------  --------------  -------------------
/opt/airflow/dags/elt_dag.py                           1           0  0.29s           2024-08-31T01:24:05
================================================================================
[2024-08-31T01:24:59.842+0000] {manager.py:878} INFO - 
================================================================================
DAG File Processing Stats

File Path                     PID    Runtime      # DAGs    # Errors  Last Runtime    Last Run
----------------------------  -----  ---------  --------  ----------  --------------  -------------------
/opt/airflow/dags/elt_dag.py                           1           0  8.86s           2024-08-31T01:24:44
================================================================================
[2024-08-31T01:25:30.048+0000] {manager.py:878} INFO - 
================================================================================
DAG File Processing Stats

File Path                     PID    Runtime      # DAGs    # Errors  Last Runtime    Last Run
----------------------------  -----  ---------  --------  ----------  --------------  -------------------
/opt/airflow/dags/elt_dag.py                           1           0  1.11s           2024-08-31T01:25:15
================================================================================
[2024-08-31T01:26:00.319+0000] {manager.py:878} INFO - 
================================================================================
DAG File Processing Stats

File Path                     PID    Runtime      # DAGs    # Errors  Last Runtime    Last Run
----------------------------  -----  ---------  --------  ----------  --------------  -------------------
/opt/airflow/dags/elt_dag.py                           1           0  0.30s           2024-08-31T01:25:46
================================================================================
[2024-08-31T01:26:30.585+0000] {manager.py:878} INFO - 
================================================================================
DAG File Processing Stats

File Path                     PID    Runtime      # DAGs    # Errors  Last Runtime    Last Run
----------------------------  -----  ---------  --------  ----------  --------------  -------------------
/opt/airflow/dags/elt_dag.py                           1           0  0.78s           2024-08-31T01:26:17
================================================================================
[2024-08-31T01:27:01.052+0000] {manager.py:878} INFO - 
================================================================================
DAG File Processing Stats

File Path                     PID    Runtime      # DAGs    # Errors  Last Runtime    Last Run
----------------------------  -----  ---------  --------  ----------  --------------  -------------------
/opt/airflow/dags/elt_dag.py                           1           0  0.29s           2024-08-31T01:26:48
================================================================================
[2024-08-31T01:27:31.616+0000] {manager.py:878} INFO - 
================================================================================
DAG File Processing Stats

File Path                     PID    Runtime      # DAGs    # Errors  Last Runtime    Last Run
----------------------------  -----  ---------  --------  ----------  --------------  -------------------
/opt/airflow/dags/elt_dag.py                           1           0  0.37s           2024-08-31T01:27:18
================================================================================
[2024-08-31T01:28:01.947+0000] {manager.py:878} INFO - 
================================================================================
DAG File Processing Stats

File Path                     PID    Runtime      # DAGs    # Errors  Last Runtime    Last Run
----------------------------  -----  ---------  --------  ----------  --------------  -------------------
/opt/airflow/dags/elt_dag.py                           1           0  0.27s           2024-08-31T01:27:49
================================================================================
[2024-08-31T01:28:32.401+0000] {manager.py:878} INFO - 
================================================================================
DAG File Processing Stats

File Path                     PID    Runtime      # DAGs    # Errors  Last Runtime    Last Run
----------------------------  -----  ---------  --------  ----------  --------------  -------------------
/opt/airflow/dags/elt_dag.py                           1           0  0.26s           2024-08-31T01:28:19
================================================================================
[2024-08-31T01:28:33.408+0000] {manager.py:737} INFO - Searching for files in /opt/airflow/dags
[2024-08-31T01:28:33.445+0000] {manager.py:740} INFO - There are 1 files in /opt/airflow/dags
[2024-08-31T01:29:02.731+0000] {manager.py:878} INFO - 
================================================================================
DAG File Processing Stats

File Path                     PID    Runtime      # DAGs    # Errors  Last Runtime    Last Run
----------------------------  -----  ---------  --------  ----------  --------------  -------------------
/opt/airflow/dags/elt_dag.py                           1           0  0.35s           2024-08-31T01:28:49
================================================================================
[2024-08-31T01:29:33.337+0000] {manager.py:878} INFO - 
================================================================================
DAG File Processing Stats

File Path                     PID    Runtime      # DAGs    # Errors  Last Runtime    Last Run
----------------------------  -----  ---------  --------  ----------  --------------  -------------------
/opt/airflow/dags/elt_dag.py                           1           0  0.28s           2024-08-31T01:29:20
================================================================================
[2024-08-31T01:30:03.899+0000] {manager.py:878} INFO - 
================================================================================
DAG File Processing Stats

File Path                     PID    Runtime      # DAGs    # Errors  Last Runtime    Last Run
----------------------------  -----  ---------  --------  ----------  --------------  -------------------
/opt/airflow/dags/elt_dag.py                           1           0  0.37s           2024-08-31T01:29:51
================================================================================
[2024-08-31T01:30:34.497+0000] {manager.py:878} INFO - 
================================================================================
DAG File Processing Stats

File Path                     PID    Runtime      # DAGs    # Errors  Last Runtime    Last Run
----------------------------  -----  ---------  --------  ----------  --------------  -------------------
/opt/airflow/dags/elt_dag.py                           1           0  0.28s           2024-08-31T01:30:21
================================================================================
[2024-08-31T01:31:05.009+0000] {manager.py:878} INFO - 
================================================================================
DAG File Processing Stats

File Path                     PID    Runtime      # DAGs    # Errors  Last Runtime    Last Run
----------------------------  -----  ---------  --------  ----------  --------------  -------------------
/opt/airflow/dags/elt_dag.py                           1           0  0.31s           2024-08-31T01:30:52
================================================================================
[2024-08-31T01:31:17.527+0000] {manager.py:452} INFO - Exiting gracefully upon receiving signal 15
[2024-08-31T01:44:43.732+0000] {manager.py:470} INFO - Processing files using up to 2 processes at a time 
[2024-08-31T01:44:43.734+0000] {manager.py:471} INFO - Process each file at most once every 30 seconds
[2024-08-31T01:44:43.737+0000] {manager.py:472} INFO - Checking for new files in /opt/airflow/dags every 300 seconds
[2024-08-31T01:44:43.739+0000] {manager.py:737} INFO - Searching for files in /opt/airflow/dags
[2024-08-31T01:44:43.800+0000] {manager.py:740} INFO - There are 1 files in /opt/airflow/dags
[2024-08-31T01:44:43.896+0000] {manager.py:878} INFO - 
================================================================================
DAG File Processing Stats

File Path                       PID  Runtime      # DAGs    # Errors  Last Runtime    Last Run
----------------------------  -----  ---------  --------  ----------  --------------  ----------
/opt/airflow/dags/elt_dag.py    107  0.06s             0           0
================================================================================
[2024-08-31T01:45:14.006+0000] {manager.py:878} INFO - 
================================================================================
DAG File Processing Stats

File Path                     PID    Runtime      # DAGs    # Errors  Last Runtime    Last Run
----------------------------  -----  ---------  --------  ----------  --------------  -------------------
/opt/airflow/dags/elt_dag.py                           1           0  0.40s           2024-08-31T01:44:44
================================================================================
[2024-08-31T01:45:44.151+0000] {manager.py:878} INFO - 
================================================================================
DAG File Processing Stats

File Path                     PID    Runtime      # DAGs    # Errors  Last Runtime    Last Run
----------------------------  -----  ---------  --------  ----------  --------------  -------------------
/opt/airflow/dags/elt_dag.py                           1           0  0.41s           2024-08-31T01:45:15
================================================================================
[2024-08-31T01:45:48.254+0000] {manager.py:452} INFO - Exiting gracefully upon receiving signal 15
[2024-08-31T01:46:45.819+0000] {manager.py:470} INFO - Processing files using up to 2 processes at a time 
[2024-08-31T01:46:45.821+0000] {manager.py:471} INFO - Process each file at most once every 30 seconds
[2024-08-31T01:46:45.821+0000] {manager.py:472} INFO - Checking for new files in /opt/airflow/dags every 300 seconds
[2024-08-31T01:46:45.822+0000] {manager.py:737} INFO - Searching for files in /opt/airflow/dags
[2024-08-31T01:46:45.837+0000] {manager.py:740} INFO - There are 1 files in /opt/airflow/dags
[2024-08-31T01:46:45.960+0000] {manager.py:878} INFO - 
================================================================================
DAG File Processing Stats

File Path                       PID  Runtime      # DAGs    # Errors  Last Runtime    Last Run
----------------------------  -----  ---------  --------  ----------  --------------  ----------
/opt/airflow/dags/elt_dag.py    101  0.06s             0           0
================================================================================
[2024-08-31T01:47:16.092+0000] {manager.py:878} INFO - 
================================================================================
DAG File Processing Stats

File Path                     PID    Runtime      # DAGs    # Errors  Last Runtime    Last Run
----------------------------  -----  ---------  --------  ----------  --------------  -------------------
/opt/airflow/dags/elt_dag.py                           1           0  0.28s           2024-08-31T01:46:46
================================================================================
[2024-08-31T01:47:46.434+0000] {manager.py:878} INFO - 
================================================================================
DAG File Processing Stats

File Path                       PID  Runtime      # DAGs    # Errors  Last Runtime    Last Run
----------------------------  -----  ---------  --------  ----------  --------------  -------------------
/opt/airflow/dags/elt_dag.py    115  0.00s             1           0  0.11s           2024-08-31T01:47:16
================================================================================
[2024-08-31T01:48:16.657+0000] {manager.py:878} INFO - 
================================================================================
DAG File Processing Stats

File Path                       PID  Runtime      # DAGs    # Errors  Last Runtime    Last Run
----------------------------  -----  ---------  --------  ----------  --------------  -------------------
/opt/airflow/dags/elt_dag.py    122  0.00s             1           0  0.10s           2024-08-31T01:47:46
================================================================================
[2024-08-31T01:48:46.807+0000] {manager.py:878} INFO - 
================================================================================
DAG File Processing Stats

File Path                       PID  Runtime      # DAGs    # Errors  Last Runtime    Last Run
----------------------------  -----  ---------  --------  ----------  --------------  -------------------
/opt/airflow/dags/elt_dag.py    129  0.00s             1           0  0.11s           2024-08-31T01:48:16
================================================================================
[2024-08-31T01:49:17.016+0000] {manager.py:878} INFO - 
================================================================================
DAG File Processing Stats

File Path                       PID  Runtime      # DAGs    # Errors  Last Runtime    Last Run
----------------------------  -----  ---------  --------  ----------  --------------  -------------------
/opt/airflow/dags/elt_dag.py    136  0.00s             1           0  0.09s           2024-08-31T01:48:46
================================================================================
[2024-08-31T01:49:47.174+0000] {manager.py:878} INFO - 
================================================================================
DAG File Processing Stats

File Path                       PID  Runtime      # DAGs    # Errors  Last Runtime    Last Run
----------------------------  -----  ---------  --------  ----------  --------------  -------------------
/opt/airflow/dags/elt_dag.py    143  0.00s             1           0  0.10s           2024-08-31T01:49:17
================================================================================
[2024-08-31T01:50:17.404+0000] {manager.py:878} INFO - 
================================================================================
DAG File Processing Stats

File Path                       PID  Runtime      # DAGs    # Errors  Last Runtime    Last Run
----------------------------  -----  ---------  --------  ----------  --------------  -------------------
/opt/airflow/dags/elt_dag.py    170  0.00s             1           0  0.11s           2024-08-31T01:49:47
================================================================================
[2024-08-31T01:50:47.570+0000] {manager.py:878} INFO - 
================================================================================
DAG File Processing Stats

File Path                       PID  Runtime      # DAGs    # Errors  Last Runtime    Last Run
----------------------------  -----  ---------  --------  ----------  --------------  -------------------
/opt/airflow/dags/elt_dag.py    177  0.00s             1           0  0.11s           2024-08-31T01:50:17
================================================================================
[2024-08-31T01:51:17.768+0000] {manager.py:878} INFO - 
================================================================================
DAG File Processing Stats

File Path                       PID  Runtime      # DAGs    # Errors  Last Runtime    Last Run
----------------------------  -----  ---------  --------  ----------  --------------  -------------------
/opt/airflow/dags/elt_dag.py    184  0.00s             1           0  0.11s           2024-08-31T01:50:47
================================================================================
[2024-08-31T01:51:45.908+0000] {manager.py:737} INFO - Searching for files in /opt/airflow/dags
[2024-08-31T01:51:45.925+0000] {manager.py:740} INFO - There are 1 files in /opt/airflow/dags
[2024-08-31T01:51:47.964+0000] {manager.py:878} INFO - 
================================================================================
DAG File Processing Stats

File Path                       PID  Runtime      # DAGs    # Errors  Last Runtime    Last Run
----------------------------  -----  ---------  --------  ----------  --------------  -------------------
/opt/airflow/dags/elt_dag.py    191  0.00s             1           0  0.10s           2024-08-31T01:51:17
================================================================================
[2024-08-31T01:52:18.120+0000] {manager.py:878} INFO - 
================================================================================
DAG File Processing Stats

File Path                       PID  Runtime      # DAGs    # Errors  Last Runtime    Last Run
----------------------------  -----  ---------  --------  ----------  --------------  -------------------
/opt/airflow/dags/elt_dag.py    198  0.01s             1           0  0.11s           2024-08-31T01:51:48
================================================================================
[2024-08-31T01:52:48.323+0000] {manager.py:878} INFO - 
================================================================================
DAG File Processing Stats

File Path                       PID  Runtime      # DAGs    # Errors  Last Runtime    Last Run
----------------------------  -----  ---------  --------  ----------  --------------  -------------------
/opt/airflow/dags/elt_dag.py    205  0.00s             1           0  0.11s           2024-08-31T01:52:18
================================================================================
[2024-08-31T01:53:18.479+0000] {manager.py:878} INFO - 
================================================================================
DAG File Processing Stats

File Path                       PID  Runtime      # DAGs    # Errors  Last Runtime    Last Run
----------------------------  -----  ---------  --------  ----------  --------------  -------------------
/opt/airflow/dags/elt_dag.py    212  0.01s             1           0  0.11s           2024-08-31T01:52:48
================================================================================
[2024-08-31T01:53:48.691+0000] {manager.py:878} INFO - 
================================================================================
DAG File Processing Stats

File Path                       PID  Runtime      # DAGs    # Errors  Last Runtime    Last Run
----------------------------  -----  ---------  --------  ----------  --------------  -------------------
/opt/airflow/dags/elt_dag.py    219  0.00s             1           0  0.11s           2024-08-31T01:53:18
================================================================================
[2024-08-31T01:54:18.840+0000] {manager.py:878} INFO - 
================================================================================
DAG File Processing Stats

File Path                       PID  Runtime      # DAGs    # Errors  Last Runtime    Last Run
----------------------------  -----  ---------  --------  ----------  --------------  -------------------
/opt/airflow/dags/elt_dag.py    226  0.01s             1           0  0.11s           2024-08-31T01:53:48
================================================================================
[2024-08-31T01:54:49.142+0000] {manager.py:878} INFO - 
================================================================================
DAG File Processing Stats

File Path                       PID  Runtime      # DAGs    # Errors  Last Runtime    Last Run
----------------------------  -----  ---------  --------  ----------  --------------  -------------------
/opt/airflow/dags/elt_dag.py    233  0.01s             1           0  0.12s           2024-08-31T01:54:18
================================================================================
[2024-08-31T01:55:19.279+0000] {manager.py:878} INFO - 
================================================================================
DAG File Processing Stats

File Path                     PID    Runtime      # DAGs    # Errors  Last Runtime    Last Run
----------------------------  -----  ---------  --------  ----------  --------------  -------------------
/opt/airflow/dags/elt_dag.py                           1           0  0.92s           2024-08-31T01:54:50
================================================================================
[2024-08-31T01:55:49.615+0000] {manager.py:878} INFO - 
================================================================================
DAG File Processing Stats

File Path                     PID    Runtime      # DAGs    # Errors  Last Runtime    Last Run
----------------------------  -----  ---------  --------  ----------  --------------  -------------------
/opt/airflow/dags/elt_dag.py                           1           0  0.60s           2024-08-31T01:55:20
================================================================================
[2024-08-31T01:56:19.832+0000] {manager.py:878} INFO - 
================================================================================
DAG File Processing Stats

File Path                     PID    Runtime      # DAGs    # Errors  Last Runtime    Last Run
----------------------------  -----  ---------  --------  ----------  --------------  -------------------
/opt/airflow/dags/elt_dag.py                           1           0  0.44s           2024-08-31T01:55:51
================================================================================
[2024-08-31T01:56:42.320+0000] {manager.py:452} INFO - Exiting gracefully upon receiving signal 15
