[2024-08-31T01:15:40.748+0000] {local_task_job_runner.py:120} INFO - ::group::Pre task execution logs
[2024-08-31T01:15:40.818+0000] {taskinstance.py:2076} INFO - Dependencies all met for dep_context=non-requeueable deps ti=<TaskInstance: olist_dag.extract_data scheduled__2023-06-16T00:00:00+00:00 [queued]>
[2024-08-31T01:15:40.857+0000] {taskinstance.py:2076} INFO - Dependencies all met for dep_context=requeueable deps ti=<TaskInstance: olist_dag.extract_data scheduled__2023-06-16T00:00:00+00:00 [queued]>
[2024-08-31T01:15:40.861+0000] {taskinstance.py:2306} INFO - Starting attempt 1 of 2
[2024-08-31T01:15:41.219+0000] {taskinstance.py:2330} INFO - Executing <Task(PythonOperator): extract_data> on 2023-06-16 00:00:00+00:00
[2024-08-31T01:15:41.237+0000] {warnings.py:112} WARNING - /home/***/.local/lib/python3.12/site-packages/***/task/task_runner/standard_task_runner.py:62: DeprecationWarning: This process (pid=1617) is multi-threaded, use of fork() may lead to deadlocks in the child.
  pid = os.fork()

[2024-08-31T01:15:41.241+0000] {standard_task_runner.py:64} INFO - Started process 1649 to run task
[2024-08-31T01:15:41.239+0000] {standard_task_runner.py:90} INFO - Running: ['***', 'tasks', 'run', 'olist_dag', 'extract_data', 'scheduled__2023-06-16T00:00:00+00:00', '--job-id', '170', '--raw', '--subdir', 'DAGS_FOLDER/elt_dag.py', '--cfg-path', '/tmp/tmpvn5me5ya']
[2024-08-31T01:15:41.247+0000] {standard_task_runner.py:91} INFO - Job 170: Subtask extract_data
[2024-08-31T01:15:41.371+0000] {task_command.py:426} INFO - Running <TaskInstance: olist_dag.extract_data scheduled__2023-06-16T00:00:00+00:00 [running]> on host ad3e56ef573e
[2024-08-31T01:15:41.614+0000] {taskinstance.py:2648} INFO - Exporting env vars: AIRFLOW_CTX_DAG_OWNER='***' AIRFLOW_CTX_DAG_ID='olist_dag' AIRFLOW_CTX_TASK_ID='extract_data' AIRFLOW_CTX_EXECUTION_DATE='2023-06-16T00:00:00+00:00' AIRFLOW_CTX_TRY_NUMBER='1' AIRFLOW_CTX_DAG_RUN_ID='scheduled__2023-06-16T00:00:00+00:00'
[2024-08-31T01:15:41.619+0000] {taskinstance.py:430} INFO - ::endgroup::
[2024-08-31T01:15:41.625+0000] {taskinstance.py:441} INFO - ::group::Post task execution logs
[2024-08-31T01:15:41.627+0000] {taskinstance.py:2905} ERROR - Task failed with exception
Traceback (most recent call last):
  File "/home/airflow/.local/lib/python3.12/site-packages/airflow/models/taskinstance.py", line 465, in _execute_task
    result = _execute_callable(context=context, **execute_callable_kwargs)
             ^^^^^^^^^^^^^^^^^^^^^^^^^^^^^^^^^^^^^^^^^^^^^^^^^^^^^^^^^^^^^
  File "/home/airflow/.local/lib/python3.12/site-packages/airflow/models/taskinstance.py", line 432, in _execute_callable
    return execute_callable(context=context, **execute_callable_kwargs)
           ^^^^^^^^^^^^^^^^^^^^^^^^^^^^^^^^^^^^^^^^^^^^^^^^^^^^^^^^^^^^
  File "/home/airflow/.local/lib/python3.12/site-packages/airflow/models/baseoperator.py", line 401, in wrapper
    return func(self, *args, **kwargs)
           ^^^^^^^^^^^^^^^^^^^^^^^^^^^
  File "/home/airflow/.local/lib/python3.12/site-packages/airflow/operators/python.py", line 235, in execute
    return_value = self.execute_callable()
                   ^^^^^^^^^^^^^^^^^^^^^^^
  File "/home/airflow/.local/lib/python3.12/site-packages/airflow/operators/python.py", line 252, in execute_callable
    return self.python_callable(*self.op_args, **self.op_kwargs)
           ^^^^^^^^^^^^^^^^^^^^^^^^^^^^^^^^^^^^^^^^^^^^^^^^^^^^^
  File "/opt/airflow/dags/elt_dag.py", line 23, in extract_data
    from src.extract import extract
ModuleNotFoundError: No module named 'src'
[2024-08-31T01:15:41.660+0000] {taskinstance.py:1206} INFO - Marking task as UP_FOR_RETRY. dag_id=olist_dag, task_id=extract_data, run_id=scheduled__2023-06-16T00:00:00+00:00, execution_date=20230616T000000, start_date=20240831T011540, end_date=20240831T011541
[2024-08-31T01:15:41.689+0000] {standard_task_runner.py:110} ERROR - Failed to execute job 170 for task extract_data (No module named 'src'; 1649)
[2024-08-31T01:15:41.743+0000] {local_task_job_runner.py:243} INFO - Task exited with return code 1
[2024-08-31T01:15:41.768+0000] {local_task_job_runner.py:222} INFO - ::endgroup::
